INFO: [HLS 200-10] Running '/home/gabriel/Vivado/2017.3/bin/unwrapped/lnx64.o/vivado_hls'
INFO: [HLS 200-10] For user 'gabriel' on host 'gabriel-GP62-6QF' (Linux_x86_64 version 4.15.0-32-generic) on Sat Dec 01 20:58:04 EST 2018
INFO: [HLS 200-10] On os Ubuntu 18.04.1 LTS
INFO: [HLS 200-10] In directory '/home/gabriel/Documents/INF3610/HDMI_3610/3610_4/1490679_1771119'
INFO: [HLS 200-10] Opening project '/home/gabriel/Documents/INF3610/HDMI_3610/3610_4/1490679_1771119/sobellab4'.
INFO: [HLS 200-10] Adding design file 'sobellab4/Sobel.cpp' to the project
INFO: [HLS 200-10] Adding design file 'sobellab4/Sobel.h' to the project
INFO: [HLS 200-10] Adding test bench file 'sobellab4/sobel_test.cpp' to the project
INFO: [HLS 200-10] Adding test bench file 'sobellab4/ap_bmp.cpp' to the project
INFO: [HLS 200-10] Opening solution '/home/gabriel/Documents/INF3610/HDMI_3610/3610_4/1490679_1771119/sobellab4/solution1'.
INFO: [SYN 201-201] Setting up clock 'default' with a period of 10ns.
INFO: [HLS 200-10] Setting target device to 'xc7z020clg484-1'
INFO: [HLS 200-10] Analyzing design file 'sobellab4/Sobel.cpp' ... 
INFO: [HLS 200-10] Validating synthesis directives ...
INFO: [HLS 200-111] Finished Checking Pragmas Time (s): cpu = 00:00:06 ; elapsed = 00:00:05 . Memory (MB): peak = 361.707 ; gain = 13.375 ; free physical = 8592 ; free virtual = 28600
INFO: [HLS 200-111] Finished Linking Time (s): cpu = 00:00:07 ; elapsed = 00:00:07 . Memory (MB): peak = 361.707 ; gain = 13.375 ; free physical = 8592 ; free virtual = 28600
INFO: [HLS 200-10] Starting code transformations ...
INFO: [XFORM 203-603] Inlining function 'sobel_operator' into 'sobel_filter' (sobellab4/Sobel.cpp:219).
INFO: [XFORM 203-603] Inlining function 'sobel_operator' into 'sobel_filter' (sobellab4/Sobel.cpp:192).
INFO: [HLS 200-111] Finished Standard Transforms Time (s): cpu = 00:00:08 ; elapsed = 00:00:08 . Memory (MB): peak = 361.707 ; gain = 13.375 ; free physical = 8590 ; free virtual = 28597
INFO: [HLS 200-10] Checking synthesizability ...
WARNING: [SYNCHK 200-23] sobellab4/Sobel.cpp:194: variable-indexed range selection may cause suboptimal QoR.
INFO: [SYNCHK 200-10] 0 error(s), 1 warning(s).
INFO: [HLS 200-111] Finished Checking Synthesizability Time (s): cpu = 00:00:08 ; elapsed = 00:00:08 . Memory (MB): peak = 361.707 ; gain = 13.375 ; free physical = 8589 ; free virtual = 28597
INFO: [XFORM 203-502] Unrolling all sub-loops inside loop 'OperatorRows' (sobellab4/Sobel.cpp:172) in function 'sobel_filter' for pipelining.
WARNING: [XFORM 203-505] Ignored pipeline directive for loop 'Loop-1.1.2' (sobellab4/Sobel.cpp:79) because its parent loop or function is pipelined.
INFO: [XFORM 203-502] Unrolling all sub-loops inside loop 'lastPixels' (sobellab4/Sobel.cpp:203) in function 'sobel_filter' for pipelining.
WARNING: [XFORM 203-505] Ignored pipeline directive for loop 'Loop-2.1.2' (sobellab4/Sobel.cpp:79) because its parent loop or function is pipelined.
INFO: [XFORM 203-501] Unrolling loop 'Loop-1.1.1' (sobellab4/Sobel.cpp:66) in function 'sobel_filter' completely.
INFO: [XFORM 203-501] Unrolling loop 'Loop-1.1.1.1' (sobellab4/Sobel.cpp:68) in function 'sobel_filter' completely.
INFO: [XFORM 203-501] Unrolling loop 'Loop-1.1.2' (sobellab4/Sobel.cpp:79) in function 'sobel_filter' completely.
INFO: [XFORM 203-501] Unrolling loop 'Loop-1.1.3' (sobellab4/Sobel.cpp:194) in function 'sobel_filter' completely.
INFO: [XFORM 203-501] Unrolling loop 'Loop-2.1.1' (sobellab4/Sobel.cpp:66) in function 'sobel_filter' completely.
INFO: [XFORM 203-501] Unrolling loop 'Loop-2.1.1.1' (sobellab4/Sobel.cpp:68) in function 'sobel_filter' completely.
INFO: [XFORM 203-501] Unrolling loop 'Loop-2.1.2' (sobellab4/Sobel.cpp:79) in function 'sobel_filter' completely.
INFO: [XFORM 203-501] Unrolling loop 'Loop-2.1.3' (sobellab4/Sobel.cpp:221) in function 'sobel_filter' completely.
INFO: [XFORM 203-101] Partitioning array 'surroundingPix' (sobellab4/Sobel.cpp:109) in dimension 1 completely.
INFO: [XFORM 203-101] Partitioning array 'x_weightA' (sobellab4/Sobel.cpp:46) in dimension 1 completely.
INFO: [XFORM 203-101] Partitioning array 'y_weightA' (sobellab4/Sobel.cpp:48) in dimension 1 completely.
INFO: [XFORM 203-101] Partitioning array 'x_op'  in dimension 1 completely.
INFO: [XFORM 203-101] Partitioning array 'y_op'  in dimension 1 completely.
INFO: [XFORM 203-101] Partitioning array 'x_weightA.1' (sobellab4/Sobel.cpp:46) in dimension 1 completely.
INFO: [XFORM 203-101] Partitioning array 'y_weightA.1' (sobellab4/Sobel.cpp:48) in dimension 1 completely.
INFO: [XFORM 203-101] Partitioning array 'x_op.0'  in dimension 1 completely.
INFO: [XFORM 203-101] Partitioning array 'x_op.1'  in dimension 1 completely.
INFO: [XFORM 203-101] Partitioning array 'x_op.2'  in dimension 1 completely.
INFO: [XFORM 203-101] Partitioning array 'y_op.0'  in dimension 1 completely.
INFO: [XFORM 203-101] Partitioning array 'y_op.1'  in dimension 1 completely.
INFO: [XFORM 203-101] Partitioning array 'y_op.2'  in dimension 1 completely.
INFO: [HLS 200-111] Finished Pre-synthesis Time (s): cpu = 00:00:09 ; elapsed = 00:00:08 . Memory (MB): peak = 489.703 ; gain = 141.371 ; free physical = 8569 ; free virtual = 28577
INFO: [XFORM 203-541] Flattening a loop nest 'lastLines' (sobellab4/Sobel.cpp:202:51) in function 'sobel_filter'.
INFO: [XFORM 203-811] Inferring bus burst write of length 1920 on port 'gmem1' (sobellab4/Sobel.cpp:196:5).
INFO: [XFORM 203-811] Inferring bus burst write of length 1920 on port 'gmem1' (sobellab4/Sobel.cpp:223:4).
INFO: [HLS 200-111] Finished Architecture Synthesis Time (s): cpu = 00:00:09 ; elapsed = 00:00:09 . Memory (MB): peak = 489.703 ; gain = 141.371 ; free physical = 8570 ; free virtual = 28578
INFO: [HLS 200-10] Starting hardware synthesis ...
INFO: [HLS 200-10] Synthesizing 'sobel_filter' ...
INFO: [HLS 200-10] ----------------------------------------------------------------
INFO: [HLS 200-42] -- Implementing module 'sobel_filter' 
INFO: [HLS 200-10] ----------------------------------------------------------------
INFO: [SCHED 204-11] Starting scheduling ...
INFO: [SCHED 204-61] Pipelining loop 'OperatorRows'.
INFO: [SCHED 204-61] Pipelining result : Target II = 2, Final II = 2, Depth = 2.
INFO: [SCHED 204-61] Pipelining loop 'lastLines_lastPixels'.
INFO: [SCHED 204-61] Pipelining result : Target II = 1, Final II = 1, Depth = 24.
INFO: [SCHED 204-11] Finished scheduling.
INFO: [HLS 200-111]  Elapsed time: 8.88 seconds; current allocated memory: 71.439 MB.
INFO: [BIND 205-100] Starting micro-architecture generation ...
INFO: [BIND 205-101] Performing variable lifetime analysis.
INFO: [BIND 205-101] Exploring resource sharing.
INFO: [BIND 205-101] Binding ...
INFO: [BIND 205-100] Finished micro-architecture generation.
INFO: [HLS 200-111]  Elapsed time: 0.1 seconds; current allocated memory: 71.952 MB.
INFO: [HLS 200-10] ----------------------------------------------------------------
INFO: [HLS 200-10] -- Generating RTL for module 'sobel_filter' 
INFO: [HLS 200-10] ----------------------------------------------------------------
INFO: [RTGEN 206-500] Setting interface mode on port 'sobel_filter/gmem0' to 'm_axi'.
INFO: [RTGEN 206-500] Setting interface mode on port 'sobel_filter/gmem1' to 'm_axi'.
INFO: [RTGEN 206-500] Setting interface mode on port 'sobel_filter/inter_pix' to 's_axilite & ap_none'.
INFO: [RTGEN 206-500] Setting interface mode on port 'sobel_filter/out_pix' to 's_axilite & ap_none'.
INFO: [RTGEN 206-500] Setting interface mode on function 'sobel_filter' to 's_axilite & ap_ctrl_hs'.
INFO: [RTGEN 206-100] Bundling port 'return', 'inter_pix' and 'out_pix' to AXI-Lite port AXILiteS.
INFO: [SYN 201-210] Renamed object name 'sobel_filter_urem_13ns_12ns_13_17_1' to 'sobel_filter_urembkb' due to the length limit 20
WARNING: [RTGEN 206-101] Port 'sobel_filter/m_axi_gmem0_AWVALID' has no fanin or fanout and is left dangling.
               Please use C simulation to confirm this function argument can be read from or written to.
WARNING: [RTGEN 206-101] Setting dangling out port 'sobel_filter/m_axi_gmem0_AWVALID' to 0.
WARNING: [RTGEN 206-101] Port 'sobel_filter/m_axi_gmem0_AWREADY' has no fanin or fanout and is left dangling.
               Please use C simulation to confirm this function argument can be read from or written to.
WARNING: [RTGEN 206-101] Port 'sobel_filter/m_axi_gmem0_AWADDR' has no fanin or fanout and is left dangling.
               Please use C simulation to confirm this function argument can be read from or written to.
WARNING: [RTGEN 206-101] Setting dangling out port 'sobel_filter/m_axi_gmem0_AWADDR' to 0.
WARNING: [RTGEN 206-101] Port 'sobel_filter/m_axi_gmem0_AWID' has no fanin or fanout and is left dangling.
               Please use C simulation to confirm this function argument can be read from or written to.
WARNING: [RTGEN 206-101] Setting dangling out port 'sobel_filter/m_axi_gmem0_AWID' to 0.
WARNING: [RTGEN 206-101] Port 'sobel_filter/m_axi_gmem0_AWLEN' has no fanin or fanout and is left dangling.
               Please use C simulation to confirm this function argument can be read from or written to.
WARNING: [RTGEN 206-101] Setting dangling out port 'sobel_filter/m_axi_gmem0_AWLEN' to 0.
WARNING: [RTGEN 206-101] Port 'sobel_filter/m_axi_gmem0_AWSIZE' has no fanin or fanout and is left dangling.
               Please use C simulation to confirm this function argument can be read from or written to.
WARNING: [RTGEN 206-101] Setting dangling out port 'sobel_filter/m_axi_gmem0_AWSIZE' to 0.
WARNING: [RTGEN 206-101] Port 'sobel_filter/m_axi_gmem0_AWBURST' has no fanin or fanout and is left dangling.
               Please use C simulation to confirm this function argument can be read from or written to.
WARNING: [RTGEN 206-101] Setting dangling out port 'sobel_filter/m_axi_gmem0_AWBURST' to 0.
WARNING: [RTGEN 206-101] Port 'sobel_filter/m_axi_gmem0_AWLOCK' has no fanin or fanout and is left dangling.
               Please use C simulation to confirm this function argument can be read from or written to.
WARNING: [RTGEN 206-101] Setting dangling out port 'sobel_filter/m_axi_gmem0_AWLOCK' to 0.
WARNING: [RTGEN 206-101] Port 'sobel_filter/m_axi_gmem0_AWCACHE' has no fanin or fanout and is left dangling.
               Please use C simulation to confirm this function argument can be read from or written to.
WARNING: [RTGEN 206-101] Setting dangling out port 'sobel_filter/m_axi_gmem0_AWCACHE' to 0.
WARNING: [RTGEN 206-101] Port 'sobel_filter/m_axi_gmem0_AWPROT' has no fanin or fanout and is left dangling.
               Please use C simulation to confirm this function argument can be read from or written to.
WARNING: [RTGEN 206-101] Setting dangling out port 'sobel_filter/m_axi_gmem0_AWPROT' to 0.
WARNING: [RTGEN 206-101] Port 'sobel_filter/m_axi_gmem0_AWQOS' has no fanin or fanout and is left dangling.
               Please use C simulation to confirm this function argument can be read from or written to.
WARNING: [RTGEN 206-101] Setting dangling out port 'sobel_filter/m_axi_gmem0_AWQOS' to 0.
WARNING: [RTGEN 206-101] Port 'sobel_filter/m_axi_gmem0_AWREGION' has no fanin or fanout and is left dangling.
               Please use C simulation to confirm this function argument can be read from or written to.
WARNING: [RTGEN 206-101] Setting dangling out port 'sobel_filter/m_axi_gmem0_AWREGION' to 0.
WARNING: [RTGEN 206-101] Port 'sobel_filter/m_axi_gmem0_AWUSER' has no fanin or fanout and is left dangling.
               Please use C simulation to confirm this function argument can be read from or written to.
WARNING: [RTGEN 206-101] Setting dangling out port 'sobel_filter/m_axi_gmem0_AWUSER' to 0.
WARNING: [RTGEN 206-101] Port 'sobel_filter/m_axi_gmem0_WVALID' has no fanin or fanout and is left dangling.
               Please use C simulation to confirm this function argument can be read from or written to.
WARNING: [RTGEN 206-101] Setting dangling out port 'sobel_filter/m_axi_gmem0_WVALID' to 0.
WARNING: [RTGEN 206-101] Port 'sobel_filter/m_axi_gmem0_WREADY' has no fanin or fanout and is left dangling.
               Please use C simulation to confirm this function argument can be read from or written to.
WARNING: [RTGEN 206-101] Port 'sobel_filter/m_axi_gmem0_WDATA' has no fanin or fanout and is left dangling.
               Please use C simulation to confirm this function argument can be read from or written to.
WARNING: [RTGEN 206-101] Setting dangling out port 'sobel_filter/m_axi_gmem0_WDATA' to 0.
WARNING: [RTGEN 206-101] Port 'sobel_filter/m_axi_gmem0_WSTRB' has no fanin or fanout and is left dangling.
               Please use C simulation to confirm this function argument can be read from or written to.
WARNING: [RTGEN 206-101] Setting dangling out port 'sobel_filter/m_axi_gmem0_WSTRB' to 0.
WARNING: [RTGEN 206-101] Port 'sobel_filter/m_axi_gmem0_WLAST' has no fanin or fanout and is left dangling.
               Please use C simulation to confirm this function argument can be read from or written to.
WARNING: [RTGEN 206-101] Setting dangling out port 'sobel_filter/m_axi_gmem0_WLAST' to 0.
WARNING: [RTGEN 206-101] Port 'sobel_filter/m_axi_gmem0_WID' has no fanin or fanout and is left dangling.
               Please use C simulation to confirm this function argument can be read from or written to.
WARNING: [RTGEN 206-101] Setting dangling out port 'sobel_filter/m_axi_gmem0_WID' to 0.
WARNING: [RTGEN 206-101] Port 'sobel_filter/m_axi_gmem0_WUSER' has no fanin or fanout and is left dangling.
               Please use C simulation to confirm this function argument can be read from or written to.
WARNING: [RTGEN 206-101] Setting dangling out port 'sobel_filter/m_axi_gmem0_WUSER' to 0.
WARNING: [RTGEN 206-101] Port 'sobel_filter/m_axi_gmem0_ARVALID' has no fanin or fanout and is left dangling.
               Please use C simulation to confirm this function argument can be read from or written to.
WARNING: [RTGEN 206-101] Setting dangling out port 'sobel_filter/m_axi_gmem0_ARVALID' to 0.
WARNING: [RTGEN 206-101] Port 'sobel_filter/m_axi_gmem0_ARREADY' has no fanin or fanout and is left dangling.
               Please use C simulation to confirm this function argument can be read from or written to.
WARNING: [RTGEN 206-101] Port 'sobel_filter/m_axi_gmem0_ARADDR' has no fanin or fanout and is left dangling.
               Please use C simulation to confirm this function argument can be read from or written to.
WARNING: [RTGEN 206-101] Setting dangling out port 'sobel_filter/m_axi_gmem0_ARADDR' to 0.
WARNING: [RTGEN 206-101] Port 'sobel_filter/m_axi_gmem0_ARID' has no fanin or fanout and is left dangling.
               Please use C simulation to confirm this function argument can be read from or written to.
WARNING: [RTGEN 206-101] Setting dangling out port 'sobel_filter/m_axi_gmem0_ARID' to 0.
WARNING: [RTGEN 206-101] Port 'sobel_filter/m_axi_gmem0_ARLEN' has no fanin or fanout and is left dangling.
               Please use C simulation to confirm this function argument can be read from or written to.
WARNING: [RTGEN 206-101] Setting dangling out port 'sobel_filter/m_axi_gmem0_ARLEN' to 0.
WARNING: [RTGEN 206-101] Port 'sobel_filter/m_axi_gmem0_ARSIZE' has no fanin or fanout and is left dangling.
               Please use C simulation to confirm this function argument can be read from or written to.
WARNING: [RTGEN 206-101] Setting dangling out port 'sobel_filter/m_axi_gmem0_ARSIZE' to 0.
WARNING: [RTGEN 206-101] Port 'sobel_filter/m_axi_gmem0_ARBURST' has no fanin or fanout and is left dangling.
               Please use C simulation to confirm this function argument can be read from or written to.
WARNING: [RTGEN 206-101] Setting dangling out port 'sobel_filter/m_axi_gmem0_ARBURST' to 0.
WARNING: [RTGEN 206-101] Port 'sobel_filter/m_axi_gmem0_ARLOCK' has no fanin or fanout and is left dangling.
               Please use C simulation to confirm this function argument can be read from or written to.
WARNING: [RTGEN 206-101] Setting dangling out port 'sobel_filter/m_axi_gmem0_ARLOCK' to 0.
WARNING: [RTGEN 206-101] Port 'sobel_filter/m_axi_gmem0_ARCACHE' has no fanin or fanout and is left dangling.
               Please use C simulation to confirm this function argument can be read from or written to.
WARNING: [RTGEN 206-101] Setting dangling out port 'sobel_filter/m_axi_gmem0_ARCACHE' to 0.
WARNING: [RTGEN 206-101] Port 'sobel_filter/m_axi_gmem0_ARPROT' has no fanin or fanout and is left dangling.
               Please use C simulation to confirm this function argument can be read from or written to.
WARNING: [RTGEN 206-101] Setting dangling out port 'sobel_filter/m_axi_gmem0_ARPROT' to 0.
WARNING: [RTGEN 206-101] Port 'sobel_filter/m_axi_gmem0_ARQOS' has no fanin or fanout and is left dangling.
               Please use C simulation to confirm this function argument can be read from or written to.
WARNING: [RTGEN 206-101] Setting dangling out port 'sobel_filter/m_axi_gmem0_ARQOS' to 0.
WARNING: [RTGEN 206-101] Port 'sobel_filter/m_axi_gmem0_ARREGION' has no fanin or fanout and is left dangling.
               Please use C simulation to confirm this function argument can be read from or written to.
WARNING: [RTGEN 206-101] Setting dangling out port 'sobel_filter/m_axi_gmem0_ARREGION' to 0.
WARNING: [RTGEN 206-101] Port 'sobel_filter/m_axi_gmem0_ARUSER' has no fanin or fanout and is left dangling.
               Please use C simulation to confirm this function argument can be read from or written to.
WARNING: [RTGEN 206-101] Setting dangling out port 'sobel_filter/m_axi_gmem0_ARUSER' to 0.
WARNING: [RTGEN 206-101] Port 'sobel_filter/m_axi_gmem0_RVALID' has no fanin or fanout and is left dangling.
               Please use C simulation to confirm this function argument can be read from or written to.
WARNING: [RTGEN 206-101] Port 'sobel_filter/m_axi_gmem0_RREADY' has no fanin or fanout and is left dangling.
               Please use C simulation to confirm this function argument can be read from or written to.
WARNING: [RTGEN 206-101] Setting dangling out port 'sobel_filter/m_axi_gmem0_RREADY' to 0.
WARNING: [RTGEN 206-101] Port 'sobel_filter/m_axi_gmem0_RDATA' has no fanin or fanout and is left dangling.
               Please use C simulation to confirm this function argument can be read from or written to.
WARNING: [RTGEN 206-101] Port 'sobel_filter/m_axi_gmem0_RLAST' has no fanin or fanout and is left dangling.
               Please use C simulation to confirm this function argument can be read from or written to.
WARNING: [RTGEN 206-101] Port 'sobel_filter/m_axi_gmem0_RID' has no fanin or fanout and is left dangling.
               Please use C simulation to confirm this function argument can be read from or written to.
WARNING: [RTGEN 206-101] Port 'sobel_filter/m_axi_gmem0_RUSER' has no fanin or fanout and is left dangling.
               Please use C simulation to confirm this function argument can be read from or written to.
WARNING: [RTGEN 206-101] Port 'sobel_filter/m_axi_gmem0_RRESP' has no fanin or fanout and is left dangling.
               Please use C simulation to confirm this function argument can be read from or written to.
WARNING: [RTGEN 206-101] Port 'sobel_filter/m_axi_gmem0_BVALID' has no fanin or fanout and is left dangling.
               Please use C simulation to confirm this function argument can be read from or written to.
WARNING: [RTGEN 206-101] Port 'sobel_filter/m_axi_gmem0_BREADY' has no fanin or fanout and is left dangling.
               Please use C simulation to confirm this function argument can be read from or written to.
WARNING: [RTGEN 206-101] Setting dangling out port 'sobel_filter/m_axi_gmem0_BREADY' to 0.
WARNING: [RTGEN 206-101] Port 'sobel_filter/m_axi_gmem0_BRESP' has no fanin or fanout and is left dangling.
               Please use C simulation to confirm this function argument can be read from or written to.
WARNING: [RTGEN 206-101] Port 'sobel_filter/m_axi_gmem0_BID' has no fanin or fanout and is left dangling.
               Please use C simulation to confirm this function argument can be read from or written to.
WARNING: [RTGEN 206-101] Port 'sobel_filter/m_axi_gmem0_BUSER' has no fanin or fanout and is left dangling.
               Please use C simulation to confirm this function argument can be read from or written to.
INFO: [RTGEN 206-100] Generating core module 'sobel_filter_urembkb': 2 instance(s).
INFO: [RTGEN 206-100] Finished creating RTL model for 'sobel_filter'.
INFO: [HLS 200-111]  Elapsed time: 0.19 seconds; current allocated memory: 73.456 MB.
INFO: [RTMG 210-282] Generating pipelined core: 'sobel_filter_urembkb_div'
INFO: [HLS 200-111] Finished generating all RTL models Time (s): cpu = 00:00:10 ; elapsed = 00:00:10 . Memory (MB): peak = 489.703 ; gain = 141.371 ; free physical = 8559 ; free virtual = 28570
INFO: [SYSC 207-301] Generating SystemC RTL for sobel_filter.
INFO: [VHDL 208-304] Generating VHDL RTL for sobel_filter.
INFO: [VLOG 209-307] Generating Verilog RTL for sobel_filter.
INFO: [HLS 200-112] Total elapsed time: 9.68 seconds; peak allocated memory: 73.456 MB.
