12:25:34 INFO  : Registering command handlers for SDK TCF services
12:25:35 INFO  : Launching XSCT server: xsct.bat -interactive X:\Bureau\HDMI_3610\3610_4\1490679_1771119\lab4_vivado\lab4_vivado.sdk\temp_xsdb_launch_script.tcl
12:25:38 INFO  : XSCT server has started successfully.
12:25:39 INFO  : Processing command line option -hwspec X:/Bureau/HDMI_3610/3610_4/1490679_1771119/lab4_vivado/lab4_vivado.sdk/design_1_wrapper.hdf.
12:25:39 INFO  : Successfully done setting XSCT server connection channel  
12:25:39 INFO  : Successfully done setting SDK workspace  
12:36:59 INFO  : Connected to target on host '127.0.0.1' and port '3121'.
12:36:59 INFO  : 'targets -set -filter {jtag_cable_name =~ "Digilent Zed 210248685292" && level==0} -index 1' command is executed.
12:37:02 INFO  : FPGA configured successfully with bitstream "X:/Bureau/HDMI_3610/3610_4/1490679_1771119/lab4_vivado/lab4_vivado.sdk/design_1_wrapper_hw_platform_3/design_1_wrapper.bit"
12:37:22 INFO  : Connected to target on host '127.0.0.1' and port '3121'.
12:37:22 INFO  : 'targets -set -filter {jtag_cable_name =~ "Digilent Zed 210248685292" && level==0} -index 1' command is executed.
12:37:25 INFO  : FPGA configured successfully with bitstream "X:/Bureau/HDMI_3610/3610_4/1490679_1771119/lab4_vivado/lab4_vivado.sdk/design_1_wrapper_hw_platform_3/design_1_wrapper.bit"
12:38:19 INFO  : Registering command handlers for SDK TCF services
12:38:20 INFO  : Launching XSCT server: xsct.bat -interactive X:\Bureau\HDMI_3610\3610_4\1490679_1771119\lab4_vivado\lab4_vivado.sdk\temp_xsdb_launch_script.tcl
12:38:23 INFO  : XSCT server has started successfully.
12:38:24 INFO  : Successfully done setting XSCT server connection channel  
12:38:24 INFO  : Processing command line option -hwspec X:/Bureau/HDMI_3610/3610_4/1490679_1771119/lab4_vivado/lab4_vivado.sdk/design_1_wrapper.hdf.
12:38:28 INFO  : Successfully done setting SDK workspace  
12:38:29 INFO  : Checking for hwspec changes in the project design_1_wrapper_hw_platform_3.
12:38:32 INFO  : Connected to target on host '127.0.0.1' and port '3121'.
12:38:32 INFO  : 'targets -set -filter {jtag_cable_name =~ "Digilent Zed 210248685292" && level==0} -index 1' command is executed.
12:38:36 INFO  : FPGA configured successfully with bitstream "X:/Bureau/HDMI_3610/3610_4/1490679_1771119/lab4_vivado/lab4_vivado.sdk/design_1_wrapper_hw_platform_3/design_1_wrapper.bit"
12:39:22 INFO  : Connected to target on host '127.0.0.1' and port '3121'.
12:39:22 INFO  : 'targets -set -filter {jtag_cable_name =~ "Digilent Zed 210248685292" && level==0} -index 1' command is executed.
12:39:24 INFO  : FPGA configured successfully with bitstream "X:/Bureau/HDMI_3610/3610_4/1490679_1771119/lab4_vivado/lab4_vivado.sdk/design_1_wrapper_hw_platform_3/design_1_wrapper.bit"
12:41:58 INFO  : Registering command handlers for SDK TCF services
12:41:59 INFO  : Launching XSCT server: xsct.bat -interactive X:\Bureau\HDMI_3610\3610_4\1490679_1771119\lab4_vivado\lab4_vivado.sdk\temp_xsdb_launch_script.tcl
12:42:02 INFO  : XSCT server has started successfully.
12:42:03 INFO  : Successfully done setting XSCT server connection channel  
12:42:03 INFO  : Processing command line option -hwspec X:/Bureau/HDMI_3610/3610_4/1490679_1771119/lab4_vivado/lab4_vivado.sdk/design_1_wrapper.hdf.
12:42:03 INFO  : Successfully done setting SDK workspace  
12:47:10 INFO  : Connected to target on host '127.0.0.1' and port '3121'.
12:47:10 INFO  : 'targets -set -filter {jtag_cable_name =~ "Digilent Zed 210248685292" && level==0} -index 1' command is executed.
12:47:13 INFO  : FPGA configured successfully with bitstream "X:/Bureau/HDMI_3610/3610_4/1490679_1771119/lab4_vivado/lab4_vivado.sdk/design_1_wrapper_hw_platform_0/design_1_wrapper.bit"
12:47:20 INFO  : Connected to target on host '127.0.0.1' and port '3121'.
12:47:21 INFO  : 'targets -set -filter {jtag_cable_name =~ "Digilent Zed 210248685292" && level==0} -index 1' command is executed.
12:47:24 INFO  : FPGA configured successfully with bitstream "X:/Bureau/HDMI_3610/3610_4/1490679_1771119/lab4_vivado/lab4_vivado.sdk/design_1_wrapper_hw_platform_0/design_1_wrapper.bit"
12:47:31 INFO  : 'targets -set -filter {jtag_cable_name =~ "Digilent Zed 210248685292" && level==0} -index 1' command is executed.
12:47:31 INFO  : 'fpga -state' command is executed.
12:47:31 INFO  : Connected to target on host '127.0.0.1' and port '3121'.
12:47:31 INFO  : Jtag cable 'Digilent Zed 210248685292' is selected.
12:47:31 INFO  : 'jtag frequency' command is executed.
12:47:31 INFO  : Sourcing of 'X:/Bureau/HDMI_3610/3610_4/1490679_1771119/lab4_vivado/lab4_vivado.sdk/design_1_wrapper_hw_platform_0/ps7_init.tcl' is done.
12:47:31 INFO  : Context for 'APU' is selected.
12:47:31 INFO  : Hardware design information is loaded from 'X:/Bureau/HDMI_3610/3610_4/1490679_1771119/lab4_vivado/lab4_vivado.sdk/design_1_wrapper_hw_platform_0/system.hdf'.
12:47:31 INFO  : 'configparams force-mem-access 1' command is executed.
12:47:31 INFO  : Context for 'APU' is selected.
12:47:32 INFO  : 'stop' command is executed.
12:47:32 INFO  : 'ps7_init' command is executed.
12:47:32 INFO  : 'ps7_post_config' command is executed.
12:47:32 INFO  : Context for processor 'ps7_cortexa9_0' is selected.
12:47:32 INFO  : Processor reset is completed for 'ps7_cortexa9_0'.
12:47:32 INFO  : Context for processor 'ps7_cortexa9_0' is selected.
12:47:33 INFO  : The application 'X:/Bureau/HDMI_3610/3610_4/1490679_1771119/lab4_vivado/lab4_vivado.sdk/lab4/Debug/lab4.elf' is downloaded to processor 'ps7_cortexa9_0'.
12:47:33 INFO  : 'configparams force-mem-access 0' command is executed.
12:47:33 INFO  : ----------------XSDB Script----------------
connect -url tcp:127.0.0.1:3121
source X:/Bureau/HDMI_3610/3610_4/1490679_1771119/lab4_vivado/lab4_vivado.sdk/design_1_wrapper_hw_platform_0/ps7_init.tcl
targets -set -nocase -filter {name =~"APU*" && jtag_cable_name =~ "Digilent Zed 210248685292"} -index 0
loadhw -hw X:/Bureau/HDMI_3610/3610_4/1490679_1771119/lab4_vivado/lab4_vivado.sdk/design_1_wrapper_hw_platform_0/system.hdf -mem-ranges [list {0x40000000 0xbfffffff}]
configparams force-mem-access 1
targets -set -nocase -filter {name =~"APU*" && jtag_cable_name =~ "Digilent Zed 210248685292"} -index 0
stop
ps7_init
ps7_post_config
targets -set -nocase -filter {name =~ "ARM*#0" && jtag_cable_name =~ "Digilent Zed 210248685292"} -index 0
rst -processor
targets -set -nocase -filter {name =~ "ARM*#0" && jtag_cable_name =~ "Digilent Zed 210248685292"} -index 0
dow X:/Bureau/HDMI_3610/3610_4/1490679_1771119/lab4_vivado/lab4_vivado.sdk/lab4/Debug/lab4.elf
configparams force-mem-access 0
----------------End of Script----------------

12:47:33 INFO  : Context for processor 'ps7_cortexa9_0' is selected.
12:47:33 INFO  : 'con' command is executed.
12:47:33 INFO  : ----------------XSDB Script (After Launch)----------------
targets -set -nocase -filter {name =~ "ARM*#0" && jtag_cable_name =~ "Digilent Zed 210248685292"} -index 0
con
----------------End of Script----------------

12:47:33 INFO  : Disconnected from the channel tcfchan#1.
12:48:14 INFO  : 'targets -set -filter {jtag_cable_name =~ "Digilent Zed 210248685292" && level==0} -index 1' command is executed.
12:48:14 INFO  : 'fpga -state' command is executed.
12:48:14 INFO  : Connected to target on host '127.0.0.1' and port '3121'.
12:48:14 INFO  : Jtag cable 'Digilent Zed 210248685292' is selected.
12:48:14 INFO  : 'jtag frequency' command is executed.
12:48:15 INFO  : Sourcing of 'X:/Bureau/HDMI_3610/3610_4/1490679_1771119/lab4_vivado/lab4_vivado.sdk/design_1_wrapper_hw_platform_0/ps7_init.tcl' is done.
12:48:15 INFO  : Context for 'APU' is selected.
12:48:23 INFO  : Hardware design information is loaded from 'X:/Bureau/HDMI_3610/3610_4/1490679_1771119/lab4_vivado/lab4_vivado.sdk/design_1_wrapper_hw_platform_0/system.hdf'.
12:48:23 INFO  : 'configparams force-mem-access 1' command is executed.
12:48:23 INFO  : Context for 'APU' is selected.
12:48:23 INFO  : 'stop' command is executed.
12:48:23 INFO  : 'ps7_init' command is executed.
12:48:24 INFO  : 'ps7_post_config' command is executed.
12:48:24 INFO  : Context for processor 'ps7_cortexa9_0' is selected.
12:48:24 INFO  : Processor reset is completed for 'ps7_cortexa9_0'.
12:48:24 INFO  : Context for processor 'ps7_cortexa9_0' is selected.
12:48:24 INFO  : The application 'X:/Bureau/HDMI_3610/3610_4/1490679_1771119/lab4_vivado/lab4_vivado.sdk/lab4/Debug/lab4.elf' is downloaded to processor 'ps7_cortexa9_0'.
12:48:24 INFO  : 'configparams force-mem-access 0' command is executed.
12:48:24 INFO  : ----------------XSDB Script----------------
connect -url tcp:127.0.0.1:3121
source X:/Bureau/HDMI_3610/3610_4/1490679_1771119/lab4_vivado/lab4_vivado.sdk/design_1_wrapper_hw_platform_0/ps7_init.tcl
targets -set -nocase -filter {name =~"APU*" && jtag_cable_name =~ "Digilent Zed 210248685292"} -index 0
loadhw -hw X:/Bureau/HDMI_3610/3610_4/1490679_1771119/lab4_vivado/lab4_vivado.sdk/design_1_wrapper_hw_platform_0/system.hdf -mem-ranges [list {0x40000000 0xbfffffff}]
configparams force-mem-access 1
targets -set -nocase -filter {name =~"APU*" && jtag_cable_name =~ "Digilent Zed 210248685292"} -index 0
stop
ps7_init
ps7_post_config
targets -set -nocase -filter {name =~ "ARM*#0" && jtag_cable_name =~ "Digilent Zed 210248685292"} -index 0
rst -processor
targets -set -nocase -filter {name =~ "ARM*#0" && jtag_cable_name =~ "Digilent Zed 210248685292"} -index 0
dow X:/Bureau/HDMI_3610/3610_4/1490679_1771119/lab4_vivado/lab4_vivado.sdk/lab4/Debug/lab4.elf
configparams force-mem-access 0
----------------End of Script----------------

12:48:24 INFO  : Context for processor 'ps7_cortexa9_0' is selected.
12:48:24 INFO  : 'con' command is executed.
12:48:24 INFO  : ----------------XSDB Script (After Launch)----------------
targets -set -nocase -filter {name =~ "ARM*#0" && jtag_cable_name =~ "Digilent Zed 210248685292"} -index 0
con
----------------End of Script----------------

12:48:25 INFO  : Disconnected from the channel tcfchan#2.
