#-----------------------------------------------------------
# Webtalk v2018.1 (64-bit)
# SW Build 2188600 on Wed Apr  4 18:40:38 MDT 2018
# 
# Start of session at: Fri Nov 30 12:48:47 2018
# Process ID: 24512
# Current directory: X:/Bureau/HDMI_3610/3610_4/1490679_1771119/lab4_vivado/lab4_vivado.sdk/webtalk
# Command line: wbtcv.exe -mode batch -source sdk_webtalk.tcl
# Log file: X:/Bureau/HDMI_3610/3610_4/1490679_1771119/lab4_vivado/lab4_vivado.sdk/webtalk/webtalk.log
# Journal file: X:/Bureau/HDMI_3610/3610_4/1490679_1771119/lab4_vivado/lab4_vivado.sdk/webtalk\webtalk.jou
#-----------------------------------------------------------
source sdk_webtalk.tcl
# webtalk_init -webtalk_dir X:\\Bureau\\HDMI_3610\\3610_4\\1490679_1771119\\lab4_vivado\\lab4_vivado.sdk\\webtalk
# webtalk_register_client -client project
# webtalk_add_data -client project -key date_generated -value "2018-11-30 12:48:46" -context "software_version_and_target_device"
# webtalk_add_data -client project -key product_version -value "SDK v2018.1" -context "software_version_and_target_device"
# webtalk_add_data -client project -key build_version -value "2018.1" -context "software_version_and_target_device"
# webtalk_add_data -client project -key os_platform -value "amd64" -context "software_version_and_target_device"
# webtalk_add_data -client project -key registration_id -value "174126023_174126024_207295007_909" -context "software_version_and_target_device"
# webtalk_add_data -client project -key tool_flow -value "SDK" -context "software_version_and_target_device"
# webtalk_add_data -client project -key beta -value "false" -context "software_version_and_target_device"
# webtalk_add_data -client project -key route_design -value "NA" -context "software_version_and_target_device"
# webtalk_add_data -client project -key target_family -value "NA" -context "software_version_and_target_device"
# webtalk_add_data -client project -key target_device -value "NA" -context "software_version_and_target_device"
# webtalk_add_data -client project -key target_package -value "NA" -context "software_version_and_target_device"
# webtalk_add_data -client project -key target_speed -value "NA" -context "software_version_and_target_device"
# webtalk_add_data -client project -key random_id -value "ccd73avbjqg2hdq8p7059k408n" -context "software_version_and_target_device"
# webtalk_add_data -client project -key project_id -value "2018.1_11" -context "software_version_and_target_device"
# webtalk_add_data -client project -key project_iteration -value "11" -context "software_version_and_target_device"
# webtalk_add_data -client project -key os_name -value "Microsoft Windows 8 or later , 64-bit" -context "user_environment"
# webtalk_add_data -client project -key os_release -value "major release  (build 9200)" -context "user_environment"
# webtalk_add_data -client project -key cpu_name -value "Intel(R) Core(TM) i7 CPU         870  @ 2.93GHz" -context "user_environment"
# webtalk_add_data -client project -key cpu_speed -value "2926 MHz" -context "user_environment"
# webtalk_add_data -client project -key total_processors -value "1" -context "user_environment"
# webtalk_add_data -client project -key system_ram -value "17.110 GB" -context "user_environment"
# webtalk_register_client -client sdk
# webtalk_add_data -client sdk -key uid -value "1543599700373" -context "sdk\\\\hardware/1543599700373"
# webtalk_add_data -client sdk -key isZynq -value "true" -context "sdk\\\\hardware/1543599700373"
# webtalk_add_data -client sdk -key isZynqMP -value "false" -context "sdk\\\\hardware/1543599700373"
# webtalk_add_data -client sdk -key Processors -value "2" -context "sdk\\\\hardware/1543599700373"
# webtalk_add_data -client sdk -key VivadoVersion -value "2018.1" -context "sdk\\\\hardware/1543599700373"
# webtalk_add_data -client sdk -key Arch -value "zynq" -context "sdk\\\\hardware/1543599700373"
# webtalk_add_data -client sdk -key Device -value "7z020" -context "sdk\\\\hardware/1543599700373"
# webtalk_add_data -client sdk -key IsHandoff -value "true" -context "sdk\\\\hardware/1543599700373"
# webtalk_add_data -client sdk -key os -value "NA" -context "sdk\\\\hardware/1543599700373"
# webtalk_add_data -client sdk -key apptemplate -value "NA" -context "sdk\\\\hardware/1543599700373"
# webtalk_add_data -client sdk -key RecordType -value "HWCreation" -context "sdk\\\\hardware/1543599700373"
# webtalk_add_data -client sdk -key uid -value "1543599738840" -context "sdk\\\\bsp/1543599738840"
# webtalk_add_data -client sdk -key hwid -value "1543599700373" -context "sdk\\\\bsp/1543599738840"
# webtalk_add_data -client sdk -key os -value "standalone" -context "sdk\\\\bsp/1543599738840"
# webtalk_add_data -client sdk -key apptemplate -value "null" -context "sdk\\\\bsp/1543599738840"
# webtalk_add_data -client sdk -key RecordType -value "BSPCreation" -context "sdk\\\\bsp/1543599738840"
# webtalk_add_data -client sdk -key uid -value "1543599931319" -context "sdk\\\\application/1543599931319"
# webtalk_add_data -client sdk -key hwid -value "1543599700373" -context "sdk\\\\application/1543599931319"
# webtalk_add_data -client sdk -key bspid -value "1543599738840" -context "sdk\\\\application/1543599931319"
# webtalk_add_data -client sdk -key newbsp -value "false" -context "sdk\\\\application/1543599931319"
# webtalk_add_data -client sdk -key os -value "standalone" -context "sdk\\\\application/1543599931319"
# webtalk_add_data -client sdk -key apptemplate -value "hello_world" -context "sdk\\\\application/1543599931319"
# webtalk_add_data -client sdk -key RecordType -value "APPCreation" -context "sdk\\\\application/1543599931319"
# webtalk_add_data -client sdk -key LangUsed -value "C" -context "sdk\\\\application/1543599931319"
# webtalk_add_data -client sdk -key Procused -value "ps7_cortexa9" -context "sdk\\\\application/1543599931319"
# webtalk_add_data -client sdk -key projSize -value "1017.9296875" -context "sdk\\\\application/1543599931319"
# webtalk_add_data -client sdk -key uid -value "NA" -context "sdk\\\\bsp/1543600126004"
# webtalk_add_data -client sdk -key RecordType -value "ToolUsage" -context "sdk\\\\bsp/1543600126004"
# webtalk_add_data -client sdk -key BootgenCount -value "0" -context "sdk\\\\bsp/1543600126004"
# webtalk_add_data -client sdk -key DebugCount -value "0" -context "sdk\\\\bsp/1543600126004"
# webtalk_add_data -client sdk -key PerfCount -value "0" -context "sdk\\\\bsp/1543600126004"
# webtalk_add_data -client sdk -key FlashCount -value "0" -context "sdk\\\\bsp/1543600126004"
# webtalk_add_data -client sdk -key CrossTriggCount -value "0" -context "sdk\\\\bsp/1543600126004"
# webtalk_add_data -client sdk -key QemuDebugCount -value "0" -context "sdk\\\\bsp/1543600126004"
# webtalk_transmit -clientid 2187550337 -regid "174126023_174126024_207295007_909" -xml X:\\Bureau\\HDMI_3610\\3610_4\\1490679_1771119\\lab4_vivado\\lab4_vivado.sdk\\webtalk\\usage_statistics_ext_sdk.xml -html X:\\Bureau\\HDMI_3610\\3610_4\\1490679_1771119\\lab4_vivado\\lab4_vivado.sdk\\webtalk\\usage_statistics_ext_sdk.html -wdm X:\\Bureau\\HDMI_3610\\3610_4\\1490679_1771119\\lab4_vivado\\lab4_vivado.sdk\\webtalk\\sdk_webtalk.wdm -intro "<H3>SDK Usage Report</H3><BR>"
# webtalk_terminate
INFO: [Common 17-206] Exiting Webtalk at Fri Nov 30 12:48:54 2018...
