#-----------------------------------------------------------
# Webtalk v2018.1 (64-bit)
# SW Build 2188600 on Wed Apr  4 18:40:38 MDT 2018
# 
# Start of session at: Sun Dec  2 15:15:13 2018
# Process ID: 101808
# Current directory: C:/TEMP/HDMI_3610/3610_4/1490679_1771119/lab4_vivado/lab4_vivado.sdk/webtalk
# Command line: wbtcv.exe -mode batch -source sdk_webtalk.tcl
# Log file: C:/TEMP/HDMI_3610/3610_4/1490679_1771119/lab4_vivado/lab4_vivado.sdk/webtalk/webtalk.log
# Journal file: C:/TEMP/HDMI_3610/3610_4/1490679_1771119/lab4_vivado/lab4_vivado.sdk/webtalk\webtalk.jou
#-----------------------------------------------------------
source sdk_webtalk.tcl
# webtalk_init -webtalk_dir C:\\TEMP\\HDMI_3610\\3610_4\\1490679_1771119\\lab4_vivado\\lab4_vivado.sdk\\webtalk
# webtalk_register_client -client project
# webtalk_add_data -client project -key date_generated -value "2018-12-02 15:15:11" -context "software_version_and_target_device"
# webtalk_add_data -client project -key product_version -value "SDK v2018.1" -context "software_version_and_target_device"
# webtalk_add_data -client project -key build_version -value "2018.1" -context "software_version_and_target_device"
# webtalk_add_data -client project -key os_platform -value "amd64" -context "software_version_and_target_device"
# webtalk_add_data -client project -key registration_id -value "174126023_174126024_207295007_909" -context "software_version_and_target_device"
# webtalk_add_data -client project -key tool_flow -value "SDK" -context "software_version_and_target_device"
# webtalk_add_data -client project -key beta -value "false" -context "software_version_and_target_device"
# webtalk_add_data -client project -key route_design -value "NA" -context "software_version_and_target_device"
# webtalk_add_data -client project -key target_family -value "NA" -context "software_version_and_target_device"
# webtalk_add_data -client project -key target_device -value "NA" -context "software_version_and_target_device"
# webtalk_add_data -client project -key target_package -value "NA" -context "software_version_and_target_device"
# webtalk_add_data -client project -key target_speed -value "NA" -context "software_version_and_target_device"
# webtalk_add_data -client project -key random_id -value "tbum9h14bebqppmshiagfmulae" -context "software_version_and_target_device"
# webtalk_add_data -client project -key project_id -value "2018.1_12" -context "software_version_and_target_device"
# webtalk_add_data -client project -key project_iteration -value "12" -context "software_version_and_target_device"
# webtalk_add_data -client project -key os_name -value "Microsoft Windows 8 or later , 64-bit" -context "user_environment"
# webtalk_add_data -client project -key os_release -value "major release  (build 9200)" -context "user_environment"
# webtalk_add_data -client project -key cpu_name -value "Intel(R) Core(TM) i7 CPU         870  @ 2.93GHz" -context "user_environment"
# webtalk_add_data -client project -key cpu_speed -value "2926 MHz" -context "user_environment"
# webtalk_add_data -client project -key total_processors -value "1" -context "user_environment"
# webtalk_add_data -client project -key system_ram -value "17.110 GB" -context "user_environment"
# webtalk_register_client -client sdk
# webtalk_add_data -client sdk -key uid -value "1543781191253" -context "sdk\\\\bsp/1543781191253"
# webtalk_add_data -client sdk -key hwid -value "1543780424752" -context "sdk\\\\bsp/1543781191253"
# webtalk_add_data -client sdk -key os -value "standalone" -context "sdk\\\\bsp/1543781191253"
# webtalk_add_data -client sdk -key apptemplate -value "null" -context "sdk\\\\bsp/1543781191253"
# webtalk_add_data -client sdk -key RecordType -value "BSPCreation" -context "sdk\\\\bsp/1543781191253"
# webtalk_add_data -client sdk -key uid -value "1543781392665" -context "sdk\\\\application/1543781392665"
# webtalk_add_data -client sdk -key hwid -value "1543780424752" -context "sdk\\\\application/1543781392665"
# webtalk_add_data -client sdk -key bspid -value "1543781191253" -context "sdk\\\\application/1543781392665"
# webtalk_add_data -client sdk -key newbsp -value "false" -context "sdk\\\\application/1543781392665"
# webtalk_add_data -client sdk -key os -value "standalone" -context "sdk\\\\application/1543781392665"
# webtalk_add_data -client sdk -key apptemplate -value "hello_world" -context "sdk\\\\application/1543781392665"
# webtalk_add_data -client sdk -key RecordType -value "APPCreation" -context "sdk\\\\application/1543781392665"
# webtalk_add_data -client sdk -key LangUsed -value "C" -context "sdk\\\\application/1543781392665"
# webtalk_add_data -client sdk -key Procused -value "ps7_cortexa9" -context "sdk\\\\application/1543781392665"
# webtalk_add_data -client sdk -key projSize -value "1017.9140625" -context "sdk\\\\application/1543781392665"
# webtalk_add_data -client sdk -key uid -value "NA" -context "sdk\\\\bsp/1543781711482"
# webtalk_add_data -client sdk -key RecordType -value "ToolUsage" -context "sdk\\\\bsp/1543781711482"
# webtalk_add_data -client sdk -key BootgenCount -value "0" -context "sdk\\\\bsp/1543781711482"
# webtalk_add_data -client sdk -key DebugCount -value "0" -context "sdk\\\\bsp/1543781711482"
# webtalk_add_data -client sdk -key PerfCount -value "0" -context "sdk\\\\bsp/1543781711482"
# webtalk_add_data -client sdk -key FlashCount -value "0" -context "sdk\\\\bsp/1543781711482"
# webtalk_add_data -client sdk -key CrossTriggCount -value "0" -context "sdk\\\\bsp/1543781711482"
# webtalk_add_data -client sdk -key QemuDebugCount -value "0" -context "sdk\\\\bsp/1543781711482"
# webtalk_transmit -clientid 1117467595 -regid "174126023_174126024_207295007_909" -xml C:\\TEMP\\HDMI_3610\\3610_4\\1490679_1771119\\lab4_vivado\\lab4_vivado.sdk\\webtalk\\usage_statistics_ext_sdk.xml -html C:\\TEMP\\HDMI_3610\\3610_4\\1490679_1771119\\lab4_vivado\\lab4_vivado.sdk\\webtalk\\usage_statistics_ext_sdk.html -wdm C:\\TEMP\\HDMI_3610\\3610_4\\1490679_1771119\\lab4_vivado\\lab4_vivado.sdk\\webtalk\\sdk_webtalk.wdm -intro "<H3>SDK Usage Report</H3><BR>"
# webtalk_terminate
INFO: [Common 17-206] Exiting Webtalk at Sun Dec  2 15:16:03 2018...
