

================================================================
== Vivado HLS Report for 'sobel_filter'
================================================================
* Date:           Sat Dec  1 20:58:13 2018

* Version:        2017.3 (Build 2018833 on Wed Oct 04 20:30:40 MDT 2017)
* Project:        sobellab4
* Solution:       solution1
* Product family: zynq
* Target device:  xc7z020clg484-1


================================================================
== Performance Estimates
================================================================
+ Timing (ns): 
    * Summary: 
    +--------+-------+----------+------------+
    |  Clock | Target| Estimated| Uncertainty|
    +--------+-------+----------+------------+
    |ap_clk  |  10.00|      8.75|        1.25|
    +--------+-------+----------+------------+

+ Latency (clock cycles): 
    * Summary: 
    +---------+---------+---------+---------+---------+
    |      Latency      |      Interval     | Pipeline|
    |   min   |   max   |   min   |   max   |   Type  |
    +---------+---------+---------+---------+---------+
    |  4161625|  4161625|  4161626|  4161626|   none  |
    +---------+---------+---------+---------+---------+

    + Detail: 
        * Instance: 
        N/A

        * Loop: 
        +------------------------+---------+---------+----------+-----------+-----------+------+----------+
        |                        |      Latency      | Iteration|  Initiation Interval  | Trip |          |
        |        Loop Name       |   min   |   max   |  Latency |  achieved |   target  | Count| Pipelined|
        +------------------------+---------+---------+----------+-----------+-----------+------+----------+
        |- OperatorLines         |  4155840|  4155840|      3848|          -|          -|  1080|    no    |
        | + OperatorRows         |     3840|     3840|         2|          2|          2|  1920|    yes   |
        |- lastLines_lastPixels  |     5782|     5782|        24|          1|          1|  5760|    yes   |
        +------------------------+---------+---------+----------+-----------+-----------+------+----------+

============================================================
+ Verbose Summary: Synthesis Manager
============================================================
InlineROM: 1
ExposeGlobal: 0
============================================================
+ Verbose Summary: CDFG Model
============================================================
IsTopModel: 1
ResetActiveHigh: 1
IsCombinational: 0
IsDatapathOnly: 0
HasWiredReturn: 1
HasMFsm: 0
HasVarLatency: 1
IsPipeline: 0
IsRtlPipelined: 0
IsInstanceOverlapped: 0
IsDontTouch: 0
HasImplIP: 0
IsGatedGlobalClock: 0

+ Individual pipeline summary: 
  * Pipeline-0: initiation interval (II) = 2, depth = 2
  * Pipeline-1: initiation interval (II) = 1, depth = 24


============================================================
+ Verbose Summary: Schedule
============================================================
* Number of FSM states : 35
* Pipeline : 2
  Pipeline-0 : II = 2, D = 2, States = { 4 5 }
  Pipeline-1 : II = 1, D = 24, States = { 11 12 13 14 15 16 17 18 19 20 21 22 23 24 25 26 27 28 29 30 31 32 33 34 }
* Dataflow Pipeline: 0

* FSM state transitions: 
1 --> 
	2  / true
2 --> 
	3  / (!tmp_1)
	11  / (tmp_1)
3 --> 
	4  / true
4 --> 
	6  / (tmp_5)
	5  / (!tmp_5)
5 --> 
	4  / true
6 --> 
	7  / true
7 --> 
	8  / true
8 --> 
	9  / true
9 --> 
	10  / true
10 --> 
	2  / true
11 --> 
	35  / (exitcond_flatten)
	12  / (!exitcond_flatten)
12 --> 
	13  / true
13 --> 
	14  / true
14 --> 
	15  / true
15 --> 
	16  / true
16 --> 
	17  / true
17 --> 
	18  / true
18 --> 
	19  / true
19 --> 
	20  / true
20 --> 
	21  / true
21 --> 
	22  / true
22 --> 
	23  / true
23 --> 
	24  / true
24 --> 
	25  / true
25 --> 
	26  / true
26 --> 
	27  / true
27 --> 
	28  / true
28 --> 
	29  / true
29 --> 
	30  / true
30 --> 
	31  / true
31 --> 
	32  / true
32 --> 
	33  / true
33 --> 
	34  / true
34 --> 
	11  / true
35 --> 

* FSM state operations: 

 <State 1> : 1.77ns
ST_1 : Operation 36 [1/1] (1.00ns)   --->   "%out_pix_read = call i32 @_ssdm_op_Read.s_axilite.i32(i32 %out_pix)"   --->   Core 10 's_axilite' <Latency = 0> <II = 1> <Delay = 1.00> <Adapter> <Opcode : 'read' 'write'>
ST_1 : Operation 37 [1/1] (0.00ns)   --->   "%tmp = call i30 @_ssdm_op_PartSelect.i30.i32.i32.i32(i32 %out_pix_read, i32 2, i32 31)"
ST_1 : Operation 38 [1/1] (0.00ns)   --->   "%tmp_3_cast = zext i30 %tmp to i33"
ST_1 : Operation 39 [1/1] (0.00ns)   --->   "call void (...)* @_ssdm_op_SpecBitsMap(i32* %gmem1), !map !22"
ST_1 : Operation 40 [1/1] (0.00ns)   --->   "call void (...)* @_ssdm_op_SpecBitsMap(i8* %gmem0), !map !28"
ST_1 : Operation 41 [1/1] (0.00ns)   --->   "call void (...)* @_ssdm_op_SpecTopModule([13 x i8]* @sobel_filter_str) nounwind"
ST_1 : Operation 42 [1/1] (0.00ns)   --->   "call void (...)* @_ssdm_op_SpecInterface(i8* %gmem0, [6 x i8]* @p_str4, i32 0, i32 0, [1 x i8]* @p_str, i32 0, i32 0, [6 x i8]* @p_str5, [6 x i8]* @p_str6, [1 x i8]* @p_str, i32 16, i32 16, i32 16, i32 16, [1 x i8]* @p_str, [1 x i8]* @p_str)"
ST_1 : Operation 43 [1/1] (0.00ns)   --->   "call void (...)* @_ssdm_op_SpecInterface(i32 %inter_pix, [10 x i8]* @mode, i32 0, i32 0, [1 x i8]* @p_str, i32 0, i32 0, [1 x i8]* @bundle, [6 x i8]* @p_str6, [1 x i8]* @p_str, i32 16, i32 16, i32 16, i32 16, [1 x i8]* @p_str, [1 x i8]* @p_str)"
ST_1 : Operation 44 [1/1] (0.00ns)   --->   "call void (...)* @_ssdm_op_SpecInterface(i32* %gmem1, [6 x i8]* @p_str4, i32 0, i32 0, [1 x i8]* @p_str, i32 0, i32 0, [6 x i8]* @p_str7, [6 x i8]* @p_str6, [1 x i8]* @p_str, i32 16, i32 16, i32 16, i32 16, [1 x i8]* @p_str, [1 x i8]* @p_str)"
ST_1 : Operation 45 [1/1] (0.00ns)   --->   "call void (...)* @_ssdm_op_SpecInterface(i32 %out_pix, [10 x i8]* @mode3, i32 0, i32 0, [1 x i8]* @p_str, i32 0, i32 0, [1 x i8]* @bundle4, [6 x i8]* @p_str6, [1 x i8]* @p_str, i32 16, i32 16, i32 16, i32 16, [1 x i8]* @p_str, [1 x i8]* @p_str)"
ST_1 : Operation 46 [1/1] (0.00ns)   --->   "call void (...)* @_ssdm_op_SpecInterface(i32 0, [10 x i8]* @p_str8, i32 0, i32 0, [1 x i8]* @p_str, i32 0, i32 0, [1 x i8]* @p_str, [1 x i8]* @p_str, [1 x i8]* @p_str, i32 0, i32 0, i32 0, i32 0, [1 x i8]* @p_str, [1 x i8]* @p_str) nounwind" [sobellab4/Sobel.cpp:103]
ST_1 : Operation 47 [1/1] (1.76ns)   --->   "br label %1" [sobellab4/Sobel.cpp:171]

 <State 2> : 6.66ns
ST_2 : Operation 48 [1/1] (0.00ns)   --->   "%i = phi i11 [ 0, %0 ], [ %i_1, %4 ]"
ST_2 : Operation 49 [1/1] (1.88ns)   --->   "%tmp_1 = icmp eq i11 %i, -968" [sobellab4/Sobel.cpp:171]   --->   Core 25 'Cmp' <Latency = 0> <II = 1> <Delay = 1.99> <FuncUnit> <Opcode : 'icmp'> <InPorts = 2> <OutPorts = 1>
ST_2 : Operation 50 [1/1] (0.00ns)   --->   "%empty = call i32 (...)* @_ssdm_op_SpecLoopTripCount(i64 1080, i64 1080, i64 1080) nounwind"
ST_2 : Operation 51 [1/1] (1.97ns)   --->   "%i_1 = add i11 %i, 1" [sobellab4/Sobel.cpp:182]   --->   Core 14 'AddSub' <Latency = 0> <II = 1> <Delay = 2.55> <FuncUnit> <Opcode : 'add' 'sub'> <InPorts = 2> <OutPorts = 1>
ST_2 : Operation 52 [1/1] (0.00ns)   --->   "br i1 %tmp_1, label %.preheader.preheader.preheader, label %2" [sobellab4/Sobel.cpp:171]
ST_2 : Operation 53 [1/1] (0.00ns)   --->   "%p_shl1 = call i22 @_ssdm_op_BitConcatenate.i22.i11.i11(i11 %i, i11 0)" [sobellab4/Sobel.cpp:175]
ST_2 : Operation 54 [1/1] (0.00ns)   --->   "%p_shl1_cast = zext i22 %p_shl1 to i23" [sobellab4/Sobel.cpp:175]
ST_2 : Operation 55 [1/1] (0.00ns)   --->   "%p_shl2 = call i18 @_ssdm_op_BitConcatenate.i18.i11.i7(i11 %i, i7 0)" [sobellab4/Sobel.cpp:175]
ST_2 : Operation 56 [1/1] (0.00ns)   --->   "%p_shl2_cast = zext i18 %p_shl2 to i23" [sobellab4/Sobel.cpp:175]
ST_2 : Operation 57 [1/1] (0.00ns) (grouped into TernaryAdder)   --->   "%tmp_2 = sub i23 %p_shl1_cast, %p_shl2_cast" [sobellab4/Sobel.cpp:175]   --->   Core 79 'TAddSub' <Latency = 0> <II = 1> <Delay = 2.05> <IPBlock> <Opcode : 'add' 'sub'> <InPorts = 3> <OutPorts = 1> <Sync> <CReg>
ST_2 : Operation 58 [1/1] (4.10ns) (root node of TernaryAdder)   --->   "%tmp_4 = add i23 %tmp_2, -3840" [sobellab4/Sobel.cpp:196]   --->   Core 79 'TAddSub' <Latency = 0> <II = 1> <Delay = 2.05> <IPBlock> <Opcode : 'add' 'sub'> <InPorts = 3> <OutPorts = 1> <Sync> <CReg>
ST_2 : Operation 59 [1/1] (0.00ns)   --->   "%tmp_6 = sext i23 %tmp_4 to i32" [sobellab4/Sobel.cpp:196]
ST_2 : Operation 60 [1/1] (0.00ns)   --->   "%tmp_8_cast = zext i32 %tmp_6 to i33" [sobellab4/Sobel.cpp:196]
ST_2 : Operation 61 [1/1] (2.55ns)   --->   "%out_pix4_sum = add i33 %tmp_8_cast, %tmp_3_cast" [sobellab4/Sobel.cpp:196]   --->   Core 14 'AddSub' <Latency = 0> <II = 1> <Delay = 2.55> <FuncUnit> <Opcode : 'add' 'sub'> <InPorts = 2> <OutPorts = 1>
ST_2 : Operation 62 [1/1] (0.00ns)   --->   "%out_pix4_sum_cast = zext i33 %out_pix4_sum to i64" [sobellab4/Sobel.cpp:196]
ST_2 : Operation 63 [1/1] (0.00ns)   --->   "%gmem1_addr = getelementptr i32* %gmem1, i64 %out_pix4_sum_cast" [sobellab4/Sobel.cpp:196]
ST_2 : Operation 64 [1/1] (1.76ns)   --->   "br label %.preheader.preheader" [sobellab4/Sobel.cpp:223]

 <State 3> : 8.75ns
ST_3 : Operation 65 [1/1] (0.00ns)   --->   "call void (...)* @_ssdm_op_SpecLoopName([14 x i8]* @p_str9) nounwind" [sobellab4/Sobel.cpp:171]
ST_3 : Operation 66 [1/1] (0.00ns)   --->   "%tmp_s = call i32 (...)* @_ssdm_op_SpecRegionBegin([14 x i8]* @p_str9) nounwind" [sobellab4/Sobel.cpp:171]
ST_3 : Operation 67 [1/1] (8.75ns)   --->   "%gmem1_addr_wr_req = call i1 @_ssdm_op_WriteReq.m_axi.i32P(i32* %gmem1_addr, i32 1920)" [sobellab4/Sobel.cpp:196]   --->   Core 9 'm_axi' <Latency = 6> <II = 1> <Delay = 1.00> <Adapter> <Opcode : 'read' 'write' 'readreq' 'writereq' 'writeresp'>
ST_3 : Operation 68 [1/1] (1.76ns)   --->   "br label %3" [sobellab4/Sobel.cpp:172]

 <State 4> : 1.98ns
ST_4 : Operation 69 [1/1] (0.00ns)   --->   "%j = phi i11 [ 0, %2 ], [ %j_1, %._crit_edge ]"
ST_4 : Operation 70 [1/1] (1.88ns)   --->   "%tmp_5 = icmp eq i11 %j, -128" [sobellab4/Sobel.cpp:172]   --->   Core 25 'Cmp' <Latency = 0> <II = 1> <Delay = 1.99> <FuncUnit> <Opcode : 'icmp'> <InPorts = 2> <OutPorts = 1>
ST_4 : Operation 71 [1/1] (0.00ns)   --->   "%empty_13 = call i32 (...)* @_ssdm_op_SpecLoopTripCount(i64 1920, i64 1920, i64 1920) nounwind"
ST_4 : Operation 72 [1/1] (1.97ns)   --->   "%j_1 = add i11 %j, 1" [sobellab4/Sobel.cpp:172]   --->   Core 14 'AddSub' <Latency = 0> <II = 1> <Delay = 2.55> <FuncUnit> <Opcode : 'add' 'sub'> <InPorts = 2> <OutPorts = 1>
ST_4 : Operation 73 [1/1] (0.00ns)   --->   "br i1 %tmp_5, label %4, label %._crit_edge" [sobellab4/Sobel.cpp:172]

 <State 5> : 8.75ns
ST_5 : Operation 74 [1/1] (0.00ns)   --->   "call void (...)* @_ssdm_op_SpecLoopName([13 x i8]* @p_str10) nounwind" [sobellab4/Sobel.cpp:172]
ST_5 : Operation 75 [1/1] (0.00ns)   --->   "%tmp_9 = call i32 (...)* @_ssdm_op_SpecRegionBegin([13 x i8]* @p_str10) nounwind" [sobellab4/Sobel.cpp:172]
ST_5 : Operation 76 [1/1] (0.00ns)   --->   "call void (...)* @_ssdm_op_SpecPipeline(i32 2, i32 1, i32 1, i32 0, [1 x i8]* @p_str) nounwind" [sobellab4/Sobel.cpp:173]
ST_5 : Operation 77 [1/1] (8.75ns)   --->   "call void @_ssdm_op_Write.m_axi.i32P(i32* %gmem1_addr, i32 0, i4 -1)" [sobellab4/Sobel.cpp:196]   --->   Core 9 'm_axi' <Latency = 6> <II = 1> <Delay = 1.00> <Adapter> <Opcode : 'read' 'write' 'readreq' 'writereq' 'writeresp'>
ST_5 : Operation 78 [1/1] (0.00ns)   --->   "%empty_14 = call i32 (...)* @_ssdm_op_SpecRegionEnd([13 x i8]* @p_str10, i32 %tmp_9) nounwind" [sobellab4/Sobel.cpp:199]
ST_5 : Operation 79 [1/1] (0.00ns)   --->   "br label %3" [sobellab4/Sobel.cpp:172]

 <State 6> : 8.75ns
ST_6 : Operation 80 [5/5] (8.75ns)   --->   "%gmem1_addr_wr_resp = call i1 @_ssdm_op_WriteResp.m_axi.i32P(i32* %gmem1_addr)" [sobellab4/Sobel.cpp:196]   --->   Core 9 'm_axi' <Latency = 6> <II = 1> <Delay = 1.00> <Adapter> <Opcode : 'read' 'write' 'readreq' 'writereq' 'writeresp'>

 <State 7> : 8.75ns
ST_7 : Operation 81 [4/5] (8.75ns)   --->   "%gmem1_addr_wr_resp = call i1 @_ssdm_op_WriteResp.m_axi.i32P(i32* %gmem1_addr)" [sobellab4/Sobel.cpp:196]   --->   Core 9 'm_axi' <Latency = 6> <II = 1> <Delay = 1.00> <Adapter> <Opcode : 'read' 'write' 'readreq' 'writereq' 'writeresp'>

 <State 8> : 8.75ns
ST_8 : Operation 82 [3/5] (8.75ns)   --->   "%gmem1_addr_wr_resp = call i1 @_ssdm_op_WriteResp.m_axi.i32P(i32* %gmem1_addr)" [sobellab4/Sobel.cpp:196]   --->   Core 9 'm_axi' <Latency = 6> <II = 1> <Delay = 1.00> <Adapter> <Opcode : 'read' 'write' 'readreq' 'writereq' 'writeresp'>

 <State 9> : 8.75ns
ST_9 : Operation 83 [2/5] (8.75ns)   --->   "%gmem1_addr_wr_resp = call i1 @_ssdm_op_WriteResp.m_axi.i32P(i32* %gmem1_addr)" [sobellab4/Sobel.cpp:196]   --->   Core 9 'm_axi' <Latency = 6> <II = 1> <Delay = 1.00> <Adapter> <Opcode : 'read' 'write' 'readreq' 'writereq' 'writeresp'>

 <State 10> : 8.75ns
ST_10 : Operation 84 [1/5] (8.75ns)   --->   "%gmem1_addr_wr_resp = call i1 @_ssdm_op_WriteResp.m_axi.i32P(i32* %gmem1_addr)" [sobellab4/Sobel.cpp:196]   --->   Core 9 'm_axi' <Latency = 6> <II = 1> <Delay = 1.00> <Adapter> <Opcode : 'read' 'write' 'readreq' 'writereq' 'writeresp'>
ST_10 : Operation 85 [1/1] (0.00ns)   --->   "%empty_15 = call i32 (...)* @_ssdm_op_SpecRegionEnd([14 x i8]* @p_str9, i32 %tmp_s) nounwind" [sobellab4/Sobel.cpp:200]
ST_10 : Operation 86 [1/1] (0.00ns)   --->   "br label %1" [sobellab4/Sobel.cpp:171]

 <State 11> : 5.62ns
ST_11 : Operation 87 [1/1] (0.00ns)   --->   "%indvar_flatten = phi i13 [ %indvar_flatten_next, %BurstBB14 ], [ 0, %.preheader.preheader.preheader ]"
ST_11 : Operation 88 [1/1] (0.00ns)   --->   "%i2 = phi i2 [ %i2_mid2, %BurstBB14 ], [ 0, %.preheader.preheader.preheader ]" [sobellab4/Sobel.cpp:203]
ST_11 : Operation 89 [1/1] (0.00ns)   --->   "%j3 = phi i11 [ %j_2, %BurstBB14 ], [ 0, %.preheader.preheader.preheader ]"
ST_11 : Operation 90 [1/1] (0.00ns)   --->   "%p_shl = call i13 @_ssdm_op_BitConcatenate.i13.i2.i11(i2 %i2, i11 0)" [sobellab4/Sobel.cpp:223]
ST_11 : Operation 91 [1/1] (0.00ns)   --->   "%p_shl_cast = zext i13 %p_shl to i14" [sobellab4/Sobel.cpp:223]
ST_11 : Operation 92 [1/1] (0.00ns)   --->   "%p_shl3 = call i9 @_ssdm_op_BitConcatenate.i9.i2.i7(i2 %i2, i7 0)" [sobellab4/Sobel.cpp:223]
ST_11 : Operation 93 [1/1] (0.00ns)   --->   "%p_shl3_cast = zext i9 %p_shl3 to i14" [sobellab4/Sobel.cpp:223]
ST_11 : Operation 94 [1/1] (2.01ns)   --->   "%tmp_7 = sub i14 %p_shl_cast, %p_shl3_cast" [sobellab4/Sobel.cpp:223]   --->   Core 14 'AddSub' <Latency = 0> <II = 1> <Delay = 2.55> <FuncUnit> <Opcode : 'add' 'sub'> <InPorts = 2> <OutPorts = 1>
ST_11 : Operation 95 [1/1] (2.09ns)   --->   "%exitcond_flatten = icmp eq i13 %indvar_flatten, -2432"   --->   Core 25 'Cmp' <Latency = 0> <II = 1> <Delay = 1.99> <FuncUnit> <Opcode : 'icmp'> <InPorts = 2> <OutPorts = 1>
ST_11 : Operation 96 [1/1] (2.01ns)   --->   "%indvar_flatten_next = add i13 %indvar_flatten, 1"   --->   Core 14 'AddSub' <Latency = 0> <II = 1> <Delay = 2.55> <FuncUnit> <Opcode : 'add' 'sub'> <InPorts = 2> <OutPorts = 1>
ST_11 : Operation 97 [1/1] (0.00ns)   --->   "br i1 %exitcond_flatten, label %5, label %.preheader"
ST_11 : Operation 98 [1/1] (1.88ns)   --->   "%tmp_3 = icmp eq i11 %j3, -128" [sobellab4/Sobel.cpp:203]   --->   Core 25 'Cmp' <Latency = 0> <II = 1> <Delay = 1.99> <FuncUnit> <Opcode : 'icmp'> <InPorts = 2> <OutPorts = 1>
ST_11 : Operation 99 [1/1] (1.56ns)   --->   "%i_s = add i2 %i2, 1" [sobellab4/Sobel.cpp:209]   --->   Core 14 'AddSub' <Latency = 0> <II = 1> <Delay = 2.55> <FuncUnit> <Opcode : 'add' 'sub'> <InPorts = 2> <OutPorts = 1>
ST_11 : Operation 100 [1/1] (0.00ns)   --->   "%p_shl_mid1 = call i13 @_ssdm_op_BitConcatenate.i13.i2.i11(i2 %i_s, i11 0)" [sobellab4/Sobel.cpp:223]
ST_11 : Operation 101 [1/1] (0.00ns)   --->   "%p_shl_cast_mid1 = zext i13 %p_shl_mid1 to i14" [sobellab4/Sobel.cpp:223]
ST_11 : Operation 102 [1/1] (0.00ns)   --->   "%p_shl3_mid1 = call i9 @_ssdm_op_BitConcatenate.i9.i2.i7(i2 %i_s, i7 0)" [sobellab4/Sobel.cpp:223]
ST_11 : Operation 103 [1/1] (0.00ns)   --->   "%p_shl3_cast_mid1 = zext i9 %p_shl3_mid1 to i14" [sobellab4/Sobel.cpp:223]
ST_11 : Operation 104 [1/1] (2.01ns)   --->   "%tmp_7_mid1 = sub i14 %p_shl_cast_mid1, %p_shl3_cast_mid1" [sobellab4/Sobel.cpp:223]   --->   Core 14 'AddSub' <Latency = 0> <II = 1> <Delay = 2.55> <FuncUnit> <Opcode : 'add' 'sub'> <InPorts = 2> <OutPorts = 1>
ST_11 : Operation 105 [1/1] (0.00ns) (grouped into LUT with out node tmp_25_mid2_v_v)   --->   "%tmp_7_mid2 = select i1 %tmp_3, i14 %tmp_7_mid1, i14 %tmp_7" [sobellab4/Sobel.cpp:223]   --->   Core 26 'Sel' <Latency = 0> <II = 1> <Delay = 1.37> <FuncUnit> <Opcode : 'select'> <InPorts = 3> <OutPorts = 1>
ST_11 : Operation 106 [1/1] (2.03ns) (out node of the LUT)   --->   "%tmp_25_mid2_v_v = add i14 %tmp_7_mid2, -3840" [sobellab4/Sobel.cpp:223]   --->   Core 14 'AddSub' <Latency = 0> <II = 1> <Delay = 2.55> <FuncUnit> <Opcode : 'add' 'sub'> <InPorts = 2> <OutPorts = 1>
ST_11 : Operation 107 [1/1] (1.37ns)   --->   "%i2_mid2 = select i1 %tmp_3, i2 %i_s, i2 %i2" [sobellab4/Sobel.cpp:203]   --->   Core 26 'Sel' <Latency = 0> <II = 1> <Delay = 1.37> <FuncUnit> <Opcode : 'select'> <InPorts = 3> <OutPorts = 1>
ST_11 : Operation 108 [17/17] (3.48ns)   --->   "%tmp_10 = urem i13 %indvar_flatten, 1920"   --->   Core 23 'DivnS' <Latency = 16> <II = 1> <Delay = 3.48> <FuncUnit> <Opcode : 'sdiv' 'srem' 'udiv' 'urem'> <InPorts = 2> <OutPorts = 1>
ST_11 : Operation 109 [1/1] (1.97ns)   --->   "%j3_op = add i11 %j3, 1" [sobellab4/Sobel.cpp:203]   --->   Core 14 'AddSub' <Latency = 0> <II = 1> <Delay = 2.55> <FuncUnit> <Opcode : 'add' 'sub'> <InPorts = 2> <OutPorts = 1>
ST_11 : Operation 110 [1/1] (1.37ns)   --->   "%j_2 = select i1 %tmp_3, i11 1, i11 %j3_op" [sobellab4/Sobel.cpp:203]   --->   Core 26 'Sel' <Latency = 0> <II = 1> <Delay = 1.37> <FuncUnit> <Opcode : 'select'> <InPorts = 3> <OutPorts = 1>
ST_11 : Operation 111 [17/17] (3.48ns)   --->   "%tmp_12 = urem i13 %indvar_flatten_next, 1920"   --->   Core 23 'DivnS' <Latency = 16> <II = 1> <Delay = 3.48> <FuncUnit> <Opcode : 'sdiv' 'srem' 'udiv' 'urem'> <InPorts = 2> <OutPorts = 1>

 <State 12> : 3.48ns
ST_12 : Operation 112 [16/17] (3.48ns)   --->   "%tmp_10 = urem i13 %indvar_flatten, 1920"   --->   Core 23 'DivnS' <Latency = 16> <II = 1> <Delay = 3.48> <FuncUnit> <Opcode : 'sdiv' 'srem' 'udiv' 'urem'> <InPorts = 2> <OutPorts = 1>
ST_12 : Operation 113 [16/17] (3.48ns)   --->   "%tmp_12 = urem i13 %indvar_flatten_next, 1920"   --->   Core 23 'DivnS' <Latency = 16> <II = 1> <Delay = 3.48> <FuncUnit> <Opcode : 'sdiv' 'srem' 'udiv' 'urem'> <InPorts = 2> <OutPorts = 1>

 <State 13> : 3.48ns
ST_13 : Operation 114 [15/17] (3.48ns)   --->   "%tmp_10 = urem i13 %indvar_flatten, 1920"   --->   Core 23 'DivnS' <Latency = 16> <II = 1> <Delay = 3.48> <FuncUnit> <Opcode : 'sdiv' 'srem' 'udiv' 'urem'> <InPorts = 2> <OutPorts = 1>
ST_13 : Operation 115 [15/17] (3.48ns)   --->   "%tmp_12 = urem i13 %indvar_flatten_next, 1920"   --->   Core 23 'DivnS' <Latency = 16> <II = 1> <Delay = 3.48> <FuncUnit> <Opcode : 'sdiv' 'srem' 'udiv' 'urem'> <InPorts = 2> <OutPorts = 1>

 <State 14> : 3.48ns
ST_14 : Operation 116 [14/17] (3.48ns)   --->   "%tmp_10 = urem i13 %indvar_flatten, 1920"   --->   Core 23 'DivnS' <Latency = 16> <II = 1> <Delay = 3.48> <FuncUnit> <Opcode : 'sdiv' 'srem' 'udiv' 'urem'> <InPorts = 2> <OutPorts = 1>
ST_14 : Operation 117 [14/17] (3.48ns)   --->   "%tmp_12 = urem i13 %indvar_flatten_next, 1920"   --->   Core 23 'DivnS' <Latency = 16> <II = 1> <Delay = 3.48> <FuncUnit> <Opcode : 'sdiv' 'srem' 'udiv' 'urem'> <InPorts = 2> <OutPorts = 1>

 <State 15> : 3.48ns
ST_15 : Operation 118 [13/17] (3.48ns)   --->   "%tmp_10 = urem i13 %indvar_flatten, 1920"   --->   Core 23 'DivnS' <Latency = 16> <II = 1> <Delay = 3.48> <FuncUnit> <Opcode : 'sdiv' 'srem' 'udiv' 'urem'> <InPorts = 2> <OutPorts = 1>
ST_15 : Operation 119 [13/17] (3.48ns)   --->   "%tmp_12 = urem i13 %indvar_flatten_next, 1920"   --->   Core 23 'DivnS' <Latency = 16> <II = 1> <Delay = 3.48> <FuncUnit> <Opcode : 'sdiv' 'srem' 'udiv' 'urem'> <InPorts = 2> <OutPorts = 1>

 <State 16> : 3.48ns
ST_16 : Operation 120 [12/17] (3.48ns)   --->   "%tmp_10 = urem i13 %indvar_flatten, 1920"   --->   Core 23 'DivnS' <Latency = 16> <II = 1> <Delay = 3.48> <FuncUnit> <Opcode : 'sdiv' 'srem' 'udiv' 'urem'> <InPorts = 2> <OutPorts = 1>
ST_16 : Operation 121 [12/17] (3.48ns)   --->   "%tmp_12 = urem i13 %indvar_flatten_next, 1920"   --->   Core 23 'DivnS' <Latency = 16> <II = 1> <Delay = 3.48> <FuncUnit> <Opcode : 'sdiv' 'srem' 'udiv' 'urem'> <InPorts = 2> <OutPorts = 1>

 <State 17> : 3.48ns
ST_17 : Operation 122 [11/17] (3.48ns)   --->   "%tmp_10 = urem i13 %indvar_flatten, 1920"   --->   Core 23 'DivnS' <Latency = 16> <II = 1> <Delay = 3.48> <FuncUnit> <Opcode : 'sdiv' 'srem' 'udiv' 'urem'> <InPorts = 2> <OutPorts = 1>
ST_17 : Operation 123 [11/17] (3.48ns)   --->   "%tmp_12 = urem i13 %indvar_flatten_next, 1920"   --->   Core 23 'DivnS' <Latency = 16> <II = 1> <Delay = 3.48> <FuncUnit> <Opcode : 'sdiv' 'srem' 'udiv' 'urem'> <InPorts = 2> <OutPorts = 1>

 <State 18> : 3.48ns
ST_18 : Operation 124 [10/17] (3.48ns)   --->   "%tmp_10 = urem i13 %indvar_flatten, 1920"   --->   Core 23 'DivnS' <Latency = 16> <II = 1> <Delay = 3.48> <FuncUnit> <Opcode : 'sdiv' 'srem' 'udiv' 'urem'> <InPorts = 2> <OutPorts = 1>
ST_18 : Operation 125 [10/17] (3.48ns)   --->   "%tmp_12 = urem i13 %indvar_flatten_next, 1920"   --->   Core 23 'DivnS' <Latency = 16> <II = 1> <Delay = 3.48> <FuncUnit> <Opcode : 'sdiv' 'srem' 'udiv' 'urem'> <InPorts = 2> <OutPorts = 1>

 <State 19> : 3.48ns
ST_19 : Operation 126 [9/17] (3.48ns)   --->   "%tmp_10 = urem i13 %indvar_flatten, 1920"   --->   Core 23 'DivnS' <Latency = 16> <II = 1> <Delay = 3.48> <FuncUnit> <Opcode : 'sdiv' 'srem' 'udiv' 'urem'> <InPorts = 2> <OutPorts = 1>
ST_19 : Operation 127 [9/17] (3.48ns)   --->   "%tmp_12 = urem i13 %indvar_flatten_next, 1920"   --->   Core 23 'DivnS' <Latency = 16> <II = 1> <Delay = 3.48> <FuncUnit> <Opcode : 'sdiv' 'srem' 'udiv' 'urem'> <InPorts = 2> <OutPorts = 1>

 <State 20> : 3.48ns
ST_20 : Operation 128 [8/17] (3.48ns)   --->   "%tmp_10 = urem i13 %indvar_flatten, 1920"   --->   Core 23 'DivnS' <Latency = 16> <II = 1> <Delay = 3.48> <FuncUnit> <Opcode : 'sdiv' 'srem' 'udiv' 'urem'> <InPorts = 2> <OutPorts = 1>
ST_20 : Operation 129 [8/17] (3.48ns)   --->   "%tmp_12 = urem i13 %indvar_flatten_next, 1920"   --->   Core 23 'DivnS' <Latency = 16> <II = 1> <Delay = 3.48> <FuncUnit> <Opcode : 'sdiv' 'srem' 'udiv' 'urem'> <InPorts = 2> <OutPorts = 1>

 <State 21> : 3.48ns
ST_21 : Operation 130 [7/17] (3.48ns)   --->   "%tmp_10 = urem i13 %indvar_flatten, 1920"   --->   Core 23 'DivnS' <Latency = 16> <II = 1> <Delay = 3.48> <FuncUnit> <Opcode : 'sdiv' 'srem' 'udiv' 'urem'> <InPorts = 2> <OutPorts = 1>
ST_21 : Operation 131 [7/17] (3.48ns)   --->   "%tmp_12 = urem i13 %indvar_flatten_next, 1920"   --->   Core 23 'DivnS' <Latency = 16> <II = 1> <Delay = 3.48> <FuncUnit> <Opcode : 'sdiv' 'srem' 'udiv' 'urem'> <InPorts = 2> <OutPorts = 1>

 <State 22> : 3.48ns
ST_22 : Operation 132 [6/17] (3.48ns)   --->   "%tmp_10 = urem i13 %indvar_flatten, 1920"   --->   Core 23 'DivnS' <Latency = 16> <II = 1> <Delay = 3.48> <FuncUnit> <Opcode : 'sdiv' 'srem' 'udiv' 'urem'> <InPorts = 2> <OutPorts = 1>
ST_22 : Operation 133 [6/17] (3.48ns)   --->   "%tmp_12 = urem i13 %indvar_flatten_next, 1920"   --->   Core 23 'DivnS' <Latency = 16> <II = 1> <Delay = 3.48> <FuncUnit> <Opcode : 'sdiv' 'srem' 'udiv' 'urem'> <InPorts = 2> <OutPorts = 1>

 <State 23> : 3.48ns
ST_23 : Operation 134 [5/17] (3.48ns)   --->   "%tmp_10 = urem i13 %indvar_flatten, 1920"   --->   Core 23 'DivnS' <Latency = 16> <II = 1> <Delay = 3.48> <FuncUnit> <Opcode : 'sdiv' 'srem' 'udiv' 'urem'> <InPorts = 2> <OutPorts = 1>
ST_23 : Operation 135 [5/17] (3.48ns)   --->   "%tmp_12 = urem i13 %indvar_flatten_next, 1920"   --->   Core 23 'DivnS' <Latency = 16> <II = 1> <Delay = 3.48> <FuncUnit> <Opcode : 'sdiv' 'srem' 'udiv' 'urem'> <InPorts = 2> <OutPorts = 1>

 <State 24> : 3.48ns
ST_24 : Operation 136 [4/17] (3.48ns)   --->   "%tmp_10 = urem i13 %indvar_flatten, 1920"   --->   Core 23 'DivnS' <Latency = 16> <II = 1> <Delay = 3.48> <FuncUnit> <Opcode : 'sdiv' 'srem' 'udiv' 'urem'> <InPorts = 2> <OutPorts = 1>
ST_24 : Operation 137 [4/17] (3.48ns)   --->   "%tmp_12 = urem i13 %indvar_flatten_next, 1920"   --->   Core 23 'DivnS' <Latency = 16> <II = 1> <Delay = 3.48> <FuncUnit> <Opcode : 'sdiv' 'srem' 'udiv' 'urem'> <InPorts = 2> <OutPorts = 1>

 <State 25> : 3.48ns
ST_25 : Operation 138 [3/17] (3.48ns)   --->   "%tmp_10 = urem i13 %indvar_flatten, 1920"   --->   Core 23 'DivnS' <Latency = 16> <II = 1> <Delay = 3.48> <FuncUnit> <Opcode : 'sdiv' 'srem' 'udiv' 'urem'> <InPorts = 2> <OutPorts = 1>
ST_25 : Operation 139 [3/17] (3.48ns)   --->   "%tmp_12 = urem i13 %indvar_flatten_next, 1920"   --->   Core 23 'DivnS' <Latency = 16> <II = 1> <Delay = 3.48> <FuncUnit> <Opcode : 'sdiv' 'srem' 'udiv' 'urem'> <InPorts = 2> <OutPorts = 1>

 <State 26> : 3.48ns
ST_26 : Operation 140 [2/17] (3.48ns)   --->   "%tmp_10 = urem i13 %indvar_flatten, 1920"   --->   Core 23 'DivnS' <Latency = 16> <II = 1> <Delay = 3.48> <FuncUnit> <Opcode : 'sdiv' 'srem' 'udiv' 'urem'> <InPorts = 2> <OutPorts = 1>
ST_26 : Operation 141 [2/17] (3.48ns)   --->   "%tmp_12 = urem i13 %indvar_flatten_next, 1920"   --->   Core 23 'DivnS' <Latency = 16> <II = 1> <Delay = 3.48> <FuncUnit> <Opcode : 'sdiv' 'srem' 'udiv' 'urem'> <InPorts = 2> <OutPorts = 1>

 <State 27> : 5.47ns
ST_27 : Operation 142 [1/1] (0.00ns)   --->   "%tmp_25_mid2_v = sext i14 %tmp_25_mid2_v_v to i32" [sobellab4/Sobel.cpp:223]
ST_27 : Operation 143 [1/1] (0.00ns)   --->   "%tmp_25_mid2_cast = zext i32 %tmp_25_mid2_v to i33" [sobellab4/Sobel.cpp:223]
ST_27 : Operation 144 [1/1] (2.55ns)   --->   "%out_pix4_sum7 = add i33 %tmp_25_mid2_cast, %tmp_3_cast" [sobellab4/Sobel.cpp:223]   --->   Core 14 'AddSub' <Latency = 0> <II = 1> <Delay = 2.55> <FuncUnit> <Opcode : 'add' 'sub'> <InPorts = 2> <OutPorts = 1>
ST_27 : Operation 145 [1/1] (0.00ns)   --->   "%out_pix4_sum7_cast = zext i33 %out_pix4_sum7 to i64" [sobellab4/Sobel.cpp:223]
ST_27 : Operation 146 [1/1] (0.00ns)   --->   "%gmem1_addr_1 = getelementptr i32* %gmem1, i64 %out_pix4_sum7_cast" [sobellab4/Sobel.cpp:223]
ST_27 : Operation 147 [1/17] (3.48ns)   --->   "%tmp_10 = urem i13 %indvar_flatten, 1920"   --->   Core 23 'DivnS' <Latency = 16> <II = 1> <Delay = 3.48> <FuncUnit> <Opcode : 'sdiv' 'srem' 'udiv' 'urem'> <InPorts = 2> <OutPorts = 1>
ST_27 : Operation 148 [1/1] (1.99ns)   --->   "%tmp_11 = icmp eq i13 %tmp_10, 0"   --->   Core 25 'Cmp' <Latency = 0> <II = 1> <Delay = 1.99> <FuncUnit> <Opcode : 'icmp'> <InPorts = 2> <OutPorts = 1>
ST_27 : Operation 149 [1/1] (0.00ns)   --->   "br i1 %tmp_11, label %ReqBB, label %BurstBB"
ST_27 : Operation 150 [1/17] (3.48ns)   --->   "%tmp_12 = urem i13 %indvar_flatten_next, 1920"   --->   Core 23 'DivnS' <Latency = 16> <II = 1> <Delay = 3.48> <FuncUnit> <Opcode : 'sdiv' 'srem' 'udiv' 'urem'> <InPorts = 2> <OutPorts = 1>
ST_27 : Operation 151 [1/1] (1.99ns)   --->   "%tmp_13 = icmp eq i13 %tmp_12, 0"   --->   Core 25 'Cmp' <Latency = 0> <II = 1> <Delay = 1.99> <FuncUnit> <Opcode : 'icmp'> <InPorts = 2> <OutPorts = 1>
ST_27 : Operation 152 [1/1] (0.00ns)   --->   "br i1 %tmp_13, label %RespBB, label %BurstBB14"

 <State 28> : 8.75ns
ST_28 : Operation 153 [1/1] (8.75ns)   --->   "%gmem1_addr_2_wr_req = call i1 @_ssdm_op_WriteReq.m_axi.i32P(i32* %gmem1_addr_1, i32 1920)" [sobellab4/Sobel.cpp:223]   --->   Core 9 'm_axi' <Latency = 6> <II = 1> <Delay = 1.00> <Adapter> <Opcode : 'read' 'write' 'readreq' 'writereq' 'writeresp'>

 <State 29> : 8.75ns
ST_29 : Operation 154 [1/1] (8.75ns)   --->   "call void @_ssdm_op_Write.m_axi.i32P(i32* %gmem1_addr_1, i32 0, i4 -1)" [sobellab4/Sobel.cpp:223]   --->   Core 9 'm_axi' <Latency = 6> <II = 1> <Delay = 1.00> <Adapter> <Opcode : 'read' 'write' 'readreq' 'writereq' 'writeresp'>

 <State 30> : 8.75ns
ST_30 : Operation 155 [5/5] (8.75ns)   --->   "%gmem1_addr_2_wr_resp = call i1 @_ssdm_op_WriteResp.m_axi.i32P(i32* %gmem1_addr_1)" [sobellab4/Sobel.cpp:223]   --->   Core 9 'm_axi' <Latency = 6> <II = 1> <Delay = 1.00> <Adapter> <Opcode : 'read' 'write' 'readreq' 'writereq' 'writeresp'>

 <State 31> : 8.75ns
ST_31 : Operation 156 [4/5] (8.75ns)   --->   "%gmem1_addr_2_wr_resp = call i1 @_ssdm_op_WriteResp.m_axi.i32P(i32* %gmem1_addr_1)" [sobellab4/Sobel.cpp:223]   --->   Core 9 'm_axi' <Latency = 6> <II = 1> <Delay = 1.00> <Adapter> <Opcode : 'read' 'write' 'readreq' 'writereq' 'writeresp'>

 <State 32> : 8.75ns
ST_32 : Operation 157 [3/5] (8.75ns)   --->   "%gmem1_addr_2_wr_resp = call i1 @_ssdm_op_WriteResp.m_axi.i32P(i32* %gmem1_addr_1)" [sobellab4/Sobel.cpp:223]   --->   Core 9 'm_axi' <Latency = 6> <II = 1> <Delay = 1.00> <Adapter> <Opcode : 'read' 'write' 'readreq' 'writereq' 'writeresp'>

 <State 33> : 8.75ns
ST_33 : Operation 158 [2/5] (8.75ns)   --->   "%gmem1_addr_2_wr_resp = call i1 @_ssdm_op_WriteResp.m_axi.i32P(i32* %gmem1_addr_1)" [sobellab4/Sobel.cpp:223]   --->   Core 9 'm_axi' <Latency = 6> <II = 1> <Delay = 1.00> <Adapter> <Opcode : 'read' 'write' 'readreq' 'writereq' 'writeresp'>

 <State 34> : 8.75ns
ST_34 : Operation 159 [1/1] (0.00ns)   --->   "call void (...)* @_ssdm_op_SpecLoopName([21 x i8]* @lastLines_lastPixels)"
ST_34 : Operation 160 [1/1] (0.00ns)   --->   "%empty_16 = call i32 (...)* @_ssdm_op_SpecLoopTripCount(i64 5760, i64 5760, i64 5760) nounwind"
ST_34 : Operation 161 [1/1] (0.00ns)   --->   "call void (...)* @_ssdm_op_SpecLoopName([11 x i8]* @p_str12) nounwind" [sobellab4/Sobel.cpp:203]
ST_34 : Operation 162 [1/1] (0.00ns)   --->   "%tmp_8 = call i32 (...)* @_ssdm_op_SpecRegionBegin([11 x i8]* @p_str12) nounwind" [sobellab4/Sobel.cpp:203]
ST_34 : Operation 163 [1/1] (0.00ns)   --->   "call void (...)* @_ssdm_op_SpecPipeline(i32 -1, i32 1, i32 1, i32 0, [1 x i8]* @p_str) nounwind" [sobellab4/Sobel.cpp:204]
ST_34 : Operation 164 [1/1] (0.00ns)   --->   "br label %BurstBB"
ST_34 : Operation 165 [1/1] (0.00ns)   --->   "%empty_17 = call i32 (...)* @_ssdm_op_SpecRegionEnd([11 x i8]* @p_str12, i32 %tmp_8) nounwind" [sobellab4/Sobel.cpp:225]
ST_34 : Operation 166 [1/5] (8.75ns)   --->   "%gmem1_addr_2_wr_resp = call i1 @_ssdm_op_WriteResp.m_axi.i32P(i32* %gmem1_addr_1)" [sobellab4/Sobel.cpp:223]   --->   Core 9 'm_axi' <Latency = 6> <II = 1> <Delay = 1.00> <Adapter> <Opcode : 'read' 'write' 'readreq' 'writereq' 'writeresp'>
ST_34 : Operation 167 [1/1] (0.00ns)   --->   "br label %BurstBB14"
ST_34 : Operation 168 [1/1] (0.00ns)   --->   "br label %.preheader.preheader"

 <State 35> : 0.00ns
ST_35 : Operation 169 [1/1] (0.00ns)   --->   "ret void" [sobellab4/Sobel.cpp:229]


============================================================
+ Verbose Summary: Binding
============================================================
STG Binding: 
---------------- STG Properties BEGIN ----------------
- Is combinational: 0
- Is one-state seq: 0
- Is datapath-only: 0
- Is pipelined: 0
- Is top level: 1
Port [ Return ] is wired: 1; IO mode=ap_ctrl_hs:ce=0
Port [ gmem0]:  wired=1; compound=1; hidden=0; nouse=1; global=0; static=0; extern=0; dir=0; type=4; pingpong=0; private_global=0; IO mode=m_axi:ce=0
Port [ gmem1]:  wired=1; compound=1; hidden=0; nouse=0; global=0; static=0; extern=0; dir=1; type=4; pingpong=0; private_global=0; IO mode=m_axi:ce=0
Port [ inter_pix]:  wired=1; compound=0; hidden=0; nouse=1; global=0; static=0; extern=0; dir=0; type=0; pingpong=0; private_global=0; IO mode=ap_none:ce=0
Port [ out_pix]:  wired=1; compound=0; hidden=0; nouse=0; global=0; static=0; extern=0; dir=0; type=0; pingpong=0; private_global=0; IO mode=ap_none:ce=0
---------------- STG Properties END ------------------

---------------- Datapath Model BEGIN ----------------

<LifeTime>
<method=bitvector/>
out_pix_read         (read             ) [ 000000000000000000000000000000000000]
tmp                  (partselect       ) [ 000000000000000000000000000000000000]
tmp_3_cast           (zext             ) [ 001111111111111111111111111111111110]
StgValue_39          (specbitsmap      ) [ 000000000000000000000000000000000000]
StgValue_40          (specbitsmap      ) [ 000000000000000000000000000000000000]
StgValue_41          (spectopmodule    ) [ 000000000000000000000000000000000000]
StgValue_42          (specinterface    ) [ 000000000000000000000000000000000000]
StgValue_43          (specinterface    ) [ 000000000000000000000000000000000000]
StgValue_44          (specinterface    ) [ 000000000000000000000000000000000000]
StgValue_45          (specinterface    ) [ 000000000000000000000000000000000000]
StgValue_46          (specinterface    ) [ 000000000000000000000000000000000000]
StgValue_47          (br               ) [ 011111111110000000000000000000000000]
i                    (phi              ) [ 001000000000000000000000000000000000]
tmp_1                (icmp             ) [ 001111111111111111111111111111111110]
empty                (speclooptripcount) [ 000000000000000000000000000000000000]
i_1                  (add              ) [ 011111111110000000000000000000000000]
StgValue_52          (br               ) [ 000000000000000000000000000000000000]
p_shl1               (bitconcatenate   ) [ 000000000000000000000000000000000000]
p_shl1_cast          (zext             ) [ 000000000000000000000000000000000000]
p_shl2               (bitconcatenate   ) [ 000000000000000000000000000000000000]
p_shl2_cast          (zext             ) [ 000000000000000000000000000000000000]
tmp_2                (sub              ) [ 000000000000000000000000000000000000]
tmp_4                (add              ) [ 000000000000000000000000000000000000]
tmp_6                (sext             ) [ 000000000000000000000000000000000000]
tmp_8_cast           (zext             ) [ 000000000000000000000000000000000000]
out_pix4_sum         (add              ) [ 000000000000000000000000000000000000]
out_pix4_sum_cast    (zext             ) [ 000000000000000000000000000000000000]
gmem1_addr           (getelementptr    ) [ 000111111110000000000000000000000000]
StgValue_64          (br               ) [ 001111111111111111111111111111111110]
StgValue_65          (specloopname     ) [ 000000000000000000000000000000000000]
tmp_s                (specregionbegin  ) [ 000011111110000000000000000000000000]
gmem1_addr_wr_req    (writereq         ) [ 000000000000000000000000000000000000]
StgValue_68          (br               ) [ 001111111110000000000000000000000000]
j                    (phi              ) [ 000010000000000000000000000000000000]
tmp_5                (icmp             ) [ 001111111110000000000000000000000000]
empty_13             (speclooptripcount) [ 000000000000000000000000000000000000]
j_1                  (add              ) [ 001111111110000000000000000000000000]
StgValue_73          (br               ) [ 000000000000000000000000000000000000]
StgValue_74          (specloopname     ) [ 000000000000000000000000000000000000]
tmp_9                (specregionbegin  ) [ 000000000000000000000000000000000000]
StgValue_76          (specpipeline     ) [ 000000000000000000000000000000000000]
StgValue_77          (write            ) [ 000000000000000000000000000000000000]
empty_14             (specregionend    ) [ 000000000000000000000000000000000000]
StgValue_79          (br               ) [ 001111111110000000000000000000000000]
gmem1_addr_wr_resp   (writeresp        ) [ 000000000000000000000000000000000000]
empty_15             (specregionend    ) [ 000000000000000000000000000000000000]
StgValue_86          (br               ) [ 011111111110000000000000000000000000]
indvar_flatten       (phi              ) [ 000000000001111111111111111100000000]
i2                   (phi              ) [ 000000000001000000000000000000000000]
j3                   (phi              ) [ 000000000001000000000000000000000000]
p_shl                (bitconcatenate   ) [ 000000000000000000000000000000000000]
p_shl_cast           (zext             ) [ 000000000000000000000000000000000000]
p_shl3               (bitconcatenate   ) [ 000000000000000000000000000000000000]
p_shl3_cast          (zext             ) [ 000000000000000000000000000000000000]
tmp_7                (sub              ) [ 000000000000000000000000000000000000]
exitcond_flatten     (icmp             ) [ 000000000001111111111111111111111110]
indvar_flatten_next  (add              ) [ 001000000001111111111111111111111110]
StgValue_97          (br               ) [ 000000000000000000000000000000000000]
tmp_3                (icmp             ) [ 000000000000000000000000000000000000]
i_s                  (add              ) [ 000000000000000000000000000000000000]
p_shl_mid1           (bitconcatenate   ) [ 000000000000000000000000000000000000]
p_shl_cast_mid1      (zext             ) [ 000000000000000000000000000000000000]
p_shl3_mid1          (bitconcatenate   ) [ 000000000000000000000000000000000000]
p_shl3_cast_mid1     (zext             ) [ 000000000000000000000000000000000000]
tmp_7_mid1           (sub              ) [ 000000000000000000000000000000000000]
tmp_7_mid2           (select           ) [ 000000000000000000000000000000000000]
tmp_25_mid2_v_v      (add              ) [ 000000000001111111111111111100000000]
i2_mid2              (select           ) [ 001000000001111111111111111111111110]
j3_op                (add              ) [ 000000000000000000000000000000000000]
j_2                  (select           ) [ 001000000001111111111111111111111110]
tmp_25_mid2_v        (sext             ) [ 000000000000000000000000000000000000]
tmp_25_mid2_cast     (zext             ) [ 000000000000000000000000000000000000]
out_pix4_sum7        (add              ) [ 000000000000000000000000000000000000]
out_pix4_sum7_cast   (zext             ) [ 000000000000000000000000000000000000]
gmem1_addr_1         (getelementptr    ) [ 000000000001000000000000000011111110]
tmp_10               (urem             ) [ 000000000000000000000000000000000000]
tmp_11               (icmp             ) [ 000000000001000000000000000011111110]
StgValue_149         (br               ) [ 000000000000000000000000000000000000]
tmp_12               (urem             ) [ 000000000000000000000000000000000000]
tmp_13               (icmp             ) [ 000000000001000000000000000011111110]
StgValue_152         (br               ) [ 000000000000000000000000000000000000]
gmem1_addr_2_wr_req  (writereq         ) [ 000000000000000000000000000000000000]
StgValue_154         (write            ) [ 000000000000000000000000000000000000]
StgValue_159         (specloopname     ) [ 000000000000000000000000000000000000]
empty_16             (speclooptripcount) [ 000000000000000000000000000000000000]
StgValue_161         (specloopname     ) [ 000000000000000000000000000000000000]
tmp_8                (specregionbegin  ) [ 000000000000000000000000000000000000]
StgValue_163         (specpipeline     ) [ 000000000000000000000000000000000000]
StgValue_164         (br               ) [ 000000000000000000000000000000000000]
empty_17             (specregionend    ) [ 000000000000000000000000000000000000]
gmem1_addr_2_wr_resp (writeresp        ) [ 000000000000000000000000000000000000]
StgValue_167         (br               ) [ 000000000000000000000000000000000000]
StgValue_168         (br               ) [ 001000000001111111111111111111111110]
StgValue_169         (ret              ) [ 000000000000000000000000000000000000]
</LifeTime>

<model>

<comp_list>
<comp id="0" class="1000" name="gmem0">
<pin_list>
<pin id="1" dir="1" index="0" bw="1" slack="2147483647"/>
</pin_list>
<bind>
<StgValue><ssdm name="gmem0"/></StgValue>
</bind>
</comp>

<comp id="2" class="1000" name="gmem1">
<pin_list>
<pin id="3" dir="1" index="0" bw="1" slack="0"/>
</pin_list>
<bind>
<StgValue><ssdm name="gmem1"/></StgValue>
</bind>
</comp>

<comp id="4" class="1000" name="inter_pix">
<pin_list>
<pin id="5" dir="1" index="0" bw="1" slack="2147483647"/>
</pin_list>
<bind>
<StgValue><ssdm name="inter_pix"/></StgValue>
</bind>
</comp>

<comp id="6" class="1000" name="out_pix">
<pin_list>
<pin id="7" dir="1" index="0" bw="1" slack="0"/>
</pin_list>
<bind>
<StgValue><ssdm name="out_pix"/></StgValue>
</bind>
</comp>

<comp id="8" class="1001" name="const_8">
<pin_list>
<pin id="9" dir="1" index="0" bw="1" slack="0"/>
</pin_list>
<bind>
<StgValue><ssdm name="_ssdm_op_Read.s_axilite.i32"/></StgValue>
</bind>
</comp>

<comp id="10" class="1001" name="const_10">
<pin_list>
<pin id="11" dir="1" index="0" bw="1" slack="0"/>
</pin_list>
<bind>
<StgValue><ssdm name="_ssdm_op_PartSelect.i30.i32.i32.i32"/></StgValue>
</bind>
</comp>

<comp id="12" class="1001" name="const_12">
<pin_list>
<pin id="13" dir="1" index="0" bw="1" slack="0"/>
</pin_list>
<bind>
<StgValue><ssdm name=""/></StgValue>
</bind>
</comp>

<comp id="14" class="1001" name="const_14">
<pin_list>
<pin id="15" dir="1" index="0" bw="1" slack="0"/>
</pin_list>
<bind>
<StgValue><ssdm name=""/></StgValue>
</bind>
</comp>

<comp id="16" class="1001" name="const_16">
<pin_list>
<pin id="17" dir="1" index="0" bw="1" slack="2147483647"/>
</pin_list>
<bind>
<StgValue><ssdm name="_ssdm_op_SpecBitsMap"/></StgValue>
</bind>
</comp>

<comp id="18" class="1001" name="const_18">
<pin_list>
<pin id="19" dir="1" index="0" bw="1" slack="2147483647"/>
</pin_list>
<bind>
<StgValue><ssdm name="_ssdm_op_SpecTopModule"/></StgValue>
</bind>
</comp>

<comp id="20" class="1001" name="const_20">
<pin_list>
<pin id="21" dir="1" index="0" bw="1" slack="2147483647"/>
</pin_list>
<bind>
<StgValue><ssdm name="sobel_filter_str"/></StgValue>
</bind>
</comp>

<comp id="22" class="1001" name="const_22">
<pin_list>
<pin id="23" dir="1" index="0" bw="1" slack="2147483647"/>
</pin_list>
<bind>
<StgValue><ssdm name="_ssdm_op_SpecInterface"/></StgValue>
</bind>
</comp>

<comp id="24" class="1001" name="const_24">
<pin_list>
<pin id="25" dir="1" index="0" bw="1" slack="2147483647"/>
</pin_list>
<bind>
<StgValue><ssdm name="p_str4"/></StgValue>
</bind>
</comp>

<comp id="26" class="1001" name="const_26">
<pin_list>
<pin id="27" dir="1" index="0" bw="1" slack="0"/>
</pin_list>
<bind>
<StgValue><ssdm name=""/></StgValue>
</bind>
</comp>

<comp id="28" class="1001" name="const_28">
<pin_list>
<pin id="29" dir="1" index="0" bw="1" slack="2147483647"/>
</pin_list>
<bind>
<StgValue><ssdm name="p_str"/></StgValue>
</bind>
</comp>

<comp id="30" class="1001" name="const_30">
<pin_list>
<pin id="31" dir="1" index="0" bw="1" slack="2147483647"/>
</pin_list>
<bind>
<StgValue><ssdm name="p_str5"/></StgValue>
</bind>
</comp>

<comp id="32" class="1001" name="const_32">
<pin_list>
<pin id="33" dir="1" index="0" bw="1" slack="2147483647"/>
</pin_list>
<bind>
<StgValue><ssdm name="p_str6"/></StgValue>
</bind>
</comp>

<comp id="34" class="1001" name="const_34">
<pin_list>
<pin id="35" dir="1" index="0" bw="1" slack="2147483647"/>
</pin_list>
<bind>
<StgValue><ssdm name=""/></StgValue>
</bind>
</comp>

<comp id="36" class="1001" name="const_36">
<pin_list>
<pin id="37" dir="1" index="0" bw="1" slack="2147483647"/>
</pin_list>
<bind>
<StgValue><ssdm name="mode"/></StgValue>
</bind>
</comp>

<comp id="38" class="1001" name="const_38">
<pin_list>
<pin id="39" dir="1" index="0" bw="1" slack="2147483647"/>
</pin_list>
<bind>
<StgValue><ssdm name="bundle"/></StgValue>
</bind>
</comp>

<comp id="40" class="1001" name="const_40">
<pin_list>
<pin id="41" dir="1" index="0" bw="1" slack="2147483647"/>
</pin_list>
<bind>
<StgValue><ssdm name="p_str7"/></StgValue>
</bind>
</comp>

<comp id="42" class="1001" name="const_42">
<pin_list>
<pin id="43" dir="1" index="0" bw="1" slack="2147483647"/>
</pin_list>
<bind>
<StgValue><ssdm name="mode3"/></StgValue>
</bind>
</comp>

<comp id="44" class="1001" name="const_44">
<pin_list>
<pin id="45" dir="1" index="0" bw="1" slack="2147483647"/>
</pin_list>
<bind>
<StgValue><ssdm name="bundle4"/></StgValue>
</bind>
</comp>

<comp id="46" class="1001" name="const_46">
<pin_list>
<pin id="47" dir="1" index="0" bw="1" slack="2147483647"/>
</pin_list>
<bind>
<StgValue><ssdm name="p_str8"/></StgValue>
</bind>
</comp>

<comp id="48" class="1001" name="const_48">
<pin_list>
<pin id="49" dir="1" index="0" bw="1" slack="0"/>
</pin_list>
<bind>
<StgValue><ssdm name=""/></StgValue>
</bind>
</comp>

<comp id="50" class="1001" name="const_50">
<pin_list>
<pin id="51" dir="1" index="0" bw="1" slack="0"/>
</pin_list>
<bind>
<StgValue><ssdm name=""/></StgValue>
</bind>
</comp>

<comp id="52" class="1001" name="const_52">
<pin_list>
<pin id="53" dir="1" index="0" bw="1" slack="2147483647"/>
</pin_list>
<bind>
<StgValue><ssdm name="_ssdm_op_SpecLoopTripCount"/></StgValue>
</bind>
</comp>

<comp id="54" class="1001" name="const_54">
<pin_list>
<pin id="55" dir="1" index="0" bw="1" slack="2147483647"/>
</pin_list>
<bind>
<StgValue><ssdm name=""/></StgValue>
</bind>
</comp>

<comp id="56" class="1001" name="const_56">
<pin_list>
<pin id="57" dir="1" index="0" bw="1" slack="0"/>
</pin_list>
<bind>
<StgValue><ssdm name=""/></StgValue>
</bind>
</comp>

<comp id="58" class="1001" name="const_58">
<pin_list>
<pin id="59" dir="1" index="0" bw="1" slack="0"/>
</pin_list>
<bind>
<StgValue><ssdm name="_ssdm_op_BitConcatenate.i22.i11.i11"/></StgValue>
</bind>
</comp>

<comp id="60" class="1001" name="const_60">
<pin_list>
<pin id="61" dir="1" index="0" bw="1" slack="0"/>
</pin_list>
<bind>
<StgValue><ssdm name="_ssdm_op_BitConcatenate.i18.i11.i7"/></StgValue>
</bind>
</comp>

<comp id="62" class="1001" name="const_62">
<pin_list>
<pin id="63" dir="1" index="0" bw="1" slack="0"/>
</pin_list>
<bind>
<StgValue><ssdm name=""/></StgValue>
</bind>
</comp>

<comp id="64" class="1001" name="const_64">
<pin_list>
<pin id="65" dir="1" index="0" bw="1" slack="0"/>
</pin_list>
<bind>
<StgValue><ssdm name=""/></StgValue>
</bind>
</comp>

<comp id="66" class="1001" name="const_66">
<pin_list>
<pin id="67" dir="1" index="0" bw="1" slack="2147483647"/>
</pin_list>
<bind>
<StgValue><ssdm name="_ssdm_op_SpecLoopName"/></StgValue>
</bind>
</comp>

<comp id="68" class="1001" name="const_68">
<pin_list>
<pin id="69" dir="1" index="0" bw="1" slack="2147483647"/>
</pin_list>
<bind>
<StgValue><ssdm name="p_str9"/></StgValue>
</bind>
</comp>

<comp id="70" class="1001" name="const_70">
<pin_list>
<pin id="71" dir="1" index="0" bw="1" slack="2147483647"/>
</pin_list>
<bind>
<StgValue><ssdm name="_ssdm_op_SpecRegionBegin"/></StgValue>
</bind>
</comp>

<comp id="72" class="1001" name="const_72">
<pin_list>
<pin id="73" dir="1" index="0" bw="1" slack="0"/>
</pin_list>
<bind>
<StgValue><ssdm name="_ssdm_op_WriteReq.m_axi.i32P"/></StgValue>
</bind>
</comp>

<comp id="74" class="1001" name="const_74">
<pin_list>
<pin id="75" dir="1" index="0" bw="1" slack="0"/>
</pin_list>
<bind>
<StgValue><ssdm name=""/></StgValue>
</bind>
</comp>

<comp id="76" class="1001" name="const_76">
<pin_list>
<pin id="77" dir="1" index="0" bw="1" slack="0"/>
</pin_list>
<bind>
<StgValue><ssdm name=""/></StgValue>
</bind>
</comp>

<comp id="78" class="1001" name="const_78">
<pin_list>
<pin id="79" dir="1" index="0" bw="1" slack="2147483647"/>
</pin_list>
<bind>
<StgValue><ssdm name=""/></StgValue>
</bind>
</comp>

<comp id="80" class="1001" name="const_80">
<pin_list>
<pin id="81" dir="1" index="0" bw="1" slack="2147483647"/>
</pin_list>
<bind>
<StgValue><ssdm name="p_str10"/></StgValue>
</bind>
</comp>

<comp id="82" class="1001" name="const_82">
<pin_list>
<pin id="83" dir="1" index="0" bw="1" slack="2147483647"/>
</pin_list>
<bind>
<StgValue><ssdm name="_ssdm_op_SpecPipeline"/></StgValue>
</bind>
</comp>

<comp id="84" class="1001" name="const_84">
<pin_list>
<pin id="85" dir="1" index="0" bw="1" slack="2147483647"/>
</pin_list>
<bind>
<StgValue><ssdm name=""/></StgValue>
</bind>
</comp>

<comp id="86" class="1001" name="const_86">
<pin_list>
<pin id="87" dir="1" index="0" bw="1" slack="0"/>
</pin_list>
<bind>
<StgValue><ssdm name="_ssdm_op_Write.m_axi.i32P"/></StgValue>
</bind>
</comp>

<comp id="88" class="1001" name="const_88">
<pin_list>
<pin id="89" dir="1" index="0" bw="1" slack="0"/>
</pin_list>
<bind>
<StgValue><ssdm name=""/></StgValue>
</bind>
</comp>

<comp id="90" class="1001" name="const_90">
<pin_list>
<pin id="91" dir="1" index="0" bw="1" slack="2147483647"/>
</pin_list>
<bind>
<StgValue><ssdm name="_ssdm_op_SpecRegionEnd"/></StgValue>
</bind>
</comp>

<comp id="92" class="1001" name="const_92">
<pin_list>
<pin id="93" dir="1" index="0" bw="1" slack="0"/>
</pin_list>
<bind>
<StgValue><ssdm name="_ssdm_op_WriteResp.m_axi.i32P"/></StgValue>
</bind>
</comp>

<comp id="94" class="1001" name="const_94">
<pin_list>
<pin id="95" dir="1" index="0" bw="1" slack="0"/>
</pin_list>
<bind>
<StgValue><ssdm name=""/></StgValue>
</bind>
</comp>

<comp id="96" class="1001" name="const_96">
<pin_list>
<pin id="97" dir="1" index="0" bw="1" slack="1"/>
</pin_list>
<bind>
<StgValue><ssdm name=""/></StgValue>
</bind>
</comp>

<comp id="98" class="1001" name="const_98">
<pin_list>
<pin id="99" dir="1" index="0" bw="1" slack="0"/>
</pin_list>
<bind>
<StgValue><ssdm name="_ssdm_op_BitConcatenate.i13.i2.i11"/></StgValue>
</bind>
</comp>

<comp id="100" class="1001" name="const_100">
<pin_list>
<pin id="101" dir="1" index="0" bw="1" slack="0"/>
</pin_list>
<bind>
<StgValue><ssdm name="_ssdm_op_BitConcatenate.i9.i2.i7"/></StgValue>
</bind>
</comp>

<comp id="102" class="1001" name="const_102">
<pin_list>
<pin id="103" dir="1" index="0" bw="1" slack="0"/>
</pin_list>
<bind>
<StgValue><ssdm name=""/></StgValue>
</bind>
</comp>

<comp id="104" class="1001" name="const_104">
<pin_list>
<pin id="105" dir="1" index="0" bw="1" slack="0"/>
</pin_list>
<bind>
<StgValue><ssdm name=""/></StgValue>
</bind>
</comp>

<comp id="106" class="1001" name="const_106">
<pin_list>
<pin id="107" dir="1" index="0" bw="1" slack="0"/>
</pin_list>
<bind>
<StgValue><ssdm name=""/></StgValue>
</bind>
</comp>

<comp id="108" class="1001" name="const_108">
<pin_list>
<pin id="109" dir="1" index="0" bw="1" slack="0"/>
</pin_list>
<bind>
<StgValue><ssdm name=""/></StgValue>
</bind>
</comp>

<comp id="110" class="1001" name="const_110">
<pin_list>
<pin id="111" dir="1" index="0" bw="1" slack="0"/>
</pin_list>
<bind>
<StgValue><ssdm name=""/></StgValue>
</bind>
</comp>

<comp id="112" class="1001" name="const_112">
<pin_list>
<pin id="113" dir="1" index="0" bw="1" slack="2147483647"/>
</pin_list>
<bind>
<StgValue><ssdm name="lastLines_lastPixels"/></StgValue>
</bind>
</comp>

<comp id="114" class="1001" name="const_114">
<pin_list>
<pin id="115" dir="1" index="0" bw="1" slack="2147483647"/>
</pin_list>
<bind>
<StgValue><ssdm name=""/></StgValue>
</bind>
</comp>

<comp id="116" class="1001" name="const_116">
<pin_list>
<pin id="117" dir="1" index="0" bw="1" slack="2147483647"/>
</pin_list>
<bind>
<StgValue><ssdm name="p_str12"/></StgValue>
</bind>
</comp>

<comp id="118" class="1001" name="const_118">
<pin_list>
<pin id="119" dir="1" index="0" bw="1" slack="2147483647"/>
</pin_list>
<bind>
<StgValue><ssdm name=""/></StgValue>
</bind>
</comp>

<comp id="120" class="1004" name="out_pix_read_read_fu_120">
<pin_list>
<pin id="121" dir="0" index="0" bw="32" slack="0"/>
<pin id="122" dir="0" index="1" bw="32" slack="0"/>
<pin id="123" dir="1" index="2" bw="32" slack="0"/>
</pin_list>
<bind>
<opcode="read(1150) " fcode="read"/>
<opset="out_pix_read/1 "/>
</bind>
</comp>

<comp id="126" class="1004" name="grp_writeresp_fu_126">
<pin_list>
<pin id="127" dir="0" index="0" bw="1" slack="0"/>
<pin id="128" dir="0" index="1" bw="32" slack="1"/>
<pin id="129" dir="0" index="2" bw="12" slack="0"/>
<pin id="130" dir="1" index="3" bw="1" slack="2147483647"/>
</pin_list>
<bind>
<opcode="writereq(1155) writeresp(1158) " fcode="writeresp"/>
<opset="gmem1_addr_wr_req/3 gmem1_addr_wr_resp/6 "/>
</bind>
</comp>

<comp id="133" class="1004" name="StgValue_77_write_fu_133">
<pin_list>
<pin id="134" dir="0" index="0" bw="0" slack="0"/>
<pin id="135" dir="0" index="1" bw="32" slack="3"/>
<pin id="136" dir="0" index="2" bw="1" slack="0"/>
<pin id="137" dir="0" index="3" bw="1" slack="0"/>
<pin id="138" dir="1" index="4" bw="0" slack="2147483647"/>
</pin_list>
<bind>
<opcode="write(1151) " fcode="write"/>
<opset="StgValue_77/5 "/>
</bind>
</comp>

<comp id="143" class="1004" name="grp_writeresp_fu_143">
<pin_list>
<pin id="144" dir="0" index="0" bw="1" slack="0"/>
<pin id="145" dir="0" index="1" bw="32" slack="1"/>
<pin id="146" dir="0" index="2" bw="12" slack="0"/>
<pin id="147" dir="1" index="3" bw="1" slack="2147483647"/>
</pin_list>
<bind>
<opcode="writereq(1155) writeresp(1158) " fcode="writeresp"/>
<opset="gmem1_addr_2_wr_req/28 gmem1_addr_2_wr_resp/30 "/>
</bind>
</comp>

<comp id="150" class="1004" name="StgValue_154_write_fu_150">
<pin_list>
<pin id="151" dir="0" index="0" bw="0" slack="0"/>
<pin id="152" dir="0" index="1" bw="32" slack="2"/>
<pin id="153" dir="0" index="2" bw="1" slack="0"/>
<pin id="154" dir="0" index="3" bw="1" slack="0"/>
<pin id="155" dir="1" index="4" bw="0" slack="2147483647"/>
</pin_list>
<bind>
<opcode="write(1151) " fcode="write"/>
<opset="StgValue_154/29 "/>
</bind>
</comp>

<comp id="160" class="1005" name="i_reg_160">
<pin_list>
<pin id="161" dir="0" index="0" bw="11" slack="1"/>
<pin id="162" dir="1" index="1" bw="11" slack="1"/>
</pin_list>
<bind>
<opset="i (phireg) "/>
</bind>
</comp>

<comp id="164" class="1004" name="i_phi_fu_164">
<pin_list>
<pin id="165" dir="0" index="0" bw="1" slack="1"/>
<pin id="166" dir="0" index="1" bw="0" slack="2147483647"/>
<pin id="167" dir="0" index="2" bw="11" slack="0"/>
<pin id="168" dir="0" index="3" bw="0" slack="2147483647"/>
<pin id="169" dir="1" index="4" bw="11" slack="0"/>
</pin_list>
<bind>
<opcode="phi(47) " fcode="phi"/>
<opset="i/2 "/>
</bind>
</comp>

<comp id="171" class="1005" name="j_reg_171">
<pin_list>
<pin id="172" dir="0" index="0" bw="11" slack="1"/>
<pin id="173" dir="1" index="1" bw="11" slack="1"/>
</pin_list>
<bind>
<opset="j (phireg) "/>
</bind>
</comp>

<comp id="175" class="1004" name="j_phi_fu_175">
<pin_list>
<pin id="176" dir="0" index="0" bw="1" slack="1"/>
<pin id="177" dir="0" index="1" bw="0" slack="2147483647"/>
<pin id="178" dir="0" index="2" bw="11" slack="0"/>
<pin id="179" dir="0" index="3" bw="0" slack="2147483647"/>
<pin id="180" dir="1" index="4" bw="11" slack="0"/>
</pin_list>
<bind>
<opcode="phi(47) " fcode="phi"/>
<opset="j/4 "/>
</bind>
</comp>

<comp id="182" class="1005" name="indvar_flatten_reg_182">
<pin_list>
<pin id="183" dir="0" index="0" bw="13" slack="1"/>
<pin id="184" dir="1" index="1" bw="13" slack="1"/>
</pin_list>
<bind>
<opset="indvar_flatten (phireg) "/>
</bind>
</comp>

<comp id="186" class="1004" name="indvar_flatten_phi_fu_186">
<pin_list>
<pin id="187" dir="0" index="0" bw="13" slack="0"/>
<pin id="188" dir="0" index="1" bw="0" slack="2147483647"/>
<pin id="189" dir="0" index="2" bw="1" slack="1"/>
<pin id="190" dir="0" index="3" bw="0" slack="2147483647"/>
<pin id="191" dir="1" index="4" bw="13" slack="0"/>
</pin_list>
<bind>
<opcode="phi(47) " fcode="phi"/>
<opset="indvar_flatten/11 "/>
</bind>
</comp>

<comp id="194" class="1005" name="i2_reg_194">
<pin_list>
<pin id="195" dir="0" index="0" bw="2" slack="1"/>
<pin id="196" dir="1" index="1" bw="2" slack="1"/>
</pin_list>
<bind>
<opset="i2 (phireg) "/>
</bind>
</comp>

<comp id="198" class="1004" name="i2_phi_fu_198">
<pin_list>
<pin id="199" dir="0" index="0" bw="2" slack="0"/>
<pin id="200" dir="0" index="1" bw="0" slack="2147483647"/>
<pin id="201" dir="0" index="2" bw="1" slack="1"/>
<pin id="202" dir="0" index="3" bw="0" slack="2147483647"/>
<pin id="203" dir="1" index="4" bw="2" slack="0"/>
</pin_list>
<bind>
<opcode="phi(47) " fcode="phi"/>
<opset="i2/11 "/>
</bind>
</comp>

<comp id="205" class="1005" name="j3_reg_205">
<pin_list>
<pin id="206" dir="0" index="0" bw="11" slack="1"/>
<pin id="207" dir="1" index="1" bw="11" slack="1"/>
</pin_list>
<bind>
<opset="j3 (phireg) "/>
</bind>
</comp>

<comp id="209" class="1004" name="j3_phi_fu_209">
<pin_list>
<pin id="210" dir="0" index="0" bw="11" slack="0"/>
<pin id="211" dir="0" index="1" bw="0" slack="2147483647"/>
<pin id="212" dir="0" index="2" bw="1" slack="1"/>
<pin id="213" dir="0" index="3" bw="0" slack="2147483647"/>
<pin id="214" dir="1" index="4" bw="11" slack="0"/>
</pin_list>
<bind>
<opcode="phi(47) " fcode="phi"/>
<opset="j3/11 "/>
</bind>
</comp>

<comp id="216" class="1004" name="tmp_fu_216">
<pin_list>
<pin id="217" dir="0" index="0" bw="30" slack="0"/>
<pin id="218" dir="0" index="1" bw="32" slack="0"/>
<pin id="219" dir="0" index="2" bw="3" slack="0"/>
<pin id="220" dir="0" index="3" bw="6" slack="0"/>
<pin id="221" dir="1" index="4" bw="30" slack="0"/>
</pin_list>
<bind>
<opcode="partselect(1002) " fcode="partselect"/>
<opset="tmp/1 "/>
</bind>
</comp>

<comp id="226" class="1004" name="tmp_3_cast_fu_226">
<pin_list>
<pin id="227" dir="0" index="0" bw="30" slack="0"/>
<pin id="228" dir="1" index="1" bw="33" slack="1"/>
</pin_list>
<bind>
<opcode="zext(34) " fcode="zext"/>
<opset="tmp_3_cast/1 "/>
</bind>
</comp>

<comp id="230" class="1004" name="tmp_1_fu_230">
<pin_list>
<pin id="231" dir="0" index="0" bw="11" slack="0"/>
<pin id="232" dir="0" index="1" bw="11" slack="0"/>
<pin id="233" dir="1" index="2" bw="1" slack="1"/>
</pin_list>
<bind>
<opcode="icmp(45) " fcode="icmp"/>
<opset="tmp_1/2 "/>
</bind>
</comp>

<comp id="236" class="1004" name="i_1_fu_236">
<pin_list>
<pin id="237" dir="0" index="0" bw="11" slack="0"/>
<pin id="238" dir="0" index="1" bw="1" slack="0"/>
<pin id="239" dir="1" index="2" bw="11" slack="0"/>
</pin_list>
<bind>
<opcode="add(8) " fcode="add"/>
<opset="i_1/2 "/>
</bind>
</comp>

<comp id="242" class="1004" name="p_shl1_fu_242">
<pin_list>
<pin id="243" dir="0" index="0" bw="22" slack="0"/>
<pin id="244" dir="0" index="1" bw="11" slack="0"/>
<pin id="245" dir="0" index="2" bw="1" slack="0"/>
<pin id="246" dir="1" index="3" bw="22" slack="0"/>
</pin_list>
<bind>
<opcode="bitconcatenate(1004) " fcode="bitconcatenate"/>
<opset="p_shl1/2 "/>
</bind>
</comp>

<comp id="250" class="1004" name="p_shl1_cast_fu_250">
<pin_list>
<pin id="251" dir="0" index="0" bw="22" slack="0"/>
<pin id="252" dir="1" index="1" bw="23" slack="0"/>
</pin_list>
<bind>
<opcode="zext(34) " fcode="zext"/>
<opset="p_shl1_cast/2 "/>
</bind>
</comp>

<comp id="254" class="1004" name="p_shl2_fu_254">
<pin_list>
<pin id="255" dir="0" index="0" bw="18" slack="0"/>
<pin id="256" dir="0" index="1" bw="11" slack="0"/>
<pin id="257" dir="0" index="2" bw="1" slack="0"/>
<pin id="258" dir="1" index="3" bw="18" slack="0"/>
</pin_list>
<bind>
<opcode="bitconcatenate(1004) " fcode="bitconcatenate"/>
<opset="p_shl2/2 "/>
</bind>
</comp>

<comp id="262" class="1004" name="p_shl2_cast_fu_262">
<pin_list>
<pin id="263" dir="0" index="0" bw="18" slack="0"/>
<pin id="264" dir="1" index="1" bw="23" slack="0"/>
</pin_list>
<bind>
<opcode="zext(34) " fcode="zext"/>
<opset="p_shl2_cast/2 "/>
</bind>
</comp>

<comp id="266" class="1004" name="tmp_2_fu_266">
<pin_list>
<pin id="267" dir="0" index="0" bw="22" slack="0"/>
<pin id="268" dir="0" index="1" bw="18" slack="0"/>
<pin id="269" dir="1" index="2" bw="23" slack="0"/>
</pin_list>
<bind>
<opcode="sub(10) " fcode="sub"/>
<opset="tmp_2/2 "/>
</bind>
</comp>

<comp id="272" class="1004" name="tmp_4_fu_272">
<pin_list>
<pin id="273" dir="0" index="0" bw="23" slack="0"/>
<pin id="274" dir="0" index="1" bw="13" slack="0"/>
<pin id="275" dir="1" index="2" bw="23" slack="0"/>
</pin_list>
<bind>
<opcode="add(8) " fcode="add"/>
<opset="tmp_4/2 "/>
</bind>
</comp>

<comp id="278" class="1004" name="tmp_6_fu_278">
<pin_list>
<pin id="279" dir="0" index="0" bw="23" slack="0"/>
<pin id="280" dir="1" index="1" bw="32" slack="0"/>
</pin_list>
<bind>
<opcode="sext(35) " fcode="sext"/>
<opset="tmp_6/2 "/>
</bind>
</comp>

<comp id="282" class="1004" name="tmp_8_cast_fu_282">
<pin_list>
<pin id="283" dir="0" index="0" bw="23" slack="0"/>
<pin id="284" dir="1" index="1" bw="33" slack="0"/>
</pin_list>
<bind>
<opcode="zext(34) " fcode="zext"/>
<opset="tmp_8_cast/2 "/>
</bind>
</comp>

<comp id="286" class="1004" name="out_pix4_sum_fu_286">
<pin_list>
<pin id="287" dir="0" index="0" bw="32" slack="0"/>
<pin id="288" dir="0" index="1" bw="30" slack="1"/>
<pin id="289" dir="1" index="2" bw="33" slack="0"/>
</pin_list>
<bind>
<opcode="add(8) " fcode="add"/>
<opset="out_pix4_sum/2 "/>
</bind>
</comp>

<comp id="291" class="1004" name="out_pix4_sum_cast_fu_291">
<pin_list>
<pin id="292" dir="0" index="0" bw="33" slack="0"/>
<pin id="293" dir="1" index="1" bw="64" slack="0"/>
</pin_list>
<bind>
<opcode="zext(34) " fcode="zext"/>
<opset="out_pix4_sum_cast/2 "/>
</bind>
</comp>

<comp id="295" class="1004" name="gmem1_addr_fu_295">
<pin_list>
<pin id="296" dir="0" index="0" bw="32" slack="0"/>
<pin id="297" dir="0" index="1" bw="33" slack="0"/>
<pin id="298" dir="1" index="2" bw="32" slack="1"/>
</pin_list>
<bind>
<opcode="getelementptr(29) " fcode="getelementptr"/>
<opset="gmem1_addr/2 "/>
</bind>
</comp>

<comp id="301" class="1004" name="tmp_5_fu_301">
<pin_list>
<pin id="302" dir="0" index="0" bw="11" slack="0"/>
<pin id="303" dir="0" index="1" bw="8" slack="0"/>
<pin id="304" dir="1" index="2" bw="1" slack="2147483647"/>
</pin_list>
<bind>
<opcode="icmp(45) " fcode="icmp"/>
<opset="tmp_5/4 "/>
</bind>
</comp>

<comp id="307" class="1004" name="j_1_fu_307">
<pin_list>
<pin id="308" dir="0" index="0" bw="11" slack="0"/>
<pin id="309" dir="0" index="1" bw="1" slack="0"/>
<pin id="310" dir="1" index="2" bw="11" slack="0"/>
</pin_list>
<bind>
<opcode="add(8) " fcode="add"/>
<opset="j_1/4 "/>
</bind>
</comp>

<comp id="313" class="1004" name="p_shl_fu_313">
<pin_list>
<pin id="314" dir="0" index="0" bw="13" slack="0"/>
<pin id="315" dir="0" index="1" bw="2" slack="0"/>
<pin id="316" dir="0" index="2" bw="1" slack="0"/>
<pin id="317" dir="1" index="3" bw="13" slack="0"/>
</pin_list>
<bind>
<opcode="bitconcatenate(1004) " fcode="bitconcatenate"/>
<opset="p_shl/11 "/>
</bind>
</comp>

<comp id="321" class="1004" name="p_shl_cast_fu_321">
<pin_list>
<pin id="322" dir="0" index="0" bw="13" slack="0"/>
<pin id="323" dir="1" index="1" bw="14" slack="0"/>
</pin_list>
<bind>
<opcode="zext(34) " fcode="zext"/>
<opset="p_shl_cast/11 "/>
</bind>
</comp>

<comp id="325" class="1004" name="p_shl3_fu_325">
<pin_list>
<pin id="326" dir="0" index="0" bw="9" slack="0"/>
<pin id="327" dir="0" index="1" bw="2" slack="0"/>
<pin id="328" dir="0" index="2" bw="1" slack="0"/>
<pin id="329" dir="1" index="3" bw="9" slack="0"/>
</pin_list>
<bind>
<opcode="bitconcatenate(1004) " fcode="bitconcatenate"/>
<opset="p_shl3/11 "/>
</bind>
</comp>

<comp id="333" class="1004" name="p_shl3_cast_fu_333">
<pin_list>
<pin id="334" dir="0" index="0" bw="9" slack="0"/>
<pin id="335" dir="1" index="1" bw="14" slack="0"/>
</pin_list>
<bind>
<opcode="zext(34) " fcode="zext"/>
<opset="p_shl3_cast/11 "/>
</bind>
</comp>

<comp id="337" class="1004" name="tmp_7_fu_337">
<pin_list>
<pin id="338" dir="0" index="0" bw="13" slack="0"/>
<pin id="339" dir="0" index="1" bw="9" slack="0"/>
<pin id="340" dir="1" index="2" bw="14" slack="0"/>
</pin_list>
<bind>
<opcode="sub(10) " fcode="sub"/>
<opset="tmp_7/11 "/>
</bind>
</comp>

<comp id="343" class="1004" name="exitcond_flatten_fu_343">
<pin_list>
<pin id="344" dir="0" index="0" bw="13" slack="0"/>
<pin id="345" dir="0" index="1" bw="13" slack="0"/>
<pin id="346" dir="1" index="2" bw="1" slack="1"/>
</pin_list>
<bind>
<opcode="icmp(45) " fcode="icmp"/>
<opset="exitcond_flatten/11 "/>
</bind>
</comp>

<comp id="349" class="1004" name="indvar_flatten_next_fu_349">
<pin_list>
<pin id="350" dir="0" index="0" bw="13" slack="0"/>
<pin id="351" dir="0" index="1" bw="1" slack="0"/>
<pin id="352" dir="1" index="2" bw="13" slack="0"/>
</pin_list>
<bind>
<opcode="add(8) " fcode="add"/>
<opset="indvar_flatten_next/11 "/>
</bind>
</comp>

<comp id="355" class="1004" name="tmp_3_fu_355">
<pin_list>
<pin id="356" dir="0" index="0" bw="11" slack="0"/>
<pin id="357" dir="0" index="1" bw="8" slack="0"/>
<pin id="358" dir="1" index="2" bw="1" slack="0"/>
</pin_list>
<bind>
<opcode="icmp(45) " fcode="icmp"/>
<opset="tmp_3/11 "/>
</bind>
</comp>

<comp id="361" class="1004" name="i_s_fu_361">
<pin_list>
<pin id="362" dir="0" index="0" bw="2" slack="0"/>
<pin id="363" dir="0" index="1" bw="1" slack="0"/>
<pin id="364" dir="1" index="2" bw="2" slack="0"/>
</pin_list>
<bind>
<opcode="add(8) " fcode="add"/>
<opset="i_s/11 "/>
</bind>
</comp>

<comp id="367" class="1004" name="p_shl_mid1_fu_367">
<pin_list>
<pin id="368" dir="0" index="0" bw="13" slack="0"/>
<pin id="369" dir="0" index="1" bw="2" slack="0"/>
<pin id="370" dir="0" index="2" bw="1" slack="0"/>
<pin id="371" dir="1" index="3" bw="13" slack="0"/>
</pin_list>
<bind>
<opcode="bitconcatenate(1004) " fcode="bitconcatenate"/>
<opset="p_shl_mid1/11 "/>
</bind>
</comp>

<comp id="375" class="1004" name="p_shl_cast_mid1_fu_375">
<pin_list>
<pin id="376" dir="0" index="0" bw="13" slack="0"/>
<pin id="377" dir="1" index="1" bw="14" slack="0"/>
</pin_list>
<bind>
<opcode="zext(34) " fcode="zext"/>
<opset="p_shl_cast_mid1/11 "/>
</bind>
</comp>

<comp id="379" class="1004" name="p_shl3_mid1_fu_379">
<pin_list>
<pin id="380" dir="0" index="0" bw="9" slack="0"/>
<pin id="381" dir="0" index="1" bw="2" slack="0"/>
<pin id="382" dir="0" index="2" bw="1" slack="0"/>
<pin id="383" dir="1" index="3" bw="9" slack="0"/>
</pin_list>
<bind>
<opcode="bitconcatenate(1004) " fcode="bitconcatenate"/>
<opset="p_shl3_mid1/11 "/>
</bind>
</comp>

<comp id="387" class="1004" name="p_shl3_cast_mid1_fu_387">
<pin_list>
<pin id="388" dir="0" index="0" bw="9" slack="0"/>
<pin id="389" dir="1" index="1" bw="14" slack="0"/>
</pin_list>
<bind>
<opcode="zext(34) " fcode="zext"/>
<opset="p_shl3_cast_mid1/11 "/>
</bind>
</comp>

<comp id="391" class="1004" name="tmp_7_mid1_fu_391">
<pin_list>
<pin id="392" dir="0" index="0" bw="13" slack="0"/>
<pin id="393" dir="0" index="1" bw="9" slack="0"/>
<pin id="394" dir="1" index="2" bw="14" slack="0"/>
</pin_list>
<bind>
<opcode="sub(10) " fcode="sub"/>
<opset="tmp_7_mid1/11 "/>
</bind>
</comp>

<comp id="397" class="1004" name="tmp_7_mid2_fu_397">
<pin_list>
<pin id="398" dir="0" index="0" bw="1" slack="0"/>
<pin id="399" dir="0" index="1" bw="14" slack="0"/>
<pin id="400" dir="0" index="2" bw="14" slack="0"/>
<pin id="401" dir="1" index="3" bw="14" slack="0"/>
</pin_list>
<bind>
<opcode="select(49) " fcode="select"/>
<opset="tmp_7_mid2/11 "/>
</bind>
</comp>

<comp id="405" class="1004" name="tmp_25_mid2_v_v_fu_405">
<pin_list>
<pin id="406" dir="0" index="0" bw="14" slack="0"/>
<pin id="407" dir="0" index="1" bw="13" slack="0"/>
<pin id="408" dir="1" index="2" bw="14" slack="16"/>
</pin_list>
<bind>
<opcode="add(8) " fcode="add"/>
<opset="tmp_25_mid2_v_v/11 "/>
</bind>
</comp>

<comp id="411" class="1004" name="i2_mid2_fu_411">
<pin_list>
<pin id="412" dir="0" index="0" bw="1" slack="0"/>
<pin id="413" dir="0" index="1" bw="2" slack="0"/>
<pin id="414" dir="0" index="2" bw="2" slack="0"/>
<pin id="415" dir="1" index="3" bw="2" slack="0"/>
</pin_list>
<bind>
<opcode="select(49) " fcode="select"/>
<opset="i2_mid2/11 "/>
</bind>
</comp>

<comp id="419" class="1004" name="grp_fu_419">
<pin_list>
<pin id="420" dir="0" index="0" bw="13" slack="0"/>
<pin id="421" dir="0" index="1" bw="12" slack="0"/>
<pin id="422" dir="1" index="2" bw="13" slack="0"/>
</pin_list>
<bind>
<opcode="urem(17) " fcode="urem"/>
<opset="tmp_10/11 "/>
</bind>
</comp>

<comp id="425" class="1004" name="j3_op_fu_425">
<pin_list>
<pin id="426" dir="0" index="0" bw="11" slack="0"/>
<pin id="427" dir="0" index="1" bw="1" slack="0"/>
<pin id="428" dir="1" index="2" bw="11" slack="0"/>
</pin_list>
<bind>
<opcode="add(8) " fcode="add"/>
<opset="j3_op/11 "/>
</bind>
</comp>

<comp id="431" class="1004" name="j_2_fu_431">
<pin_list>
<pin id="432" dir="0" index="0" bw="1" slack="0"/>
<pin id="433" dir="0" index="1" bw="1" slack="0"/>
<pin id="434" dir="0" index="2" bw="11" slack="0"/>
<pin id="435" dir="1" index="3" bw="11" slack="0"/>
</pin_list>
<bind>
<opcode="select(49) " fcode="select"/>
<opset="j_2/11 "/>
</bind>
</comp>

<comp id="439" class="1004" name="grp_fu_439">
<pin_list>
<pin id="440" dir="0" index="0" bw="13" slack="0"/>
<pin id="441" dir="0" index="1" bw="12" slack="0"/>
<pin id="442" dir="1" index="2" bw="13" slack="0"/>
</pin_list>
<bind>
<opcode="urem(17) " fcode="urem"/>
<opset="tmp_12/11 "/>
</bind>
</comp>

<comp id="445" class="1004" name="tmp_25_mid2_v_fu_445">
<pin_list>
<pin id="446" dir="0" index="0" bw="14" slack="16"/>
<pin id="447" dir="1" index="1" bw="32" slack="0"/>
</pin_list>
<bind>
<opcode="sext(35) " fcode="sext"/>
<opset="tmp_25_mid2_v/27 "/>
</bind>
</comp>

<comp id="448" class="1004" name="tmp_25_mid2_cast_fu_448">
<pin_list>
<pin id="449" dir="0" index="0" bw="14" slack="0"/>
<pin id="450" dir="1" index="1" bw="33" slack="0"/>
</pin_list>
<bind>
<opcode="zext(34) " fcode="zext"/>
<opset="tmp_25_mid2_cast/27 "/>
</bind>
</comp>

<comp id="452" class="1004" name="out_pix4_sum7_fu_452">
<pin_list>
<pin id="453" dir="0" index="0" bw="32" slack="0"/>
<pin id="454" dir="0" index="1" bw="30" slack="18"/>
<pin id="455" dir="1" index="2" bw="33" slack="0"/>
</pin_list>
<bind>
<opcode="add(8) " fcode="add"/>
<opset="out_pix4_sum7/27 "/>
</bind>
</comp>

<comp id="457" class="1004" name="out_pix4_sum7_cast_fu_457">
<pin_list>
<pin id="458" dir="0" index="0" bw="33" slack="0"/>
<pin id="459" dir="1" index="1" bw="64" slack="0"/>
</pin_list>
<bind>
<opcode="zext(34) " fcode="zext"/>
<opset="out_pix4_sum7_cast/27 "/>
</bind>
</comp>

<comp id="461" class="1004" name="gmem1_addr_1_fu_461">
<pin_list>
<pin id="462" dir="0" index="0" bw="32" slack="0"/>
<pin id="463" dir="0" index="1" bw="33" slack="0"/>
<pin id="464" dir="1" index="2" bw="32" slack="1"/>
</pin_list>
<bind>
<opcode="getelementptr(29) " fcode="getelementptr"/>
<opset="gmem1_addr_1/27 "/>
</bind>
</comp>

<comp id="467" class="1004" name="tmp_11_fu_467">
<pin_list>
<pin id="468" dir="0" index="0" bw="12" slack="0"/>
<pin id="469" dir="0" index="1" bw="1" slack="0"/>
<pin id="470" dir="1" index="2" bw="1" slack="1"/>
</pin_list>
<bind>
<opcode="icmp(45) " fcode="icmp"/>
<opset="tmp_11/27 "/>
</bind>
</comp>

<comp id="473" class="1004" name="tmp_13_fu_473">
<pin_list>
<pin id="474" dir="0" index="0" bw="12" slack="0"/>
<pin id="475" dir="0" index="1" bw="1" slack="0"/>
<pin id="476" dir="1" index="2" bw="1" slack="3"/>
</pin_list>
<bind>
<opcode="icmp(45) " fcode="icmp"/>
<opset="tmp_13/27 "/>
</bind>
</comp>

<comp id="479" class="1005" name="tmp_3_cast_reg_479">
<pin_list>
<pin id="480" dir="0" index="0" bw="33" slack="1"/>
<pin id="481" dir="1" index="1" bw="33" slack="1"/>
</pin_list>
<bind>
<opset="tmp_3_cast "/>
</bind>
</comp>

<comp id="485" class="1005" name="tmp_1_reg_485">
<pin_list>
<pin id="486" dir="0" index="0" bw="1" slack="1"/>
<pin id="487" dir="1" index="1" bw="1" slack="2147483647"/>
</pin_list>
<bind>
<opset="tmp_1 "/>
</bind>
</comp>

<comp id="489" class="1005" name="i_1_reg_489">
<pin_list>
<pin id="490" dir="0" index="0" bw="11" slack="0"/>
<pin id="491" dir="1" index="1" bw="11" slack="0"/>
</pin_list>
<bind>
<opset="i_1 "/>
</bind>
</comp>

<comp id="494" class="1005" name="gmem1_addr_reg_494">
<pin_list>
<pin id="495" dir="0" index="0" bw="32" slack="1"/>
<pin id="496" dir="1" index="1" bw="32" slack="1"/>
</pin_list>
<bind>
<opset="gmem1_addr "/>
</bind>
</comp>

<comp id="503" class="1005" name="j_1_reg_503">
<pin_list>
<pin id="504" dir="0" index="0" bw="11" slack="0"/>
<pin id="505" dir="1" index="1" bw="11" slack="0"/>
</pin_list>
<bind>
<opset="j_1 "/>
</bind>
</comp>

<comp id="508" class="1005" name="exitcond_flatten_reg_508">
<pin_list>
<pin id="509" dir="0" index="0" bw="1" slack="1"/>
<pin id="510" dir="1" index="1" bw="1" slack="2147483647"/>
</pin_list>
<bind>
<opset="exitcond_flatten "/>
</bind>
</comp>

<comp id="512" class="1005" name="indvar_flatten_next_reg_512">
<pin_list>
<pin id="513" dir="0" index="0" bw="13" slack="0"/>
<pin id="514" dir="1" index="1" bw="13" slack="0"/>
</pin_list>
<bind>
<opset="indvar_flatten_next "/>
</bind>
</comp>

<comp id="518" class="1005" name="tmp_25_mid2_v_v_reg_518">
<pin_list>
<pin id="519" dir="0" index="0" bw="14" slack="16"/>
<pin id="520" dir="1" index="1" bw="14" slack="16"/>
</pin_list>
<bind>
<opset="tmp_25_mid2_v_v "/>
</bind>
</comp>

<comp id="523" class="1005" name="i2_mid2_reg_523">
<pin_list>
<pin id="524" dir="0" index="0" bw="2" slack="0"/>
<pin id="525" dir="1" index="1" bw="2" slack="0"/>
</pin_list>
<bind>
<opset="i2_mid2 "/>
</bind>
</comp>

<comp id="528" class="1005" name="j_2_reg_528">
<pin_list>
<pin id="529" dir="0" index="0" bw="11" slack="0"/>
<pin id="530" dir="1" index="1" bw="11" slack="0"/>
</pin_list>
<bind>
<opset="j_2 "/>
</bind>
</comp>

<comp id="533" class="1005" name="gmem1_addr_1_reg_533">
<pin_list>
<pin id="534" dir="0" index="0" bw="32" slack="1"/>
<pin id="535" dir="1" index="1" bw="32" slack="1"/>
</pin_list>
<bind>
<opset="gmem1_addr_1 "/>
</bind>
</comp>

<comp id="539" class="1005" name="tmp_11_reg_539">
<pin_list>
<pin id="540" dir="0" index="0" bw="1" slack="1"/>
<pin id="541" dir="1" index="1" bw="1" slack="2147483647"/>
</pin_list>
<bind>
<opset="tmp_11 "/>
</bind>
</comp>

<comp id="543" class="1005" name="tmp_13_reg_543">
<pin_list>
<pin id="544" dir="0" index="0" bw="1" slack="3"/>
<pin id="545" dir="1" index="1" bw="1" slack="2147483647"/>
</pin_list>
<bind>
<opset="tmp_13 "/>
</bind>
</comp>

</comp_list>

<net_list>
<net id="124"><net_src comp="8" pin="0"/><net_sink comp="120" pin=0"/></net>

<net id="125"><net_src comp="6" pin="0"/><net_sink comp="120" pin=1"/></net>

<net id="131"><net_src comp="72" pin="0"/><net_sink comp="126" pin=0"/></net>

<net id="132"><net_src comp="74" pin="0"/><net_sink comp="126" pin=2"/></net>

<net id="139"><net_src comp="86" pin="0"/><net_sink comp="133" pin=0"/></net>

<net id="140"><net_src comp="26" pin="0"/><net_sink comp="133" pin=2"/></net>

<net id="141"><net_src comp="88" pin="0"/><net_sink comp="133" pin=3"/></net>

<net id="142"><net_src comp="92" pin="0"/><net_sink comp="126" pin=0"/></net>

<net id="148"><net_src comp="72" pin="0"/><net_sink comp="143" pin=0"/></net>

<net id="149"><net_src comp="74" pin="0"/><net_sink comp="143" pin=2"/></net>

<net id="156"><net_src comp="86" pin="0"/><net_sink comp="150" pin=0"/></net>

<net id="157"><net_src comp="26" pin="0"/><net_sink comp="150" pin=2"/></net>

<net id="158"><net_src comp="88" pin="0"/><net_sink comp="150" pin=3"/></net>

<net id="159"><net_src comp="92" pin="0"/><net_sink comp="143" pin=0"/></net>

<net id="163"><net_src comp="48" pin="0"/><net_sink comp="160" pin=0"/></net>

<net id="170"><net_src comp="160" pin="1"/><net_sink comp="164" pin=0"/></net>

<net id="174"><net_src comp="48" pin="0"/><net_sink comp="171" pin=0"/></net>

<net id="181"><net_src comp="171" pin="1"/><net_sink comp="175" pin=0"/></net>

<net id="185"><net_src comp="94" pin="0"/><net_sink comp="182" pin=0"/></net>

<net id="192"><net_src comp="182" pin="1"/><net_sink comp="186" pin=2"/></net>

<net id="193"><net_src comp="186" pin="4"/><net_sink comp="182" pin=0"/></net>

<net id="197"><net_src comp="96" pin="0"/><net_sink comp="194" pin=0"/></net>

<net id="204"><net_src comp="194" pin="1"/><net_sink comp="198" pin=2"/></net>

<net id="208"><net_src comp="48" pin="0"/><net_sink comp="205" pin=0"/></net>

<net id="215"><net_src comp="205" pin="1"/><net_sink comp="209" pin=2"/></net>

<net id="222"><net_src comp="10" pin="0"/><net_sink comp="216" pin=0"/></net>

<net id="223"><net_src comp="120" pin="2"/><net_sink comp="216" pin=1"/></net>

<net id="224"><net_src comp="12" pin="0"/><net_sink comp="216" pin=2"/></net>

<net id="225"><net_src comp="14" pin="0"/><net_sink comp="216" pin=3"/></net>

<net id="229"><net_src comp="216" pin="4"/><net_sink comp="226" pin=0"/></net>

<net id="234"><net_src comp="164" pin="4"/><net_sink comp="230" pin=0"/></net>

<net id="235"><net_src comp="50" pin="0"/><net_sink comp="230" pin=1"/></net>

<net id="240"><net_src comp="164" pin="4"/><net_sink comp="236" pin=0"/></net>

<net id="241"><net_src comp="56" pin="0"/><net_sink comp="236" pin=1"/></net>

<net id="247"><net_src comp="58" pin="0"/><net_sink comp="242" pin=0"/></net>

<net id="248"><net_src comp="164" pin="4"/><net_sink comp="242" pin=1"/></net>

<net id="249"><net_src comp="48" pin="0"/><net_sink comp="242" pin=2"/></net>

<net id="253"><net_src comp="242" pin="3"/><net_sink comp="250" pin=0"/></net>

<net id="259"><net_src comp="60" pin="0"/><net_sink comp="254" pin=0"/></net>

<net id="260"><net_src comp="164" pin="4"/><net_sink comp="254" pin=1"/></net>

<net id="261"><net_src comp="62" pin="0"/><net_sink comp="254" pin=2"/></net>

<net id="265"><net_src comp="254" pin="3"/><net_sink comp="262" pin=0"/></net>

<net id="270"><net_src comp="250" pin="1"/><net_sink comp="266" pin=0"/></net>

<net id="271"><net_src comp="262" pin="1"/><net_sink comp="266" pin=1"/></net>

<net id="276"><net_src comp="266" pin="2"/><net_sink comp="272" pin=0"/></net>

<net id="277"><net_src comp="64" pin="0"/><net_sink comp="272" pin=1"/></net>

<net id="281"><net_src comp="272" pin="2"/><net_sink comp="278" pin=0"/></net>

<net id="285"><net_src comp="278" pin="1"/><net_sink comp="282" pin=0"/></net>

<net id="290"><net_src comp="282" pin="1"/><net_sink comp="286" pin=0"/></net>

<net id="294"><net_src comp="286" pin="2"/><net_sink comp="291" pin=0"/></net>

<net id="299"><net_src comp="2" pin="0"/><net_sink comp="295" pin=0"/></net>

<net id="300"><net_src comp="291" pin="1"/><net_sink comp="295" pin=1"/></net>

<net id="305"><net_src comp="175" pin="4"/><net_sink comp="301" pin=0"/></net>

<net id="306"><net_src comp="76" pin="0"/><net_sink comp="301" pin=1"/></net>

<net id="311"><net_src comp="175" pin="4"/><net_sink comp="307" pin=0"/></net>

<net id="312"><net_src comp="56" pin="0"/><net_sink comp="307" pin=1"/></net>

<net id="318"><net_src comp="98" pin="0"/><net_sink comp="313" pin=0"/></net>

<net id="319"><net_src comp="198" pin="4"/><net_sink comp="313" pin=1"/></net>

<net id="320"><net_src comp="48" pin="0"/><net_sink comp="313" pin=2"/></net>

<net id="324"><net_src comp="313" pin="3"/><net_sink comp="321" pin=0"/></net>

<net id="330"><net_src comp="100" pin="0"/><net_sink comp="325" pin=0"/></net>

<net id="331"><net_src comp="198" pin="4"/><net_sink comp="325" pin=1"/></net>

<net id="332"><net_src comp="62" pin="0"/><net_sink comp="325" pin=2"/></net>

<net id="336"><net_src comp="325" pin="3"/><net_sink comp="333" pin=0"/></net>

<net id="341"><net_src comp="321" pin="1"/><net_sink comp="337" pin=0"/></net>

<net id="342"><net_src comp="333" pin="1"/><net_sink comp="337" pin=1"/></net>

<net id="347"><net_src comp="186" pin="4"/><net_sink comp="343" pin=0"/></net>

<net id="348"><net_src comp="102" pin="0"/><net_sink comp="343" pin=1"/></net>

<net id="353"><net_src comp="186" pin="4"/><net_sink comp="349" pin=0"/></net>

<net id="354"><net_src comp="104" pin="0"/><net_sink comp="349" pin=1"/></net>

<net id="359"><net_src comp="209" pin="4"/><net_sink comp="355" pin=0"/></net>

<net id="360"><net_src comp="76" pin="0"/><net_sink comp="355" pin=1"/></net>

<net id="365"><net_src comp="198" pin="4"/><net_sink comp="361" pin=0"/></net>

<net id="366"><net_src comp="106" pin="0"/><net_sink comp="361" pin=1"/></net>

<net id="372"><net_src comp="98" pin="0"/><net_sink comp="367" pin=0"/></net>

<net id="373"><net_src comp="361" pin="2"/><net_sink comp="367" pin=1"/></net>

<net id="374"><net_src comp="48" pin="0"/><net_sink comp="367" pin=2"/></net>

<net id="378"><net_src comp="367" pin="3"/><net_sink comp="375" pin=0"/></net>

<net id="384"><net_src comp="100" pin="0"/><net_sink comp="379" pin=0"/></net>

<net id="385"><net_src comp="361" pin="2"/><net_sink comp="379" pin=1"/></net>

<net id="386"><net_src comp="62" pin="0"/><net_sink comp="379" pin=2"/></net>

<net id="390"><net_src comp="379" pin="3"/><net_sink comp="387" pin=0"/></net>

<net id="395"><net_src comp="375" pin="1"/><net_sink comp="391" pin=0"/></net>

<net id="396"><net_src comp="387" pin="1"/><net_sink comp="391" pin=1"/></net>

<net id="402"><net_src comp="355" pin="2"/><net_sink comp="397" pin=0"/></net>

<net id="403"><net_src comp="391" pin="2"/><net_sink comp="397" pin=1"/></net>

<net id="404"><net_src comp="337" pin="2"/><net_sink comp="397" pin=2"/></net>

<net id="409"><net_src comp="397" pin="3"/><net_sink comp="405" pin=0"/></net>

<net id="410"><net_src comp="108" pin="0"/><net_sink comp="405" pin=1"/></net>

<net id="416"><net_src comp="355" pin="2"/><net_sink comp="411" pin=0"/></net>

<net id="417"><net_src comp="361" pin="2"/><net_sink comp="411" pin=1"/></net>

<net id="418"><net_src comp="198" pin="4"/><net_sink comp="411" pin=2"/></net>

<net id="423"><net_src comp="186" pin="4"/><net_sink comp="419" pin=0"/></net>

<net id="424"><net_src comp="110" pin="0"/><net_sink comp="419" pin=1"/></net>

<net id="429"><net_src comp="209" pin="4"/><net_sink comp="425" pin=0"/></net>

<net id="430"><net_src comp="56" pin="0"/><net_sink comp="425" pin=1"/></net>

<net id="436"><net_src comp="355" pin="2"/><net_sink comp="431" pin=0"/></net>

<net id="437"><net_src comp="56" pin="0"/><net_sink comp="431" pin=1"/></net>

<net id="438"><net_src comp="425" pin="2"/><net_sink comp="431" pin=2"/></net>

<net id="443"><net_src comp="349" pin="2"/><net_sink comp="439" pin=0"/></net>

<net id="444"><net_src comp="110" pin="0"/><net_sink comp="439" pin=1"/></net>

<net id="451"><net_src comp="445" pin="1"/><net_sink comp="448" pin=0"/></net>

<net id="456"><net_src comp="448" pin="1"/><net_sink comp="452" pin=0"/></net>

<net id="460"><net_src comp="452" pin="2"/><net_sink comp="457" pin=0"/></net>

<net id="465"><net_src comp="2" pin="0"/><net_sink comp="461" pin=0"/></net>

<net id="466"><net_src comp="457" pin="1"/><net_sink comp="461" pin=1"/></net>

<net id="471"><net_src comp="419" pin="2"/><net_sink comp="467" pin=0"/></net>

<net id="472"><net_src comp="94" pin="0"/><net_sink comp="467" pin=1"/></net>

<net id="477"><net_src comp="439" pin="2"/><net_sink comp="473" pin=0"/></net>

<net id="478"><net_src comp="94" pin="0"/><net_sink comp="473" pin=1"/></net>

<net id="482"><net_src comp="226" pin="1"/><net_sink comp="479" pin=0"/></net>

<net id="483"><net_src comp="479" pin="1"/><net_sink comp="286" pin=1"/></net>

<net id="484"><net_src comp="479" pin="1"/><net_sink comp="452" pin=1"/></net>

<net id="488"><net_src comp="230" pin="2"/><net_sink comp="485" pin=0"/></net>

<net id="492"><net_src comp="236" pin="2"/><net_sink comp="489" pin=0"/></net>

<net id="493"><net_src comp="489" pin="1"/><net_sink comp="164" pin=2"/></net>

<net id="497"><net_src comp="295" pin="2"/><net_sink comp="494" pin=0"/></net>

<net id="498"><net_src comp="494" pin="1"/><net_sink comp="126" pin=1"/></net>

<net id="499"><net_src comp="494" pin="1"/><net_sink comp="133" pin=1"/></net>

<net id="506"><net_src comp="307" pin="2"/><net_sink comp="503" pin=0"/></net>

<net id="507"><net_src comp="503" pin="1"/><net_sink comp="175" pin=2"/></net>

<net id="511"><net_src comp="343" pin="2"/><net_sink comp="508" pin=0"/></net>

<net id="515"><net_src comp="349" pin="2"/><net_sink comp="512" pin=0"/></net>

<net id="516"><net_src comp="512" pin="1"/><net_sink comp="186" pin=0"/></net>

<net id="517"><net_src comp="512" pin="1"/><net_sink comp="439" pin=0"/></net>

<net id="521"><net_src comp="405" pin="2"/><net_sink comp="518" pin=0"/></net>

<net id="522"><net_src comp="518" pin="1"/><net_sink comp="445" pin=0"/></net>

<net id="526"><net_src comp="411" pin="3"/><net_sink comp="523" pin=0"/></net>

<net id="527"><net_src comp="523" pin="1"/><net_sink comp="198" pin=0"/></net>

<net id="531"><net_src comp="431" pin="3"/><net_sink comp="528" pin=0"/></net>

<net id="532"><net_src comp="528" pin="1"/><net_sink comp="209" pin=0"/></net>

<net id="536"><net_src comp="461" pin="2"/><net_sink comp="533" pin=0"/></net>

<net id="537"><net_src comp="533" pin="1"/><net_sink comp="143" pin=1"/></net>

<net id="538"><net_src comp="533" pin="1"/><net_sink comp="150" pin=1"/></net>

<net id="542"><net_src comp="467" pin="2"/><net_sink comp="539" pin=0"/></net>

<net id="546"><net_src comp="473" pin="2"/><net_sink comp="543" pin=0"/></net>

</net_list>

</model> 
---------------- Datapath Model END ------------------

* FSMD analyzer results:
  - Output states:
	Port: gmem1 | {3 5 6 7 8 9 10 28 29 30 31 32 33 34 }
 - Input state : 
	Port: sobel_filter : out_pix | {1 }
  - Chain level:
	State 1
		tmp_3_cast : 1
	State 2
		tmp_1 : 1
		i_1 : 1
		StgValue_52 : 2
		p_shl1 : 1
		p_shl1_cast : 2
		p_shl2 : 1
		p_shl2_cast : 2
		tmp_2 : 3
		tmp_4 : 4
		tmp_6 : 5
		tmp_8_cast : 6
		out_pix4_sum : 7
		out_pix4_sum_cast : 8
		gmem1_addr : 9
	State 3
	State 4
		tmp_5 : 1
		j_1 : 1
		StgValue_73 : 2
	State 5
		empty_14 : 1
	State 6
	State 7
	State 8
	State 9
	State 10
	State 11
		p_shl : 1
		p_shl_cast : 2
		p_shl3 : 1
		p_shl3_cast : 2
		tmp_7 : 3
		exitcond_flatten : 1
		indvar_flatten_next : 1
		StgValue_97 : 2
		tmp_3 : 1
		i_s : 1
		p_shl_mid1 : 2
		p_shl_cast_mid1 : 3
		p_shl3_mid1 : 2
		p_shl3_cast_mid1 : 3
		tmp_7_mid1 : 4
		tmp_7_mid2 : 5
		tmp_25_mid2_v_v : 6
		i2_mid2 : 2
		tmp_10 : 1
		j3_op : 1
		j_2 : 2
		tmp_12 : 2
	State 12
	State 13
	State 14
	State 15
	State 16
	State 17
	State 18
	State 19
	State 20
	State 21
	State 22
	State 23
	State 24
	State 25
	State 26
	State 27
		tmp_25_mid2_cast : 1
		out_pix4_sum7 : 2
		out_pix4_sum7_cast : 3
		gmem1_addr_1 : 4
		tmp_11 : 1
		StgValue_149 : 2
		tmp_13 : 1
		StgValue_152 : 2
	State 28
	State 29
	State 30
	State 31
	State 32
	State 33
	State 34
		empty_17 : 1
	State 35


============================================================
+ Verbose Summary: Datapath Resource usage 
============================================================

* Functional unit list:
|----------|----------------------------|---------|---------|
| Operation|       Functional Unit      |    FF   |   LUT   |
|----------|----------------------------|---------|---------|
|   urem   |         grp_fu_419         |   461   |   343   |
|          |         grp_fu_439         |   461   |   343   |
|----------|----------------------------|---------|---------|
|          |         i_1_fu_236         |    0    |    18   |
|          |        tmp_4_fu_272        |    0    |    23   |
|          |     out_pix4_sum_fu_286    |    0    |    39   |
|          |         j_1_fu_307         |    0    |    18   |
|    add   | indvar_flatten_next_fu_349 |    0    |    20   |
|          |         i_s_fu_361         |    0    |    10   |
|          |   tmp_25_mid2_v_v_fu_405   |    0    |    21   |
|          |        j3_op_fu_425        |    0    |    18   |
|          |    out_pix4_sum7_fu_452    |    0    |    39   |
|----------|----------------------------|---------|---------|
|          |        tmp_1_fu_230        |    0    |    13   |
|          |        tmp_5_fu_301        |    0    |    13   |
|   icmp   |   exitcond_flatten_fu_343  |    0    |    13   |
|          |        tmp_3_fu_355        |    0    |    13   |
|          |        tmp_11_fu_467       |    0    |    13   |
|          |        tmp_13_fu_473       |    0    |    13   |
|----------|----------------------------|---------|---------|
|          |        tmp_2_fu_266        |    0    |    23   |
|    sub   |        tmp_7_fu_337        |    0    |    20   |
|          |      tmp_7_mid1_fu_391     |    0    |    20   |
|----------|----------------------------|---------|---------|
|          |      tmp_7_mid2_fu_397     |    0    |    14   |
|  select  |       i2_mid2_fu_411       |    0    |    2    |
|          |         j_2_fu_431         |    0    |    11   |
|----------|----------------------------|---------|---------|
|   read   |  out_pix_read_read_fu_120  |    0    |    0    |
|----------|----------------------------|---------|---------|
| writeresp|    grp_writeresp_fu_126    |    0    |    0    |
|          |    grp_writeresp_fu_143    |    0    |    0    |
|----------|----------------------------|---------|---------|
|   write  |  StgValue_77_write_fu_133  |    0    |    0    |
|          |  StgValue_154_write_fu_150 |    0    |    0    |
|----------|----------------------------|---------|---------|
|partselect|         tmp_fu_216         |    0    |    0    |
|----------|----------------------------|---------|---------|
|          |      tmp_3_cast_fu_226     |    0    |    0    |
|          |     p_shl1_cast_fu_250     |    0    |    0    |
|          |     p_shl2_cast_fu_262     |    0    |    0    |
|          |      tmp_8_cast_fu_282     |    0    |    0    |
|          |  out_pix4_sum_cast_fu_291  |    0    |    0    |
|   zext   |      p_shl_cast_fu_321     |    0    |    0    |
|          |     p_shl3_cast_fu_333     |    0    |    0    |
|          |   p_shl_cast_mid1_fu_375   |    0    |    0    |
|          |   p_shl3_cast_mid1_fu_387  |    0    |    0    |
|          |   tmp_25_mid2_cast_fu_448  |    0    |    0    |
|          |  out_pix4_sum7_cast_fu_457 |    0    |    0    |
|----------|----------------------------|---------|---------|
|          |        p_shl1_fu_242       |    0    |    0    |
|          |        p_shl2_fu_254       |    0    |    0    |
|bitconcatenate|        p_shl_fu_313        |    0    |    0    |
|          |        p_shl3_fu_325       |    0    |    0    |
|          |      p_shl_mid1_fu_367     |    0    |    0    |
|          |     p_shl3_mid1_fu_379     |    0    |    0    |
|----------|----------------------------|---------|---------|
|   sext   |        tmp_6_fu_278        |    0    |    0    |
|          |    tmp_25_mid2_v_fu_445    |    0    |    0    |
|----------|----------------------------|---------|---------|
|   Total  |                            |   922   |   1060  |
|----------|----------------------------|---------|---------|

Memories:
N/A

* Register list:
+---------------------------+--------+
|                           |   FF   |
+---------------------------+--------+
|  exitcond_flatten_reg_508 |    1   |
|    gmem1_addr_1_reg_533   |   32   |
|     gmem1_addr_reg_494    |   32   |
|      i2_mid2_reg_523      |    2   |
|         i2_reg_194        |    2   |
|        i_1_reg_489        |   11   |
|         i_reg_160         |   11   |
|indvar_flatten_next_reg_512|   13   |
|   indvar_flatten_reg_182  |   13   |
|         j3_reg_205        |   11   |
|        j_1_reg_503        |   11   |
|        j_2_reg_528        |   11   |
|         j_reg_171         |   11   |
|       tmp_11_reg_539      |    1   |
|       tmp_13_reg_543      |    1   |
|       tmp_1_reg_485       |    1   |
|  tmp_25_mid2_v_v_reg_518  |   14   |
|     tmp_3_cast_reg_479    |   33   |
+---------------------------+--------+
|           Total           |   211  |
+---------------------------+--------+

* Multiplexer (MUX) list: 
|------------------------|------|------|------|--------||---------||---------|
|          Comp          |  Pin | Size |  BW  | S x BW ||  Delay  ||   LUT   |
|------------------------|------|------|------|--------||---------||---------|
|  grp_writeresp_fu_126  |  p0  |   2  |   1  |    2   |
|  grp_writeresp_fu_143  |  p0  |   2  |   1  |    2   |
| indvar_flatten_reg_182 |  p0  |   2  |  13  |   26   ||    9    |
|       grp_fu_439       |  p0  |   2  |  13  |   26   ||    9    |
|------------------------|------|------|------|--------||---------||---------|
|          Total         |      |      |      |   56   ||  7.076  ||    18   |
|------------------------|------|------|------|--------||---------||---------|



* Summary:
+-----------+--------+--------+--------+
|           |  Delay |   FF   |   LUT  |
+-----------+--------+--------+--------+
|  Function |    -   |   922  |  1060  |
|   Memory  |    -   |    -   |    -   |
|Multiplexer|    7   |    -   |   18   |
|  Register |    -   |   211  |    -   |
+-----------+--------+--------+--------+
|   Total   |    7   |  1133  |  1078  |
+-----------+--------+--------+--------+
