#-----------------------------------------------------------
# Vivado v2018.1 (64-bit)
# SW Build 2188600 on Wed Apr  4 18:40:38 MDT 2018
# IP Build 2185939 on Wed Apr  4 20:55:05 MDT 2018
# Start of session at: Fri Nov 23 11:12:22 2018
# Process ID: 45996
# Current directory: C:/TEMP/3610_4/1490679_1771119/lab4_vivado
# Command line: vivado.exe -gui_launcher_event rodinguilauncherevent50896 C:\TEMP\3610_4\1490679_1771119\lab4_vivado\lab4_vivado.xpr
# Log file: C:/TEMP/3610_4/1490679_1771119/lab4_vivado/vivado.log
# Journal file: C:/TEMP/3610_4/1490679_1771119/lab4_vivado\vivado.jou
#-----------------------------------------------------------
start_gui
open_project C:/TEMP/3610_4/1490679_1771119/lab4_vivado/lab4_vivado.xpr
Scanning sources...
Finished scanning sources
INFO: [IP_Flow 19-234] Refreshing IP repositories
INFO: [IP_Flow 19-1700] Loaded user IP repository 'c:/TEMP/3610_4/1490679_1771119/ip_repo'.
INFO: [IP_Flow 19-2313] Loaded Vivado IP repository 'C:/Logiciels/Xilinx/Vivado/2018.1/data/ip'.
open_project: Time (s): cpu = 00:00:26 ; elapsed = 00:00:15 . Memory (MB): peak = 939.898 ; gain = 155.852
update_compile_order -fileset sources_1
launch_sdk -workspace C:/TEMP/3610_4/1490679_1771119/lab4_vivado/lab4_vivado.sdk -hwspec C:/TEMP/3610_4/1490679_1771119/lab4_vivado/lab4_vivado.sdk/design_1_wrapper.hdf
INFO: [Vivado 12-393] Launching SDK...
INFO: [Vivado 12-417] Running xsdk -workspace C:/TEMP/3610_4/1490679_1771119/lab4_vivado/lab4_vivado.sdk -hwspec C:/TEMP/3610_4/1490679_1771119/lab4_vivado/lab4_vivado.sdk/design_1_wrapper.hdf
INFO: [Vivado 12-3157] SDK launch initiated. Please check console for any further messages.
launch_sdk -workspace C:/TEMP/3610_4/1490679_1771119/lab4_vivado/lab4_vivado.sdk -hwspec C:/TEMP/3610_4/1490679_1771119/lab4_vivado/lab4_vivado.sdk/design_1_wrapper.hdf
INFO: [Vivado 12-393] Launching SDK...
INFO: [Vivado 12-417] Running xsdk -workspace C:/TEMP/3610_4/1490679_1771119/lab4_vivado/lab4_vivado.sdk -hwspec C:/TEMP/3610_4/1490679_1771119/lab4_vivado/lab4_vivado.sdk/design_1_wrapper.hdf
INFO: [Vivado 12-3157] SDK launch initiated. Please check console for any further messages.
launch_sdk -workspace C:/TEMP/3610_4/1490679_1771119/lab4_vivado/lab4_vivado.sdk -hwspec C:/TEMP/3610_4/1490679_1771119/lab4_vivado/lab4_vivado.sdk/design_1_wrapper.hdf
INFO: [Vivado 12-393] Launching SDK...
INFO: [Vivado 12-417] Running xsdk -workspace C:/TEMP/3610_4/1490679_1771119/lab4_vivado/lab4_vivado.sdk -hwspec C:/TEMP/3610_4/1490679_1771119/lab4_vivado/lab4_vivado.sdk/design_1_wrapper.hdf
INFO: [Vivado 12-3157] SDK launch initiated. Please check console for any further messages.
launch_sdk -workspace C:/TEMP/3610_4/1490679_1771119/lab4_vivado/lab4_vivado.sdk -hwspec C:/TEMP/3610_4/1490679_1771119/lab4_vivado/lab4_vivado.sdk/design_1_wrapper.hdf
INFO: [Vivado 12-393] Launching SDK...
INFO: [Vivado 12-417] Running xsdk -workspace C:/TEMP/3610_4/1490679_1771119/lab4_vivado/lab4_vivado.sdk -hwspec C:/TEMP/3610_4/1490679_1771119/lab4_vivado/lab4_vivado.sdk/design_1_wrapper.hdf
INFO: [Vivado 12-3157] SDK launch initiated. Please check console for any further messages.
open_bd_design {C:/TEMP/3610_4/1490679_1771119/lab4_vivado/lab4_vivado.srcs/sources_1/bd/design_1/design_1.bd}
Adding cell -- xilinx.com:ip:processing_system7:5.5 - processing_system7_0
Adding cell -- xilinx.com:ip:clk_wiz:6.0 - clk_wiz_0
Adding cell -- xilinx.com:ip:axi_iic:2.0 - zed_hdmi_iic_0
Adding cell -- xilinx.com:ip:proc_sys_reset:5.0 - rst_ps7_0_76M
Adding cell -- xilinx.com:ip:axi_vdma:6.3 - axi_vdma_0
Adding cell -- xilinx.com:ip:axis_subset_converter:1.1 - axis_subset_converter_0
Adding cell -- xilinx.com:ip:xlconstant:1.1 - gnd
Adding cell -- xilinx.com:ip:proc_sys_reset:5.0 - proc_sys_reset
Adding cell -- xilinx.com:ip:v_axi4s_vid_out:4.0 - v_axi4s_vid_out_0
Adding cell -- polymtl.ca:hls:CrappyButFreeChromaResampler:1.0 - v_cresample_0
Adding cell -- xilinx.com:ip:v_rgb2ycrcb:7.1 - v_rgb2ycrcb_0
Adding cell -- xilinx.com:ip:v_tc:6.1 - v_tc_0
Adding cell -- xilinx.com:ip:xlconstant:1.1 - vcc
Adding cell -- avnet:zedboard:zed_hdmi_out:2.0 - zed_hdmi_out_0
Adding cell -- xilinx.com:ip:axi_protocol_converter:2.1 - auto_pc
Adding cell -- xilinx.com:ip:axi_crossbar:2.1 - xbar
Adding cell -- xilinx.com:ip:axi_protocol_converter:2.1 - auto_pc
Successfully read diagram <design_1> from BD file <C:/TEMP/3610_4/1490679_1771119/lab4_vivado/lab4_vivado.srcs/sources_1/bd/design_1/design_1.bd>
open_bd_design: Time (s): cpu = 00:00:14 ; elapsed = 00:00:11 . Memory (MB): peak = 1084.902 ; gain = 76.910
launch_sdk -workspace C:/TEMP/3610_4/1490679_1771119/lab4_vivado/lab4_vivado.sdk -hwspec C:/TEMP/3610_4/1490679_1771119/lab4_vivado/lab4_vivado.sdk/design_1_wrapper.hdf
INFO: [Vivado 12-393] Launching SDK...
INFO: [Vivado 12-417] Running xsdk -workspace C:/TEMP/3610_4/1490679_1771119/lab4_vivado/lab4_vivado.sdk -hwspec C:/TEMP/3610_4/1490679_1771119/lab4_vivado/lab4_vivado.sdk/design_1_wrapper.hdf
INFO: [Vivado 12-3157] SDK launch initiated. Please check console for any further messages.
launch_sdk -workspace C:/TEMP/3610_4/1490679_1771119/lab4_vivado/lab4_vivado.sdk -hwspec C:/TEMP/3610_4/1490679_1771119/lab4_vivado/lab4_vivado.sdk/design_1_wrapper.hdf
INFO: [Vivado 12-393] Launching SDK...
INFO: [Vivado 12-417] Running xsdk -workspace C:/TEMP/3610_4/1490679_1771119/lab4_vivado/lab4_vivado.sdk -hwspec C:/TEMP/3610_4/1490679_1771119/lab4_vivado/lab4_vivado.sdk/design_1_wrapper.hdf
INFO: [Vivado 12-3157] SDK launch initiated. Please check console for any further messages.
file copy -force C:/TEMP/3610_4/1490679_1771119/lab4_vivado/lab4_vivado.runs/impl_1/design_1_wrapper.sysdef C:/TEMP/3610_4/1490679_1771119/lab4_vivado/lab4_vivado.sdk/design_1_wrapper.hdf

launch_sdk -workspace C:/TEMP/3610_4/1490679_1771119/lab4_vivado/lab4_vivado.sdk -hwspec C:/TEMP/3610_4/1490679_1771119/lab4_vivado/lab4_vivado.sdk/design_1_wrapper.hdf
INFO: [Vivado 12-393] Launching SDK...
INFO: [Vivado 12-417] Running xsdk -workspace C:/TEMP/3610_4/1490679_1771119/lab4_vivado/lab4_vivado.sdk -hwspec C:/TEMP/3610_4/1490679_1771119/lab4_vivado/lab4_vivado.sdk/design_1_wrapper.hdf
INFO: [Vivado 12-3157] SDK launch initiated. Please check console for any further messages.
exit
INFO: [Common 17-206] Exiting Vivado at Fri Nov 23 12:20:23 2018...
