#-----------------------------------------------------------
# Vivado v2018.1 (64-bit)
# SW Build 2188600 on Wed Apr  4 18:40:38 MDT 2018
# IP Build 2185939 on Wed Apr  4 20:55:05 MDT 2018
# Start of session at: Mon Nov 26 12:13:01 2018
# Process ID: 68720
# Current directory: X:/Bureau/HDMI_3610/3610_4/1490679_1771119/lab4_vivado
# Command line: vivado.exe -gui_launcher_event rodinguilauncherevent73520 X:\Bureau\HDMI_3610\3610_4\1490679_1771119\lab4_vivado\lab4_vivado.xpr
# Log file: X:/Bureau/HDMI_3610/3610_4/1490679_1771119/lab4_vivado/vivado.log
# Journal file: X:/Bureau/HDMI_3610/3610_4/1490679_1771119/lab4_vivado\vivado.jou
#-----------------------------------------------------------
start_gui
open_project X:/Bureau/HDMI_3610/3610_4/1490679_1771119/lab4_vivado/lab4_vivado.xpr
INFO: [Project 1-313] Project file moved from 'C:/TEMP/3610_4/1490679_1771119/lab4_vivado' since last save.
Scanning sources...
Finished scanning sources
INFO: [IP_Flow 19-234] Refreshing IP repositories
INFO: [IP_Flow 19-1700] Loaded user IP repository 'x:/Bureau/HDMI_3610/3610_4/1490679_1771119/ip_repo'.
INFO: [IP_Flow 19-2313] Loaded Vivado IP repository 'C:/Logiciels/Xilinx/Vivado/2018.1/data/ip'.
open_project: Time (s): cpu = 00:00:27 ; elapsed = 00:00:33 . Memory (MB): peak = 941.078 ; gain = 183.355
update_compile_order -fileset sources_1
launch_sdk -workspace X:/Bureau/HDMI_3610/3610_4/1490679_1771119/lab4_vivado/lab4_vivado.sdk -hwspec X:/Bureau/HDMI_3610/3610_4/1490679_1771119/lab4_vivado/lab4_vivado.sdk/design_1_wrapper.hdf
INFO: [Vivado 12-393] Launching SDK...
INFO: [Vivado 12-417] Running xsdk -workspace X:/Bureau/HDMI_3610/3610_4/1490679_1771119/lab4_vivado/lab4_vivado.sdk -hwspec X:/Bureau/HDMI_3610/3610_4/1490679_1771119/lab4_vivado/lab4_vivado.sdk/design_1_wrapper.hdf
INFO: [Vivado 12-3157] SDK launch initiated. Please check console for any further messages.
exit
INFO: [Common 17-206] Exiting Vivado at Mon Nov 26 12:22:37 2018...
