#-----------------------------------------------------------
# Vivado v2018.1 (64-bit)
# SW Build 2188600 on Wed Apr  4 18:40:38 MDT 2018
# IP Build 2185939 on Wed Apr  4 20:55:05 MDT 2018
# Start of session at: Fri Nov 30 12:07:42 2018
# Process ID: 19776
# Current directory: X:/Bureau/HDMI_3610/3610_4/1490679_1771119/lab4_vivado
# Command line: vivado.exe -gui_launcher_event rodinguilauncherevent23032 X:\Bureau\HDMI_3610\3610_4\1490679_1771119\lab4_vivado\lab4_vivado.xpr
# Log file: X:/Bureau/HDMI_3610/3610_4/1490679_1771119/lab4_vivado/vivado.log
# Journal file: X:/Bureau/HDMI_3610/3610_4/1490679_1771119/lab4_vivado\vivado.jou
#-----------------------------------------------------------
start_gui
open_project X:/Bureau/HDMI_3610/3610_4/1490679_1771119/lab4_vivado/lab4_vivado.xpr
Scanning sources...
Finished scanning sources
WARNING: [filemgmt 56-3] IPUserFilesDir: Could not find the directory 'X:/Bureau/HDMI_3610/3610_4/1490679_1771119/lab4_vivado/lab4_vivado.ip_user_files'.
INFO: [IP_Flow 19-234] Refreshing IP repositories
INFO: [IP_Flow 19-1700] Loaded user IP repository 'x:/Bureau/HDMI_3610/3610_4/1490679_1771119/ip_repo'.
INFO: [IP_Flow 19-1700] Loaded user IP repository 'x:/Bureau/HDMI_3610/3610_4/1490679_1771119/sobellab4'.
INFO: [IP_Flow 19-2313] Loaded Vivado IP repository 'C:/Logiciels/Xilinx/Vivado/2018.1/data/ip'.
WARNING: [BD 41-1661] One or more IPs have been locked in the design 'design_1.bd'. Please run report_ip_status for more details and recommendations on how to fix this issue.
List of locked IPs:
design_1_sobel_filter_0_0

open_project: Time (s): cpu = 00:00:32 ; elapsed = 00:00:41 . Memory (MB): peak = 975.195 ; gain = 193.590
update_compile_order -fileset sources_1
open_bd_design {X:/Bureau/HDMI_3610/3610_4/1490679_1771119/lab4_vivado/lab4_vivado.srcs/sources_1/bd/design_1/design_1.bd}
Adding cell -- xilinx.com:ip:processing_system7:5.5 - processing_system7_0
Adding cell -- xilinx.com:ip:clk_wiz:6.0 - clk_wiz_0
Adding cell -- xilinx.com:ip:axi_iic:2.0 - zed_hdmi_iic_0
Adding cell -- xilinx.com:ip:proc_sys_reset:5.0 - rst_ps7_0_76M
Adding cell -- polymtl.ca:hls:sobel_filter:1.0 - sobel_filter_0
Adding cell -- xilinx.com:ip:smartconnect:1.0 - axi_smc
Adding cell -- xilinx.com:ip:proc_sys_reset:5.0 - rst_ps7_0_100M
Adding cell -- xilinx.com:ip:smartconnect:1.0 - axi_smc_1
Adding cell -- xilinx.com:ip:axi_vdma:6.3 - axi_vdma_0
Adding cell -- xilinx.com:ip:axis_subset_converter:1.1 - axis_subset_converter_0
Adding cell -- xilinx.com:ip:xlconstant:1.1 - gnd
Adding cell -- xilinx.com:ip:proc_sys_reset:5.0 - proc_sys_reset
Adding cell -- xilinx.com:ip:v_axi4s_vid_out:4.0 - v_axi4s_vid_out_0
Adding cell -- polymtl.ca:hls:CrappyButFreeChromaResampler:1.0 - v_cresample_0
Adding cell -- xilinx.com:ip:v_rgb2ycrcb:7.1 - v_rgb2ycrcb_0
Adding cell -- xilinx.com:ip:v_tc:6.1 - v_tc_0
Adding cell -- xilinx.com:ip:xlconstant:1.1 - vcc
Adding cell -- avnet:zedboard:zed_hdmi_out:2.0 - zed_hdmi_out_0
Adding cell -- xilinx.com:ip:axi_protocol_converter:2.1 - auto_pc
Adding cell -- xilinx.com:ip:axi_crossbar:2.1 - xbar
Adding cell -- xilinx.com:ip:axi_clock_converter:2.1 - auto_cc
Adding cell -- xilinx.com:ip:axi_protocol_converter:2.1 - auto_pc
Successfully read diagram <design_1> from BD file <X:/Bureau/HDMI_3610/3610_4/1490679_1771119/lab4_vivado/lab4_vivado.srcs/sources_1/bd/design_1/design_1.bd>
open_bd_design: Time (s): cpu = 00:00:13 ; elapsed = 00:00:11 . Memory (MB): peak = 1072.766 ; gain = 94.523
update_ip_catalog -rebuild
INFO: [IP_Flow 19-234] Refreshing IP repositories
INFO: [IP_Flow 19-1700] Loaded user IP repository 'x:/Bureau/HDMI_3610/3610_4/1490679_1771119/ip_repo'.
INFO: [IP_Flow 19-1700] Loaded user IP repository 'x:/Bureau/HDMI_3610/3610_4/1490679_1771119/sobellab4'.
update_ip_catalog
report_ip_status -name ip_status 
upgrade_ip -vlnv polymtl.ca:hls:sobel_filter:1.0 [get_ips  design_1_sobel_filter_0_0] -log ip_upgrade.log
Upgrading 'X:/Bureau/HDMI_3610/3610_4/1490679_1771119/lab4_vivado/lab4_vivado.srcs/sources_1/bd/design_1/design_1.bd'
delete_ip_run: Time (s): cpu = 00:00:03 ; elapsed = 00:00:05 . Memory (MB): peak = 1307.805 ; gain = 0.000
INFO: [IP_Flow 19-3422] Upgraded design_1_sobel_filter_0_0 (Sobel 1.0) from revision 1811271617 to revision 1811301208
Wrote  : <X:/Bureau/HDMI_3610/3610_4/1490679_1771119/lab4_vivado/lab4_vivado.srcs/sources_1/bd/design_1/design_1.bd> 
Wrote  : <X:/Bureau/HDMI_3610/3610_4/1490679_1771119/lab4_vivado/lab4_vivado.srcs/sources_1/bd/design_1/ui/bd_1f5defd0.ui> 
INFO: [Coretcl 2-1525] Wrote upgrade log to 'X:/Bureau/HDMI_3610/3610_4/1490679_1771119/lab4_vivado/ip_upgrade.log'.
upgrade_ip: Time (s): cpu = 00:00:05 ; elapsed = 00:00:08 . Memory (MB): peak = 1307.805 ; gain = 0.000
export_ip_user_files -of_objects [get_ips design_1_sobel_filter_0_0] -no_script -sync -force -quiet
report_ip_status -name ip_status 
reset_run synth_1
launch_runs impl_1 -to_step write_bitstream -jobs 8
INFO: [Ipptcl 7-1463] No Compatible Board Interface found. Board Tab not created in customize GUI
INFO: [Ipptcl 7-1463] No Compatible Board Interface found. Board Tab not created in customize GUI
INFO: [Ipptcl 7-1463] No Compatible Board Interface found. Board Tab not created in customize GUI
xit::source_ipfile: Time (s): cpu = 00:00:04 ; elapsed = 00:00:13 . Memory (MB): peak = 1344.102 ; gain = 35.473
INFO: [Ipptcl 7-1463] No Compatible Board Interface found. Board Tab not created in customize GUI
INFO: [Ipptcl 7-1463] No Compatible Board Interface found. Board Tab not created in customize GUI
INFO: [Ipptcl 7-1463] No Compatible Board Interface found. Board Tab not created in customize GUI
xit::source_ipfile: Time (s): cpu = 00:00:01 ; elapsed = 00:00:11 . Memory (MB): peak = 1363.180 ; gain = 16.738
WARNING: [xilinx.com:ip:v_axi4s_vid_out:4.0-307] /zed_hdmi_display/v_axi4s_vid_out_0 video_in-TDATA: Bus sub-field mismatch. /zed_hdmi_display/v_axi4s_vid_out_0 field count: 2. /zed_hdmi_display/v_cresample_0 video_out-TDATA field count: 1.
INFO: [xilinx.com:ip:v_axi4s_vid_out:4.0-316] /zed_hdmi_display/v_axi4s_vid_out_0 video_in-TDATA: Sub-fields: rows_0_cols_0_Y(8:0), rows_0_cols_0_UV(16:8). /zed_hdmi_display/v_cresample_0 video_out-TDATA sub-fields: integer(16:0)
INFO: [xilinx.com:ip:axi_vdma:6.3-16] /zed_hdmi_display/axi_vdma_0 
                    All clocks connected to AXI VDMA are not identical, therefore configuring AXI-VDMA in ASYNC mode.
WARNING: [BD 41-926] Following properties on interface pin /sobel_filter_0/s_axi_AXILiteS have been updated from connected ip. They may not be synchronized with cell properties. You can set property on interface pin directly to confirm the value and resolve the warning.
	LAYERED_METADATA=xilinx.com:interface:datatypes:1.0 {CLK {datatype {name {attribs {resolve_type immediate dependency {} format string minimum {} maximum {}} value {}} bitwidth {attribs {resolve_type immediate dependency {} format long minimum {} maximum {}} value 1} bitoffset {attribs {resolve_type immediate dependency {} format long minimum {} maximum {}} value 0}}}}

WARNING: [BD 41-927] Following properties on pin /sobel_filter_0/ap_clk have been updated from connected ip. They may not be synchronized with cell properties. You can set property on pin directly to confirm the value and resolve the warning.
	LAYERED_METADATA=xilinx.com:interface:datatypes:1.0 {CLK {datatype {name {attribs {resolve_type immediate dependency {} format string minimum {} maximum {}} value {}} bitwidth {attribs {resolve_type immediate dependency {} format long minimum {} maximum {}} value 1} bitoffset {attribs {resolve_type immediate dependency {} format long minimum {} maximum {}} value 0}}}} 
WARNING: [BD 41-927] Following properties on pin /sobel_filter_0/ap_rst_n have been updated from connected ip. They may not be synchronized with cell properties. You can set property on pin directly to confirm the value and resolve the warning.
	LAYERED_METADATA=xilinx.com:interface:datatypes:1.0 {RST {datatype {name {attribs {resolve_type immediate dependency {} format string minimum {} maximum {}} value {}} bitwidth {attribs {resolve_type immediate dependency {} format long minimum {} maximum {}} value 1} bitoffset {attribs {resolve_type immediate dependency {} format long minimum {} maximum {}} value 0}}}} 
Wrote  : <X:/Bureau/HDMI_3610/3610_4/1490679_1771119/lab4_vivado/lab4_vivado.srcs/sources_1/bd/design_1/design_1.bd> 
WARNING: [BD 41-235] Width mismatch when connecting pin: '/axi_smc/S00_AXI_arlock'(1) to net 'sobel_filter_0_m_axi_gmem0_ARLOCK'(2) - Only lower order bits will be connected.
WARNING: [BD 41-235] Width mismatch when connecting pin: '/axi_smc/S00_AXI_awlock'(1) to net 'sobel_filter_0_m_axi_gmem0_AWLOCK'(2) - Only lower order bits will be connected.
WARNING: [BD 41-235] Width mismatch when connecting pin: '/axi_smc_1/S00_AXI_arlock'(1) to net 'sobel_filter_0_m_axi_gmem1_ARLOCK'(2) - Only lower order bits will be connected.
WARNING: [BD 41-235] Width mismatch when connecting pin: '/axi_smc_1/S00_AXI_awlock'(1) to net 'sobel_filter_0_m_axi_gmem1_AWLOCK'(2) - Only lower order bits will be connected.
VHDL Output written to : X:/Bureau/HDMI_3610/3610_4/1490679_1771119/lab4_vivado/lab4_vivado.srcs/sources_1/bd/design_1/synth/design_1.v
WARNING: [BD 41-235] Width mismatch when connecting pin: '/axi_smc/S00_AXI_arlock'(1) to net 'sobel_filter_0_m_axi_gmem0_ARLOCK'(2) - Only lower order bits will be connected.
WARNING: [BD 41-235] Width mismatch when connecting pin: '/axi_smc/S00_AXI_awlock'(1) to net 'sobel_filter_0_m_axi_gmem0_AWLOCK'(2) - Only lower order bits will be connected.
WARNING: [BD 41-235] Width mismatch when connecting pin: '/axi_smc_1/S00_AXI_arlock'(1) to net 'sobel_filter_0_m_axi_gmem1_ARLOCK'(2) - Only lower order bits will be connected.
WARNING: [BD 41-235] Width mismatch when connecting pin: '/axi_smc_1/S00_AXI_awlock'(1) to net 'sobel_filter_0_m_axi_gmem1_AWLOCK'(2) - Only lower order bits will be connected.
VHDL Output written to : X:/Bureau/HDMI_3610/3610_4/1490679_1771119/lab4_vivado/lab4_vivado.srcs/sources_1/bd/design_1/sim/design_1.v
VHDL Output written to : X:/Bureau/HDMI_3610/3610_4/1490679_1771119/lab4_vivado/lab4_vivado.srcs/sources_1/bd/design_1/hdl/design_1_wrapper.v
INFO: [BD 41-1029] Generation completed for the IP Integrator block processing_system7_0 .
INFO: [BD 41-1029] Generation completed for the IP Integrator block clk_wiz_0 .
INFO: [BD 41-1029] Generation completed for the IP Integrator block zed_hdmi_iic_0 .
INFO: [BD 41-1029] Generation completed for the IP Integrator block rst_ps7_0_76M .
INFO: [BD 41-1029] Generation completed for the IP Integrator block zed_hdmi_display/axi_vdma_0 .
INFO: [BD 41-1029] Generation completed for the IP Integrator block zed_hdmi_display/axis_subset_converter_0 .
INFO: [BD 41-1029] Generation completed for the IP Integrator block zed_hdmi_display/gnd .
INFO: [BD 41-1029] Generation completed for the IP Integrator block zed_hdmi_display/proc_sys_reset .
INFO: [BD 41-1029] Generation completed for the IP Integrator block zed_hdmi_display/v_axi4s_vid_out_0 .
INFO: [BD 41-1029] Generation completed for the IP Integrator block zed_hdmi_display/v_cresample_0 .
INFO: [BD 41-1029] Generation completed for the IP Integrator block zed_hdmi_display/v_rgb2ycrcb_0 .
INFO: [BD 41-1029] Generation completed for the IP Integrator block zed_hdmi_display/v_tc_0 .
INFO: [BD 41-1029] Generation completed for the IP Integrator block zed_hdmi_display/vcc .
INFO: [BD 41-1029] Generation completed for the IP Integrator block zed_hdmi_display/zed_hdmi_out_0 .
INFO: [BD 41-1029] Generation completed for the IP Integrator block ps7_0_axi_periph/xbar .
INFO: [BD 41-1029] Generation completed for the IP Integrator block sobel_filter_0 .
Exporting to file x:/Bureau/HDMI_3610/3610_4/1490679_1771119/lab4_vivado/lab4_vivado.srcs/sources_1/bd/design_1/ip/design_1_axi_smc_0/bd_0/hw_handoff/design_1_axi_smc_0.hwh
Generated Block Design Tcl file x:/Bureau/HDMI_3610/3610_4/1490679_1771119/lab4_vivado/lab4_vivado.srcs/sources_1/bd/design_1/ip/design_1_axi_smc_0/bd_0/hw_handoff/design_1_axi_smc_0_bd.tcl
Generated Hardware Definition File x:/Bureau/HDMI_3610/3610_4/1490679_1771119/lab4_vivado/lab4_vivado.srcs/sources_1/bd/design_1/ip/design_1_axi_smc_0/bd_0/synth/design_1_axi_smc_0.hwdef
INFO: [BD 41-1029] Generation completed for the IP Integrator block axi_smc .
INFO: [BD 41-1029] Generation completed for the IP Integrator block rst_ps7_0_100M .
Exporting to file x:/Bureau/HDMI_3610/3610_4/1490679_1771119/lab4_vivado/lab4_vivado.srcs/sources_1/bd/design_1/ip/design_1_axi_smc_1_0/bd_0/hw_handoff/design_1_axi_smc_1_0.hwh
Generated Block Design Tcl file x:/Bureau/HDMI_3610/3610_4/1490679_1771119/lab4_vivado/lab4_vivado.srcs/sources_1/bd/design_1/ip/design_1_axi_smc_1_0/bd_0/hw_handoff/design_1_axi_smc_1_0_bd.tcl
Generated Hardware Definition File x:/Bureau/HDMI_3610/3610_4/1490679_1771119/lab4_vivado/lab4_vivado.srcs/sources_1/bd/design_1/ip/design_1_axi_smc_1_0/bd_0/synth/design_1_axi_smc_1_0.hwdef
INFO: [BD 41-1029] Generation completed for the IP Integrator block axi_smc_1 .
WARNING: [IP_Flow 19-4994] Overwriting existing constraint file 'x:/Bureau/HDMI_3610/3610_4/1490679_1771119/lab4_vivado/lab4_vivado.srcs/sources_1/bd/design_1/ip/design_1_auto_pc_1/design_1_auto_pc_1_ooc.xdc'
INFO: [BD 41-1029] Generation completed for the IP Integrator block zed_hdmi_display/axi_mem_intercon/s00_couplers/auto_pc .
WARNING: [IP_Flow 19-4994] Overwriting existing constraint file 'x:/Bureau/HDMI_3610/3610_4/1490679_1771119/lab4_vivado/lab4_vivado.srcs/sources_1/bd/design_1/ip/design_1_auto_cc_0/design_1_auto_cc_0_ooc.xdc'
INFO: [BD 41-1029] Generation completed for the IP Integrator block ps7_0_axi_periph/m03_couplers/auto_cc .
WARNING: [IP_Flow 19-4994] Overwriting existing constraint file 'x:/Bureau/HDMI_3610/3610_4/1490679_1771119/lab4_vivado/lab4_vivado.srcs/sources_1/bd/design_1/ip/design_1_auto_pc_0/design_1_auto_pc_0_ooc.xdc'
INFO: [BD 41-1029] Generation completed for the IP Integrator block ps7_0_axi_periph/s00_couplers/auto_pc .
Exporting to file X:/Bureau/HDMI_3610/3610_4/1490679_1771119/lab4_vivado/lab4_vivado.srcs/sources_1/bd/design_1/hw_handoff/design_1.hwh
Generated Block Design Tcl file X:/Bureau/HDMI_3610/3610_4/1490679_1771119/lab4_vivado/lab4_vivado.srcs/sources_1/bd/design_1/hw_handoff/design_1_bd.tcl
Generated Hardware Definition File X:/Bureau/HDMI_3610/3610_4/1490679_1771119/lab4_vivado/lab4_vivado.srcs/sources_1/bd/design_1/synth/design_1.hwdef
INFO: [IP_Flow 19-4993] Using cached IP synthesis design for IP design_1_v_axi4s_vid_out_0_0, cache-ID = 0d5ba2bfd7103616; cache size = 34.306 MB.
INFO: [IP_Flow 19-4993] Using cached IP synthesis design for IP design_1_v_tc_0_0, cache-ID = dbb59d192805d627; cache size = 34.306 MB.
config_ip_cache: Time (s): cpu = 00:00:01 ; elapsed = 00:00:06 . Memory (MB): peak = 1620.633 ; gain = 3.449
INFO: [IP_Flow 19-4993] Using cached IP synthesis design for IP design_1_auto_pc_1, cache-ID = 438c41dbed4d6dd7; cache size = 34.306 MB.
INFO: [IP_Flow 19-4993] Using cached IP synthesis design for IP design_1_auto_cc_0, cache-ID = 1dcc88236cbded63; cache size = 34.306 MB.
INFO: [IP_Flow 19-4993] Using cached IP synthesis design for IP design_1_auto_pc_0, cache-ID = 845bf546da735b7f; cache size = 34.306 MB.
[Fri Nov 30 12:13:09 2018] Launched design_1_sobel_filter_0_0_synth_1, synth_1...
Run output will be captured here:
design_1_sobel_filter_0_0_synth_1: X:/Bureau/HDMI_3610/3610_4/1490679_1771119/lab4_vivado/lab4_vivado.runs/design_1_sobel_filter_0_0_synth_1/runme.log
synth_1: X:/Bureau/HDMI_3610/3610_4/1490679_1771119/lab4_vivado/lab4_vivado.runs/synth_1/runme.log
[Fri Nov 30 12:13:10 2018] Launched impl_1...
Run output will be captured here: X:/Bureau/HDMI_3610/3610_4/1490679_1771119/lab4_vivado/lab4_vivado.runs/impl_1/runme.log
launch_runs: Time (s): cpu = 00:00:45 ; elapsed = 00:02:06 . Memory (MB): peak = 1627.172 ; gain = 319.367
file copy -force X:/Bureau/HDMI_3610/3610_4/1490679_1771119/lab4_vivado/lab4_vivado.runs/impl_1/design_1_wrapper.sysdef X:/Bureau/HDMI_3610/3610_4/1490679_1771119/lab4_vivado/lab4_vivado.sdk/design_1_wrapper.hdf

launch_sdk -workspace X:/Bureau/HDMI_3610/3610_4/1490679_1771119/lab4_vivado/lab4_vivado.sdk -hwspec X:/Bureau/HDMI_3610/3610_4/1490679_1771119/lab4_vivado/lab4_vivado.sdk/design_1_wrapper.hdf
INFO: [Vivado 12-393] Launching SDK...
INFO: [Vivado 12-417] Running xsdk -workspace X:/Bureau/HDMI_3610/3610_4/1490679_1771119/lab4_vivado/lab4_vivado.sdk -hwspec X:/Bureau/HDMI_3610/3610_4/1490679_1771119/lab4_vivado/lab4_vivado.sdk/design_1_wrapper.hdf
INFO: [Vivado 12-3157] SDK launch initiated. Please check console for any further messages.
launch_sdk -workspace X:/Bureau/HDMI_3610/3610_4/1490679_1771119/lab4_vivado/lab4_vivado.sdk -hwspec X:/Bureau/HDMI_3610/3610_4/1490679_1771119/lab4_vivado/lab4_vivado.sdk/design_1_wrapper.hdf
INFO: [Vivado 12-393] Launching SDK...
INFO: [Vivado 12-417] Running xsdk -workspace X:/Bureau/HDMI_3610/3610_4/1490679_1771119/lab4_vivado/lab4_vivado.sdk -hwspec X:/Bureau/HDMI_3610/3610_4/1490679_1771119/lab4_vivado/lab4_vivado.sdk/design_1_wrapper.hdf
INFO: [Vivado 12-3157] SDK launch initiated. Please check console for any further messages.
file copy -force X:/Bureau/HDMI_3610/3610_4/1490679_1771119/lab4_vivado/lab4_vivado.runs/impl_1/design_1_wrapper.sysdef X:/Bureau/HDMI_3610/3610_4/1490679_1771119/lab4_vivado/lab4_vivado.sdk/design_1_wrapper.hdf

report_ip_status -name ip_status 
launch_sdk -workspace X:/Bureau/HDMI_3610/3610_4/1490679_1771119/lab4_vivado/lab4_vivado.sdk -hwspec X:/Bureau/HDMI_3610/3610_4/1490679_1771119/lab4_vivado/lab4_vivado.sdk/design_1_wrapper.hdf
INFO: [Vivado 12-393] Launching SDK...
INFO: [Vivado 12-417] Running xsdk -workspace X:/Bureau/HDMI_3610/3610_4/1490679_1771119/lab4_vivado/lab4_vivado.sdk -hwspec X:/Bureau/HDMI_3610/3610_4/1490679_1771119/lab4_vivado/lab4_vivado.sdk/design_1_wrapper.hdf
INFO: [Vivado 12-3157] SDK launch initiated. Please check console for any further messages.
exit
INFO: [Common 17-206] Exiting Vivado at Fri Nov 30 12:49:03 2018...
